2024-11-26 14:19:40.440 [main] INFO  com.umr.apitesting.utils.LoggerUtil - Test Suite initialized
2024-11-26 14:19:40.906 [main] INFO  com.umr.apitesting.utils.LoggerUtil - Successfully initialized workbook: src/main/resources/testdata/TestSuite.xlsx
2024-11-26 14:19:40.952 [main] INFO  com.umr.apitesting.utils.LoggerUtil - Successfully initialized workbook: src/main/resources/testdata/TestSuite.xlsx
2024-11-26 14:19:40.955 [main] INFO  com.umr.apitesting.utils.LoggerUtil - Executing test: TC002
2024-11-26 14:19:40.955 [main] INFO  com.umr.apitesting.utils.LoggerUtil - Test data: https://reqres.in/api/users
2024-11-26 14:19:40.960 [main] INFO  com.umr.apitesting.utils.LoggerUtil - Executing keyword: POST
2024-11-26 14:19:40.961 [main] INFO  com.umr.apitesting.utils.LoggerUtil - Executing keyword: POST
2024-11-26 14:19:41.331 [main] INFO  com.umr.apitesting.utils.LoggerUtil - Making request to: nullnull
2024-11-26 14:19:41.331 [main] INFO  com.umr.apitesting.utils.LoggerUtil - Headers: {}
2024-11-26 14:19:41.332 [main] INFO  com.umr.apitesting.utils.LoggerUtil - Executing POST request to nullnull
2024-11-26 14:19:41.913 [main] ERROR com.umr.apitesting.utils.LoggerUtil - API request failed
java.net.ConnectException: Connection refused: connect
	at sun.nio.ch.Net.connect0(Native Method) ~[?:?]
	at sun.nio.ch.Net.connect(Net.java:589) ~[?:?]
	at sun.nio.ch.Net.connect(Net.java:578) ~[?:?]
	at sun.nio.ch.NioSocketImpl.connect(NioSocketImpl.java:583) ~[?:?]
	at java.net.SocksSocketImpl.connect(SocksSocketImpl.java:327) ~[?:?]
	at java.net.Socket.connect(Socket.java:751) ~[?:?]
	at org.apache.http.conn.scheme.PlainSocketFactory.connectSocket(PlainSocketFactory.java:121) ~[httpclient-4.5.13.jar:4.5.13]
	at org.apache.http.impl.conn.DefaultClientConnectionOperator.openConnection(DefaultClientConnectionOperator.java:180) ~[httpclient-4.5.13.jar:4.5.13]
	at org.apache.http.impl.conn.ManagedClientConnectionImpl.open(ManagedClientConnectionImpl.java:326) ~[httpclient-4.5.13.jar:4.5.13]
	at org.apache.http.impl.client.DefaultRequestDirector.tryConnect(DefaultRequestDirector.java:605) ~[httpclient-4.5.13.jar:4.5.13]
	at org.apache.http.impl.client.DefaultRequestDirector.execute(DefaultRequestDirector.java:440) ~[httpclient-4.5.13.jar:4.5.13]
	at org.apache.http.impl.client.AbstractHttpClient.doExecute(AbstractHttpClient.java:835) ~[httpclient-4.5.13.jar:4.5.13]
	at org.apache.http.impl.client.CloseableHttpClient.execute(CloseableHttpClient.java:83) ~[httpclient-4.5.13.jar:4.5.13]
	at io.restassured.internal.RestAssuredHttpBuilder.doRequest(RestAssuredHttpBuilder.java:141) ~[rest-assured-5.3.0.jar:?]
	at io.restassured.internal.http.HTTPBuilder.post(HTTPBuilder.java:349) ~[rest-assured-5.3.0.jar:?]
	at io.restassured.internal.http.HTTPBuilder$post$2.call(Unknown Source) ~[?:?]
	at org.codehaus.groovy.runtime.callsite.CallSiteArray.defaultCall(CallSiteArray.java:45) ~[groovy-4.0.6.jar:4.0.6]
	at org.codehaus.groovy.runtime.callsite.AbstractCallSite.call(AbstractCallSite.java:125) ~[groovy-4.0.6.jar:4.0.6]
	at org.codehaus.groovy.runtime.callsite.AbstractCallSite.call(AbstractCallSite.java:148) ~[groovy-4.0.6.jar:4.0.6]
	at io.restassured.internal.RequestSpecificationImpl.sendRequest(RequestSpecificationImpl.groovy:1209) ~[rest-assured-5.3.0.jar:?]
	at io.restassured.internal.RequestSpecificationImpl.this$2$sendRequest(RequestSpecificationImpl.groovy) ~[rest-assured-5.3.0.jar:?]
	at jdk.internal.reflect.DirectMethodHandleAccessor.invoke(DirectMethodHandleAccessor.java:103) ~[?:?]
	at java.lang.reflect.Method.invoke(Method.java:580) ~[?:?]
	at org.codehaus.groovy.reflection.CachedMethod.invoke(CachedMethod.java:343) ~[groovy-4.0.6.jar:4.0.6]
	at groovy.lang.MetaMethod.doMethodInvoke(MetaMethod.java:328) ~[groovy-4.0.6.jar:4.0.6]
	at groovy.lang.MetaClassImpl.doInvokeMethod(MetaClassImpl.java:1348) ~[groovy-4.0.6.jar:4.0.6]
	at groovy.lang.MetaClassImpl.invokeMethod(MetaClassImpl.java:1103) ~[groovy-4.0.6.jar:4.0.6]
	at groovy.lang.MetaClassImpl.invokeMethod(MetaClassImpl.java:1009) ~[groovy-4.0.6.jar:4.0.6]
	at groovy.lang.MetaClassImpl.invokeMethod(MetaClassImpl.java:792) ~[groovy-4.0.6.jar:4.0.6]
	at io.restassured.internal.RequestSpecificationImpl.invokeMethod(RequestSpecificationImpl.groovy) ~[rest-assured-5.3.0.jar:?]
	at org.codehaus.groovy.runtime.callsite.PogoInterceptableSite.call(PogoInterceptableSite.java:46) ~[groovy-4.0.6.jar:4.0.6]
	at org.codehaus.groovy.runtime.callsite.CallSiteArray.defaultCall(CallSiteArray.java:45) ~[groovy-4.0.6.jar:4.0.6]
	at org.codehaus.groovy.runtime.callsite.AbstractCallSite.call(AbstractCallSite.java:125) ~[groovy-4.0.6.jar:4.0.6]
	at org.codehaus.groovy.runtime.callsite.AbstractCallSite.call(AbstractCallSite.java:166) ~[groovy-4.0.6.jar:4.0.6]
	at io.restassured.internal.filter.SendRequestFilter.filter(SendRequestFilter.groovy:30) ~[rest-assured-5.3.0.jar:?]
	at io.restassured.filter.Filter$filter.call(Unknown Source) ~[?:?]
	at org.codehaus.groovy.runtime.callsite.CallSiteArray.defaultCall(CallSiteArray.java:45) ~[groovy-4.0.6.jar:4.0.6]
	at io.restassured.filter.Filter$filter$0.call(Unknown Source) ~[?:?]
	at io.restassured.internal.filter.FilterContextImpl.next(FilterContextImpl.groovy:72) ~[rest-assured-5.3.0.jar:?]
	at io.restassured.filter.time.TimingFilter.filter(TimingFilter.java:56) ~[rest-assured-5.3.0.jar:?]
	at io.restassured.filter.Filter$filter$0.call(Unknown Source) ~[?:?]
	at org.codehaus.groovy.runtime.callsite.CallSiteArray.defaultCall(CallSiteArray.java:45) ~[groovy-4.0.6.jar:4.0.6]
	at io.restassured.filter.Filter$filter.call(Unknown Source) ~[?:?]
	at io.restassured.internal.filter.FilterContextImpl.next(FilterContextImpl.groovy:72) ~[rest-assured-5.3.0.jar:?]
	at io.restassured.filter.FilterContext$next.call(Unknown Source) ~[?:?]
	at org.codehaus.groovy.runtime.callsite.CallSiteArray.defaultCall(CallSiteArray.java:45) ~[groovy-4.0.6.jar:4.0.6]
	at org.codehaus.groovy.runtime.callsite.AbstractCallSite.call(AbstractCallSite.java:125) ~[groovy-4.0.6.jar:4.0.6]
	at org.codehaus.groovy.runtime.callsite.AbstractCallSite.call(AbstractCallSite.java:148) ~[groovy-4.0.6.jar:4.0.6]
	at io.restassured.internal.filter.CsrfFilter.filter(CsrfFilter.groovy:70) ~[rest-assured-5.3.0.jar:?]
	at io.restassured.filter.Filter$filter.call(Unknown Source) ~[?:?]
	at org.codehaus.groovy.runtime.callsite.CallSiteArray.defaultCall(CallSiteArray.java:45) ~[groovy-4.0.6.jar:4.0.6]
	at org.codehaus.groovy.runtime.callsite.AbstractCallSite.call(AbstractCallSite.java:125) ~[groovy-4.0.6.jar:4.0.6]
	at org.codehaus.groovy.runtime.callsite.AbstractCallSite.call(AbstractCallSite.java:157) ~[groovy-4.0.6.jar:4.0.6]
	at io.restassured.internal.filter.FilterContextImpl.next(FilterContextImpl.groovy:72) ~[rest-assured-5.3.0.jar:?]
	at io.restassured.filter.FilterContext$next.call(Unknown Source) ~[?:?]
	at org.codehaus.groovy.runtime.callsite.CallSiteArray.defaultCall(CallSiteArray.java:45) ~[groovy-4.0.6.jar:4.0.6]
	at org.codehaus.groovy.runtime.callsite.AbstractCallSite.call(AbstractCallSite.java:125) ~[groovy-4.0.6.jar:4.0.6]
	at org.codehaus.groovy.runtime.callsite.AbstractCallSite.call(AbstractCallSite.java:148) ~[groovy-4.0.6.jar:4.0.6]
	at io.restassured.internal.RequestSpecificationImpl.applyPathParamsAndSendRequest(RequestSpecificationImpl.groovy:1704) ~[rest-assured-5.3.0.jar:?]
	at io.restassured.internal.RequestSpecificationImpl.this$2$applyPathParamsAndSendRequest(RequestSpecificationImpl.groovy) ~[rest-assured-5.3.0.jar:?]
	at jdk.internal.reflect.DirectMethodHandleAccessor.invoke(DirectMethodHandleAccessor.java:103) ~[?:?]
	at java.lang.reflect.Method.invoke(Method.java:580) ~[?:?]
	at org.codehaus.groovy.reflection.CachedMethod.invoke(CachedMethod.java:343) ~[groovy-4.0.6.jar:4.0.6]
	at groovy.lang.MetaMethod.doMethodInvoke(MetaMethod.java:328) ~[groovy-4.0.6.jar:4.0.6]
	at groovy.lang.MetaClassImpl.doInvokeMethod(MetaClassImpl.java:1348) ~[groovy-4.0.6.jar:4.0.6]
	at groovy.lang.MetaClassImpl.invokeMethod(MetaClassImpl.java:1103) ~[groovy-4.0.6.jar:4.0.6]
	at groovy.lang.MetaClassImpl.invokeMethod(MetaClassImpl.java:1009) ~[groovy-4.0.6.jar:4.0.6]
	at groovy.lang.MetaClassImpl.invokeMethod(MetaClassImpl.java:792) ~[groovy-4.0.6.jar:4.0.6]
	at io.restassured.internal.RequestSpecificationImpl.invokeMethod(RequestSpecificationImpl.groovy) ~[rest-assured-5.3.0.jar:?]
	at org.codehaus.groovy.runtime.callsite.PogoInterceptableSite.call(PogoInterceptableSite.java:46) ~[groovy-4.0.6.jar:4.0.6]
	at org.codehaus.groovy.runtime.callsite.PogoInterceptableSite.callCurrent(PogoInterceptableSite.java:57) ~[groovy-4.0.6.jar:4.0.6]
	at org.codehaus.groovy.runtime.callsite.CallSiteArray.defaultCallCurrent(CallSiteArray.java:49) ~[groovy-4.0.6.jar:4.0.6]
	at org.codehaus.groovy.runtime.callsite.AbstractCallSite.callCurrent(AbstractCallSite.java:171) ~[groovy-4.0.6.jar:4.0.6]
	at org.codehaus.groovy.runtime.callsite.AbstractCallSite.callCurrent(AbstractCallSite.java:203) ~[groovy-4.0.6.jar:4.0.6]
	at io.restassured.internal.RequestSpecificationImpl.applyPathParamsAndSendRequest(RequestSpecificationImpl.groovy:1710) ~[rest-assured-5.3.0.jar:?]
	at io.restassured.internal.RequestSpecificationImpl.this$2$applyPathParamsAndSendRequest(RequestSpecificationImpl.groovy) ~[rest-assured-5.3.0.jar:?]
	at jdk.internal.reflect.DirectMethodHandleAccessor.invoke(DirectMethodHandleAccessor.java:103) ~[?:?]
	at java.lang.reflect.Method.invoke(Method.java:580) ~[?:?]
	at org.codehaus.groovy.reflection.CachedMethod.invoke(CachedMethod.java:343) ~[groovy-4.0.6.jar:4.0.6]
	at groovy.lang.MetaMethod.doMethodInvoke(MetaMethod.java:328) ~[groovy-4.0.6.jar:4.0.6]
	at groovy.lang.MetaClassImpl.doInvokeMethod(MetaClassImpl.java:1348) ~[groovy-4.0.6.jar:4.0.6]
	at groovy.lang.MetaClassImpl.invokeMethod(MetaClassImpl.java:1103) ~[groovy-4.0.6.jar:4.0.6]
	at groovy.lang.MetaClassImpl.invokeMethod(MetaClassImpl.java:1009) ~[groovy-4.0.6.jar:4.0.6]
	at groovy.lang.MetaClassImpl.invokeMethod(MetaClassImpl.java:792) ~[groovy-4.0.6.jar:4.0.6]
	at io.restassured.internal.RequestSpecificationImpl.invokeMethod(RequestSpecificationImpl.groovy) ~[rest-assured-5.3.0.jar:?]
	at org.codehaus.groovy.runtime.callsite.PogoInterceptableSite.call(PogoInterceptableSite.java:46) ~[groovy-4.0.6.jar:4.0.6]
	at org.codehaus.groovy.runtime.callsite.PogoInterceptableSite.callCurrent(PogoInterceptableSite.java:57) ~[groovy-4.0.6.jar:4.0.6]
	at org.codehaus.groovy.runtime.callsite.CallSiteArray.defaultCallCurrent(CallSiteArray.java:49) ~[groovy-4.0.6.jar:4.0.6]
	at org.codehaus.groovy.runtime.callsite.AbstractCallSite.callCurrent(AbstractCallSite.java:171) ~[groovy-4.0.6.jar:4.0.6]
	at org.codehaus.groovy.runtime.callsite.AbstractCallSite.callCurrent(AbstractCallSite.java:203) ~[groovy-4.0.6.jar:4.0.6]
	at io.restassured.internal.RequestSpecificationImpl.post(RequestSpecificationImpl.groovy:176) ~[rest-assured-5.3.0.jar:?]
	at io.restassured.internal.RequestSpecificationImpl.post(RequestSpecificationImpl.groovy) ~[rest-assured-5.3.0.jar:?]
	at com.umr.apitesting.core.http.RestClientBuilder.execute(RestClientBuilder.java:79) ~[classes/:?]
	at com.umr.apitesting.keywords.BaseKeywords.executePost(BaseKeywords.java:44) ~[classes/:?]
	at jdk.internal.reflect.DirectMethodHandleAccessor.invoke(DirectMethodHandleAccessor.java:103) ~[?:?]
	at java.lang.reflect.Method.invoke(Method.java:580) ~[?:?]
	at com.umr.apitesting.core.executor.KeywordExecutor.executeKeyword(KeywordExecutor.java:39) ~[classes/:?]
	at com.umr.apitesting.core.executor.TestExecutor.executeTest(TestExecutor.java:36) ~[classes/:?]
	at com.umr.apitesting.test.PracticalApiTest.testCreateUser(PracticalApiTest.java:26) ~[test-classes/:?]
	at jdk.internal.reflect.DirectMethodHandleAccessor.invoke(DirectMethodHandleAccessor.java:103) ~[?:?]
	at java.lang.reflect.Method.invoke(Method.java:580) ~[?:?]
	at org.testng.internal.invokers.MethodInvocationHelper.invokeMethod(MethodInvocationHelper.java:139) ~[testng-7.7.1.jar:7.7.1]
	at org.testng.internal.invokers.TestInvoker.invokeMethod(TestInvoker.java:677) ~[testng-7.7.1.jar:7.7.1]
	at org.testng.internal.invokers.TestInvoker.invokeTestMethod(TestInvoker.java:221) ~[testng-7.7.1.jar:7.7.1]
	at org.testng.internal.invokers.MethodRunner.runInSequence(MethodRunner.java:50) ~[testng-7.7.1.jar:7.7.1]
	at org.testng.internal.invokers.TestInvoker$MethodInvocationAgent.invoke(TestInvoker.java:969) ~[testng-7.7.1.jar:7.7.1]
	at org.testng.internal.invokers.TestInvoker.invokeTestMethods(TestInvoker.java:194) ~[testng-7.7.1.jar:7.7.1]
	at org.testng.internal.invokers.TestMethodWorker.invokeTestMethods(TestMethodWorker.java:148) ~[testng-7.7.1.jar:7.7.1]
	at org.testng.internal.invokers.TestMethodWorker.run(TestMethodWorker.java:128) ~[testng-7.7.1.jar:7.7.1]
	at java.util.ArrayList.forEach(ArrayList.java:1596) [?:?]
	at org.testng.TestRunner.privateRun(TestRunner.java:829) [testng-7.7.1.jar:7.7.1]
	at org.testng.TestRunner.run(TestRunner.java:602) [testng-7.7.1.jar:7.7.1]
	at org.testng.SuiteRunner.runTest(SuiteRunner.java:437) [testng-7.7.1.jar:7.7.1]
	at org.testng.SuiteRunner.runSequentially(SuiteRunner.java:431) [testng-7.7.1.jar:7.7.1]
	at org.testng.SuiteRunner.privateRun(SuiteRunner.java:391) [testng-7.7.1.jar:7.7.1]
	at org.testng.SuiteRunner.run(SuiteRunner.java:330) [testng-7.7.1.jar:7.7.1]
	at org.testng.SuiteRunnerWorker.runSuite(SuiteRunnerWorker.java:52) [testng-7.7.1.jar:7.7.1]
	at org.testng.SuiteRunnerWorker.run(SuiteRunnerWorker.java:95) [testng-7.7.1.jar:7.7.1]
	at org.testng.TestNG.runSuitesSequentially(TestNG.java:1256) [testng-7.7.1.jar:7.7.1]
	at org.testng.TestNG.runSuitesLocally(TestNG.java:1176) [testng-7.7.1.jar:7.7.1]
	at org.testng.TestNG.runSuites(TestNG.java:1099) [testng-7.7.1.jar:7.7.1]
	at org.testng.TestNG.run(TestNG.java:1067) [testng-7.7.1.jar:7.7.1]
	at org.testng.remote.AbstractRemoteTestNG.run(AbstractRemoteTestNG.java:115) [testng-remote.jar:?]
	at org.testng.remote.RemoteTestNG.initAndRun(RemoteTestNG.java:293) [testng-remote.jar:?]
	at org.testng.remote.RemoteTestNG.main(RemoteTestNG.java:91) [testng-remote.jar:?]
2024-11-26 14:19:41.920 [main] ERROR com.umr.apitesting.utils.LoggerUtil - POST request failed
java.lang.RuntimeException: API request failed
	at com.umr.apitesting.core.http.RestClientBuilder.execute(RestClientBuilder.java:92) ~[classes/:?]
	at com.umr.apitesting.keywords.BaseKeywords.executePost(BaseKeywords.java:44) ~[classes/:?]
	at jdk.internal.reflect.DirectMethodHandleAccessor.invoke(DirectMethodHandleAccessor.java:103) ~[?:?]
	at java.lang.reflect.Method.invoke(Method.java:580) ~[?:?]
	at com.umr.apitesting.core.executor.KeywordExecutor.executeKeyword(KeywordExecutor.java:39) ~[classes/:?]
	at com.umr.apitesting.core.executor.TestExecutor.executeTest(TestExecutor.java:36) ~[classes/:?]
	at com.umr.apitesting.test.PracticalApiTest.testCreateUser(PracticalApiTest.java:26) ~[test-classes/:?]
	at jdk.internal.reflect.DirectMethodHandleAccessor.invoke(DirectMethodHandleAccessor.java:103) ~[?:?]
	at java.lang.reflect.Method.invoke(Method.java:580) ~[?:?]
	at org.testng.internal.invokers.MethodInvocationHelper.invokeMethod(MethodInvocationHelper.java:139) ~[testng-7.7.1.jar:7.7.1]
	at org.testng.internal.invokers.TestInvoker.invokeMethod(TestInvoker.java:677) ~[testng-7.7.1.jar:7.7.1]
	at org.testng.internal.invokers.TestInvoker.invokeTestMethod(TestInvoker.java:221) ~[testng-7.7.1.jar:7.7.1]
	at org.testng.internal.invokers.MethodRunner.runInSequence(MethodRunner.java:50) ~[testng-7.7.1.jar:7.7.1]
	at org.testng.internal.invokers.TestInvoker$MethodInvocationAgent.invoke(TestInvoker.java:969) ~[testng-7.7.1.jar:7.7.1]
	at org.testng.internal.invokers.TestInvoker.invokeTestMethods(TestInvoker.java:194) ~[testng-7.7.1.jar:7.7.1]
	at org.testng.internal.invokers.TestMethodWorker.invokeTestMethods(TestMethodWorker.java:148) ~[testng-7.7.1.jar:7.7.1]
	at org.testng.internal.invokers.TestMethodWorker.run(TestMethodWorker.java:128) ~[testng-7.7.1.jar:7.7.1]
	at java.util.ArrayList.forEach(ArrayList.java:1596) [?:?]
	at org.testng.TestRunner.privateRun(TestRunner.java:829) [testng-7.7.1.jar:7.7.1]
	at org.testng.TestRunner.run(TestRunner.java:602) [testng-7.7.1.jar:7.7.1]
	at org.testng.SuiteRunner.runTest(SuiteRunner.java:437) [testng-7.7.1.jar:7.7.1]
	at org.testng.SuiteRunner.runSequentially(SuiteRunner.java:431) [testng-7.7.1.jar:7.7.1]
	at org.testng.SuiteRunner.privateRun(SuiteRunner.java:391) [testng-7.7.1.jar:7.7.1]
	at org.testng.SuiteRunner.run(SuiteRunner.java:330) [testng-7.7.1.jar:7.7.1]
	at org.testng.SuiteRunnerWorker.runSuite(SuiteRunnerWorker.java:52) [testng-7.7.1.jar:7.7.1]
	at org.testng.SuiteRunnerWorker.run(SuiteRunnerWorker.java:95) [testng-7.7.1.jar:7.7.1]
	at org.testng.TestNG.runSuitesSequentially(TestNG.java:1256) [testng-7.7.1.jar:7.7.1]
	at org.testng.TestNG.runSuitesLocally(TestNG.java:1176) [testng-7.7.1.jar:7.7.1]
	at org.testng.TestNG.runSuites(TestNG.java:1099) [testng-7.7.1.jar:7.7.1]
	at org.testng.TestNG.run(TestNG.java:1067) [testng-7.7.1.jar:7.7.1]
	at org.testng.remote.AbstractRemoteTestNG.run(AbstractRemoteTestNG.java:115) [testng-remote.jar:?]
	at org.testng.remote.RemoteTestNG.initAndRun(RemoteTestNG.java:293) [testng-remote.jar:?]
	at org.testng.remote.RemoteTestNG.main(RemoteTestNG.java:91) [testng-remote.jar:?]
Caused by: java.net.ConnectException: Connection refused: connect
	at sun.nio.ch.Net.connect0(Native Method) ~[?:?]
	at sun.nio.ch.Net.connect(Net.java:589) ~[?:?]
	at sun.nio.ch.Net.connect(Net.java:578) ~[?:?]
	at sun.nio.ch.NioSocketImpl.connect(NioSocketImpl.java:583) ~[?:?]
	at java.net.SocksSocketImpl.connect(SocksSocketImpl.java:327) ~[?:?]
	at java.net.Socket.connect(Socket.java:751) ~[?:?]
	at org.apache.http.conn.scheme.PlainSocketFactory.connectSocket(PlainSocketFactory.java:121) ~[httpclient-4.5.13.jar:4.5.13]
	at org.apache.http.impl.conn.DefaultClientConnectionOperator.openConnection(DefaultClientConnectionOperator.java:180) ~[httpclient-4.5.13.jar:4.5.13]
	at org.apache.http.impl.conn.ManagedClientConnectionImpl.open(ManagedClientConnectionImpl.java:326) ~[httpclient-4.5.13.jar:4.5.13]
	at org.apache.http.impl.client.DefaultRequestDirector.tryConnect(DefaultRequestDirector.java:605) ~[httpclient-4.5.13.jar:4.5.13]
	at org.apache.http.impl.client.DefaultRequestDirector.execute(DefaultRequestDirector.java:440) ~[httpclient-4.5.13.jar:4.5.13]
	at org.apache.http.impl.client.AbstractHttpClient.doExecute(AbstractHttpClient.java:835) ~[httpclient-4.5.13.jar:4.5.13]
	at org.apache.http.impl.client.CloseableHttpClient.execute(CloseableHttpClient.java:83) ~[httpclient-4.5.13.jar:4.5.13]
	at io.restassured.internal.RestAssuredHttpBuilder.doRequest(RestAssuredHttpBuilder.java:141) ~[rest-assured-5.3.0.jar:?]
	at io.restassured.internal.http.HTTPBuilder.post(HTTPBuilder.java:349) ~[rest-assured-5.3.0.jar:?]
	at io.restassured.internal.http.HTTPBuilder$post$2.call(Unknown Source) ~[?:?]
	at org.codehaus.groovy.runtime.callsite.CallSiteArray.defaultCall(CallSiteArray.java:45) ~[groovy-4.0.6.jar:4.0.6]
	at org.codehaus.groovy.runtime.callsite.AbstractCallSite.call(AbstractCallSite.java:125) ~[groovy-4.0.6.jar:4.0.6]
	at org.codehaus.groovy.runtime.callsite.AbstractCallSite.call(AbstractCallSite.java:148) ~[groovy-4.0.6.jar:4.0.6]
	at io.restassured.internal.RequestSpecificationImpl.sendRequest(RequestSpecificationImpl.groovy:1209) ~[rest-assured-5.3.0.jar:?]
	at io.restassured.internal.RequestSpecificationImpl.this$2$sendRequest(RequestSpecificationImpl.groovy) ~[rest-assured-5.3.0.jar:?]
	at jdk.internal.reflect.DirectMethodHandleAccessor.invoke(DirectMethodHandleAccessor.java:103) ~[?:?]
	at java.lang.reflect.Method.invoke(Method.java:580) ~[?:?]
	at org.codehaus.groovy.reflection.CachedMethod.invoke(CachedMethod.java:343) ~[groovy-4.0.6.jar:4.0.6]
	at groovy.lang.MetaMethod.doMethodInvoke(MetaMethod.java:328) ~[groovy-4.0.6.jar:4.0.6]
	at groovy.lang.MetaClassImpl.doInvokeMethod(MetaClassImpl.java:1348) ~[groovy-4.0.6.jar:4.0.6]
	at groovy.lang.MetaClassImpl.invokeMethod(MetaClassImpl.java:1103) ~[groovy-4.0.6.jar:4.0.6]
	at groovy.lang.MetaClassImpl.invokeMethod(MetaClassImpl.java:1009) ~[groovy-4.0.6.jar:4.0.6]
	at groovy.lang.MetaClassImpl.invokeMethod(MetaClassImpl.java:792) ~[groovy-4.0.6.jar:4.0.6]
	at io.restassured.internal.RequestSpecificationImpl.invokeMethod(RequestSpecificationImpl.groovy) ~[rest-assured-5.3.0.jar:?]
	at org.codehaus.groovy.runtime.callsite.PogoInterceptableSite.call(PogoInterceptableSite.java:46) ~[groovy-4.0.6.jar:4.0.6]
	at org.codehaus.groovy.runtime.callsite.CallSiteArray.defaultCall(CallSiteArray.java:45) ~[groovy-4.0.6.jar:4.0.6]
	at org.codehaus.groovy.runtime.callsite.AbstractCallSite.call(AbstractCallSite.java:125) ~[groovy-4.0.6.jar:4.0.6]
	at org.codehaus.groovy.runtime.callsite.AbstractCallSite.call(AbstractCallSite.java:166) ~[groovy-4.0.6.jar:4.0.6]
	at io.restassured.internal.filter.SendRequestFilter.filter(SendRequestFilter.groovy:30) ~[rest-assured-5.3.0.jar:?]
	at io.restassured.filter.Filter$filter.call(Unknown Source) ~[?:?]
	at org.codehaus.groovy.runtime.callsite.CallSiteArray.defaultCall(CallSiteArray.java:45) ~[groovy-4.0.6.jar:4.0.6]
	at io.restassured.filter.Filter$filter$0.call(Unknown Source) ~[?:?]
	at io.restassured.internal.filter.FilterContextImpl.next(FilterContextImpl.groovy:72) ~[rest-assured-5.3.0.jar:?]
	at io.restassured.filter.time.TimingFilter.filter(TimingFilter.java:56) ~[rest-assured-5.3.0.jar:?]
	at io.restassured.filter.Filter$filter$0.call(Unknown Source) ~[?:?]
	at org.codehaus.groovy.runtime.callsite.CallSiteArray.defaultCall(CallSiteArray.java:45) ~[groovy-4.0.6.jar:4.0.6]
	at io.restassured.filter.Filter$filter.call(Unknown Source) ~[?:?]
	at io.restassured.internal.filter.FilterContextImpl.next(FilterContextImpl.groovy:72) ~[rest-assured-5.3.0.jar:?]
	at io.restassured.filter.FilterContext$next.call(Unknown Source) ~[?:?]
	at org.codehaus.groovy.runtime.callsite.CallSiteArray.defaultCall(CallSiteArray.java:45) ~[groovy-4.0.6.jar:4.0.6]
	at org.codehaus.groovy.runtime.callsite.AbstractCallSite.call(AbstractCallSite.java:125) ~[groovy-4.0.6.jar:4.0.6]
	at org.codehaus.groovy.runtime.callsite.AbstractCallSite.call(AbstractCallSite.java:148) ~[groovy-4.0.6.jar:4.0.6]
	at io.restassured.internal.filter.CsrfFilter.filter(CsrfFilter.groovy:70) ~[rest-assured-5.3.0.jar:?]
	at io.restassured.filter.Filter$filter.call(Unknown Source) ~[?:?]
	at org.codehaus.groovy.runtime.callsite.CallSiteArray.defaultCall(CallSiteArray.java:45) ~[groovy-4.0.6.jar:4.0.6]
	at org.codehaus.groovy.runtime.callsite.AbstractCallSite.call(AbstractCallSite.java:125) ~[groovy-4.0.6.jar:4.0.6]
	at org.codehaus.groovy.runtime.callsite.AbstractCallSite.call(AbstractCallSite.java:157) ~[groovy-4.0.6.jar:4.0.6]
	at io.restassured.internal.filter.FilterContextImpl.next(FilterContextImpl.groovy:72) ~[rest-assured-5.3.0.jar:?]
	at io.restassured.filter.FilterContext$next.call(Unknown Source) ~[?:?]
	at org.codehaus.groovy.runtime.callsite.CallSiteArray.defaultCall(CallSiteArray.java:45) ~[groovy-4.0.6.jar:4.0.6]
	at org.codehaus.groovy.runtime.callsite.AbstractCallSite.call(AbstractCallSite.java:125) ~[groovy-4.0.6.jar:4.0.6]
	at org.codehaus.groovy.runtime.callsite.AbstractCallSite.call(AbstractCallSite.java:148) ~[groovy-4.0.6.jar:4.0.6]
	at io.restassured.internal.RequestSpecificationImpl.applyPathParamsAndSendRequest(RequestSpecificationImpl.groovy:1704) ~[rest-assured-5.3.0.jar:?]
	at io.restassured.internal.RequestSpecificationImpl.this$2$applyPathParamsAndSendRequest(RequestSpecificationImpl.groovy) ~[rest-assured-5.3.0.jar:?]
	at jdk.internal.reflect.DirectMethodHandleAccessor.invoke(DirectMethodHandleAccessor.java:103) ~[?:?]
	at java.lang.reflect.Method.invoke(Method.java:580) ~[?:?]
	at org.codehaus.groovy.reflection.CachedMethod.invoke(CachedMethod.java:343) ~[groovy-4.0.6.jar:4.0.6]
	at groovy.lang.MetaMethod.doMethodInvoke(MetaMethod.java:328) ~[groovy-4.0.6.jar:4.0.6]
	at groovy.lang.MetaClassImpl.doInvokeMethod(MetaClassImpl.java:1348) ~[groovy-4.0.6.jar:4.0.6]
	at groovy.lang.MetaClassImpl.invokeMethod(MetaClassImpl.java:1103) ~[groovy-4.0.6.jar:4.0.6]
	at groovy.lang.MetaClassImpl.invokeMethod(MetaClassImpl.java:1009) ~[groovy-4.0.6.jar:4.0.6]
	at groovy.lang.MetaClassImpl.invokeMethod(MetaClassImpl.java:792) ~[groovy-4.0.6.jar:4.0.6]
	at io.restassured.internal.RequestSpecificationImpl.invokeMethod(RequestSpecificationImpl.groovy) ~[rest-assured-5.3.0.jar:?]
	at org.codehaus.groovy.runtime.callsite.PogoInterceptableSite.call(PogoInterceptableSite.java:46) ~[groovy-4.0.6.jar:4.0.6]
	at org.codehaus.groovy.runtime.callsite.PogoInterceptableSite.callCurrent(PogoInterceptableSite.java:57) ~[groovy-4.0.6.jar:4.0.6]
	at org.codehaus.groovy.runtime.callsite.CallSiteArray.defaultCallCurrent(CallSiteArray.java:49) ~[groovy-4.0.6.jar:4.0.6]
	at org.codehaus.groovy.runtime.callsite.AbstractCallSite.callCurrent(AbstractCallSite.java:171) ~[groovy-4.0.6.jar:4.0.6]
	at org.codehaus.groovy.runtime.callsite.AbstractCallSite.callCurrent(AbstractCallSite.java:203) ~[groovy-4.0.6.jar:4.0.6]
	at io.restassured.internal.RequestSpecificationImpl.applyPathParamsAndSendRequest(RequestSpecificationImpl.groovy:1710) ~[rest-assured-5.3.0.jar:?]
	at io.restassured.internal.RequestSpecificationImpl.this$2$applyPathParamsAndSendRequest(RequestSpecificationImpl.groovy) ~[rest-assured-5.3.0.jar:?]
	at jdk.internal.reflect.DirectMethodHandleAccessor.invoke(DirectMethodHandleAccessor.java:103) ~[?:?]
	at java.lang.reflect.Method.invoke(Method.java:580) ~[?:?]
	at org.codehaus.groovy.reflection.CachedMethod.invoke(CachedMethod.java:343) ~[groovy-4.0.6.jar:4.0.6]
	at groovy.lang.MetaMethod.doMethodInvoke(MetaMethod.java:328) ~[groovy-4.0.6.jar:4.0.6]
	at groovy.lang.MetaClassImpl.doInvokeMethod(MetaClassImpl.java:1348) ~[groovy-4.0.6.jar:4.0.6]
	at groovy.lang.MetaClassImpl.invokeMethod(MetaClassImpl.java:1103) ~[groovy-4.0.6.jar:4.0.6]
	at groovy.lang.MetaClassImpl.invokeMethod(MetaClassImpl.java:1009) ~[groovy-4.0.6.jar:4.0.6]
	at groovy.lang.MetaClassImpl.invokeMethod(MetaClassImpl.java:792) ~[groovy-4.0.6.jar:4.0.6]
	at io.restassured.internal.RequestSpecificationImpl.invokeMethod(RequestSpecificationImpl.groovy) ~[rest-assured-5.3.0.jar:?]
	at org.codehaus.groovy.runtime.callsite.PogoInterceptableSite.call(PogoInterceptableSite.java:46) ~[groovy-4.0.6.jar:4.0.6]
	at org.codehaus.groovy.runtime.callsite.PogoInterceptableSite.callCurrent(PogoInterceptableSite.java:57) ~[groovy-4.0.6.jar:4.0.6]
	at org.codehaus.groovy.runtime.callsite.CallSiteArray.defaultCallCurrent(CallSiteArray.java:49) ~[groovy-4.0.6.jar:4.0.6]
	at org.codehaus.groovy.runtime.callsite.AbstractCallSite.callCurrent(AbstractCallSite.java:171) ~[groovy-4.0.6.jar:4.0.6]
	at org.codehaus.groovy.runtime.callsite.AbstractCallSite.callCurrent(AbstractCallSite.java:203) ~[groovy-4.0.6.jar:4.0.6]
	at io.restassured.internal.RequestSpecificationImpl.post(RequestSpecificationImpl.groovy:176) ~[rest-assured-5.3.0.jar:?]
	at io.restassured.internal.RequestSpecificationImpl.post(RequestSpecificationImpl.groovy) ~[rest-assured-5.3.0.jar:?]
	at com.umr.apitesting.core.http.RestClientBuilder.execute(RestClientBuilder.java:79) ~[classes/:?]
	... 32 more
2024-11-26 14:19:41.922 [main] ERROR com.umr.apitesting.utils.LoggerUtil - Keyword execution failed: POST
2024-11-26 14:19:41.922 [main] ERROR com.umr.apitesting.utils.LoggerUtil - Test execution failed: TC002
java.lang.RuntimeException: Test failed at keyword: POST
	at com.umr.apitesting.core.executor.TestExecutor.executeTest(TestExecutor.java:39) ~[classes/:?]
	at com.umr.apitesting.test.PracticalApiTest.testCreateUser(PracticalApiTest.java:26) ~[test-classes/:?]
	at jdk.internal.reflect.DirectMethodHandleAccessor.invoke(DirectMethodHandleAccessor.java:103) ~[?:?]
	at java.lang.reflect.Method.invoke(Method.java:580) ~[?:?]
	at org.testng.internal.invokers.MethodInvocationHelper.invokeMethod(MethodInvocationHelper.java:139) ~[testng-7.7.1.jar:7.7.1]
	at org.testng.internal.invokers.TestInvoker.invokeMethod(TestInvoker.java:677) ~[testng-7.7.1.jar:7.7.1]
	at org.testng.internal.invokers.TestInvoker.invokeTestMethod(TestInvoker.java:221) ~[testng-7.7.1.jar:7.7.1]
	at org.testng.internal.invokers.MethodRunner.runInSequence(MethodRunner.java:50) ~[testng-7.7.1.jar:7.7.1]
	at org.testng.internal.invokers.TestInvoker$MethodInvocationAgent.invoke(TestInvoker.java:969) ~[testng-7.7.1.jar:7.7.1]
	at org.testng.internal.invokers.TestInvoker.invokeTestMethods(TestInvoker.java:194) ~[testng-7.7.1.jar:7.7.1]
	at org.testng.internal.invokers.TestMethodWorker.invokeTestMethods(TestMethodWorker.java:148) ~[testng-7.7.1.jar:7.7.1]
	at org.testng.internal.invokers.TestMethodWorker.run(TestMethodWorker.java:128) ~[testng-7.7.1.jar:7.7.1]
	at java.util.ArrayList.forEach(ArrayList.java:1596) [?:?]
	at org.testng.TestRunner.privateRun(TestRunner.java:829) [testng-7.7.1.jar:7.7.1]
	at org.testng.TestRunner.run(TestRunner.java:602) [testng-7.7.1.jar:7.7.1]
	at org.testng.SuiteRunner.runTest(SuiteRunner.java:437) [testng-7.7.1.jar:7.7.1]
	at org.testng.SuiteRunner.runSequentially(SuiteRunner.java:431) [testng-7.7.1.jar:7.7.1]
	at org.testng.SuiteRunner.privateRun(SuiteRunner.java:391) [testng-7.7.1.jar:7.7.1]
	at org.testng.SuiteRunner.run(SuiteRunner.java:330) [testng-7.7.1.jar:7.7.1]
	at org.testng.SuiteRunnerWorker.runSuite(SuiteRunnerWorker.java:52) [testng-7.7.1.jar:7.7.1]
	at org.testng.SuiteRunnerWorker.run(SuiteRunnerWorker.java:95) [testng-7.7.1.jar:7.7.1]
	at org.testng.TestNG.runSuitesSequentially(TestNG.java:1256) [testng-7.7.1.jar:7.7.1]
	at org.testng.TestNG.runSuitesLocally(TestNG.java:1176) [testng-7.7.1.jar:7.7.1]
	at org.testng.TestNG.runSuites(TestNG.java:1099) [testng-7.7.1.jar:7.7.1]
	at org.testng.TestNG.run(TestNG.java:1067) [testng-7.7.1.jar:7.7.1]
	at org.testng.remote.AbstractRemoteTestNG.run(AbstractRemoteTestNG.java:115) [testng-remote.jar:?]
	at org.testng.remote.RemoteTestNG.initAndRun(RemoteTestNG.java:293) [testng-remote.jar:?]
	at org.testng.remote.RemoteTestNG.main(RemoteTestNG.java:91) [testng-remote.jar:?]
2024-11-26 14:19:41.966 [main] INFO  com.umr.apitesting.utils.LoggerUtil - Successfully initialized workbook: src/main/resources/testdata/TestSuite.xlsx
2024-11-26 14:19:41.999 [main] INFO  com.umr.apitesting.utils.LoggerUtil - Successfully initialized workbook: src/main/resources/testdata/TestSuite.xlsx
2024-11-26 14:19:42.001 [main] INFO  com.umr.apitesting.utils.LoggerUtil - Executing test: TC004
2024-11-26 14:19:42.001 [main] INFO  com.umr.apitesting.utils.LoggerUtil - Test data: https://restcountries.com/v3.1/name/germany
2024-11-26 14:19:42.001 [main] INFO  com.umr.apitesting.utils.LoggerUtil - Executing keyword: GET
2024-11-26 14:19:42.001 [main] INFO  com.umr.apitesting.utils.LoggerUtil - Executing keyword: GET
2024-11-26 14:19:42.002 [main] INFO  com.umr.apitesting.utils.LoggerUtil - Making request to: https://restcountries.com/v3.1/name/germany
2024-11-26 14:19:42.002 [main] INFO  com.umr.apitesting.utils.LoggerUtil - Headers: {Content-Type=application/json}
2024-11-26 14:19:42.002 [main] INFO  com.umr.apitesting.utils.LoggerUtil - Executing GET request to https://restcountries.com/v3.1/name/germany
2024-11-26 14:19:42.374 [main] INFO  com.umr.apitesting.utils.LoggerUtil - Response Status: 200
2024-11-26 14:19:42.374 [main] INFO  com.umr.apitesting.utils.LoggerUtil - Executing keyword: VERIFY_STATUS
2024-11-26 14:19:42.374 [main] INFO  com.umr.apitesting.utils.LoggerUtil - Executing keyword: VERIFY_STATUS
2024-11-26 14:19:42.375 [main] ERROR com.umr.apitesting.utils.LoggerUtil - Failed to execute keyword: VERIFY_STATUS
java.lang.reflect.InvocationTargetException: null
	at jdk.internal.reflect.DirectMethodHandleAccessor.invoke(DirectMethodHandleAccessor.java:115) ~[?:?]
	at java.lang.reflect.Method.invoke(Method.java:580) ~[?:?]
	at com.umr.apitesting.core.executor.KeywordExecutor.executeKeyword(KeywordExecutor.java:39) ~[classes/:?]
	at com.umr.apitesting.core.executor.TestExecutor.executeTest(TestExecutor.java:36) ~[classes/:?]
	at com.umr.apitesting.test.PracticalApiTest.testGetCountry(PracticalApiTest.java:36) ~[test-classes/:?]
	at jdk.internal.reflect.DirectMethodHandleAccessor.invoke(DirectMethodHandleAccessor.java:103) ~[?:?]
	at java.lang.reflect.Method.invoke(Method.java:580) ~[?:?]
	at org.testng.internal.invokers.MethodInvocationHelper.invokeMethod(MethodInvocationHelper.java:139) ~[testng-7.7.1.jar:7.7.1]
	at org.testng.internal.invokers.TestInvoker.invokeMethod(TestInvoker.java:677) ~[testng-7.7.1.jar:7.7.1]
	at org.testng.internal.invokers.TestInvoker.invokeTestMethod(TestInvoker.java:221) ~[testng-7.7.1.jar:7.7.1]
	at org.testng.internal.invokers.MethodRunner.runInSequence(MethodRunner.java:50) ~[testng-7.7.1.jar:7.7.1]
	at org.testng.internal.invokers.TestInvoker$MethodInvocationAgent.invoke(TestInvoker.java:969) ~[testng-7.7.1.jar:7.7.1]
	at org.testng.internal.invokers.TestInvoker.invokeTestMethods(TestInvoker.java:194) ~[testng-7.7.1.jar:7.7.1]
	at org.testng.internal.invokers.TestMethodWorker.invokeTestMethods(TestMethodWorker.java:148) ~[testng-7.7.1.jar:7.7.1]
	at org.testng.internal.invokers.TestMethodWorker.run(TestMethodWorker.java:128) ~[testng-7.7.1.jar:7.7.1]
	at java.util.ArrayList.forEach(ArrayList.java:1596) [?:?]
	at org.testng.TestRunner.privateRun(TestRunner.java:829) [testng-7.7.1.jar:7.7.1]
	at org.testng.TestRunner.run(TestRunner.java:602) [testng-7.7.1.jar:7.7.1]
	at org.testng.SuiteRunner.runTest(SuiteRunner.java:437) [testng-7.7.1.jar:7.7.1]
	at org.testng.SuiteRunner.runSequentially(SuiteRunner.java:431) [testng-7.7.1.jar:7.7.1]
	at org.testng.SuiteRunner.privateRun(SuiteRunner.java:391) [testng-7.7.1.jar:7.7.1]
	at org.testng.SuiteRunner.run(SuiteRunner.java:330) [testng-7.7.1.jar:7.7.1]
	at org.testng.SuiteRunnerWorker.runSuite(SuiteRunnerWorker.java:52) [testng-7.7.1.jar:7.7.1]
	at org.testng.SuiteRunnerWorker.run(SuiteRunnerWorker.java:95) [testng-7.7.1.jar:7.7.1]
	at org.testng.TestNG.runSuitesSequentially(TestNG.java:1256) [testng-7.7.1.jar:7.7.1]
	at org.testng.TestNG.runSuitesLocally(TestNG.java:1176) [testng-7.7.1.jar:7.7.1]
	at org.testng.TestNG.runSuites(TestNG.java:1099) [testng-7.7.1.jar:7.7.1]
	at org.testng.TestNG.run(TestNG.java:1067) [testng-7.7.1.jar:7.7.1]
	at org.testng.remote.AbstractRemoteTestNG.run(AbstractRemoteTestNG.java:115) [testng-remote.jar:?]
	at org.testng.remote.RemoteTestNG.initAndRun(RemoteTestNG.java:293) [testng-remote.jar:?]
	at org.testng.remote.RemoteTestNG.main(RemoteTestNG.java:91) [testng-remote.jar:?]
Caused by: java.lang.NullPointerException: Cannot invoke "Object.toString()" because the return value of "com.umr.apitesting.core.context.TestContext.getTestData(String)" is null
	at com.umr.apitesting.keywords.BaseKeywords.verifyStatus(BaseKeywords.java:57) ~[classes/:?]
	at jdk.internal.reflect.DirectMethodHandleAccessor.invoke(DirectMethodHandleAccessor.java:103) ~[?:?]
	... 30 more
2024-11-26 14:19:42.377 [main] ERROR com.umr.apitesting.utils.LoggerUtil - Keyword execution failed: VERIFY_STATUS
2024-11-26 14:19:42.377 [main] ERROR com.umr.apitesting.utils.LoggerUtil - Test execution failed: TC004
java.lang.RuntimeException: Test failed at keyword: VERIFY_STATUS
	at com.umr.apitesting.core.executor.TestExecutor.executeTest(TestExecutor.java:39) ~[classes/:?]
	at com.umr.apitesting.test.PracticalApiTest.testGetCountry(PracticalApiTest.java:36) ~[test-classes/:?]
	at jdk.internal.reflect.DirectMethodHandleAccessor.invoke(DirectMethodHandleAccessor.java:103) ~[?:?]
	at java.lang.reflect.Method.invoke(Method.java:580) ~[?:?]
	at org.testng.internal.invokers.MethodInvocationHelper.invokeMethod(MethodInvocationHelper.java:139) ~[testng-7.7.1.jar:7.7.1]
	at org.testng.internal.invokers.TestInvoker.invokeMethod(TestInvoker.java:677) ~[testng-7.7.1.jar:7.7.1]
	at org.testng.internal.invokers.TestInvoker.invokeTestMethod(TestInvoker.java:221) ~[testng-7.7.1.jar:7.7.1]
	at org.testng.internal.invokers.MethodRunner.runInSequence(MethodRunner.java:50) ~[testng-7.7.1.jar:7.7.1]
	at org.testng.internal.invokers.TestInvoker$MethodInvocationAgent.invoke(TestInvoker.java:969) ~[testng-7.7.1.jar:7.7.1]
	at org.testng.internal.invokers.TestInvoker.invokeTestMethods(TestInvoker.java:194) ~[testng-7.7.1.jar:7.7.1]
	at org.testng.internal.invokers.TestMethodWorker.invokeTestMethods(TestMethodWorker.java:148) ~[testng-7.7.1.jar:7.7.1]
	at org.testng.internal.invokers.TestMethodWorker.run(TestMethodWorker.java:128) ~[testng-7.7.1.jar:7.7.1]
	at java.util.ArrayList.forEach(ArrayList.java:1596) [?:?]
	at org.testng.TestRunner.privateRun(TestRunner.java:829) [testng-7.7.1.jar:7.7.1]
	at org.testng.TestRunner.run(TestRunner.java:602) [testng-7.7.1.jar:7.7.1]
	at org.testng.SuiteRunner.runTest(SuiteRunner.java:437) [testng-7.7.1.jar:7.7.1]
	at org.testng.SuiteRunner.runSequentially(SuiteRunner.java:431) [testng-7.7.1.jar:7.7.1]
	at org.testng.SuiteRunner.privateRun(SuiteRunner.java:391) [testng-7.7.1.jar:7.7.1]
	at org.testng.SuiteRunner.run(SuiteRunner.java:330) [testng-7.7.1.jar:7.7.1]
	at org.testng.SuiteRunnerWorker.runSuite(SuiteRunnerWorker.java:52) [testng-7.7.1.jar:7.7.1]
	at org.testng.SuiteRunnerWorker.run(SuiteRunnerWorker.java:95) [testng-7.7.1.jar:7.7.1]
	at org.testng.TestNG.runSuitesSequentially(TestNG.java:1256) [testng-7.7.1.jar:7.7.1]
	at org.testng.TestNG.runSuitesLocally(TestNG.java:1176) [testng-7.7.1.jar:7.7.1]
	at org.testng.TestNG.runSuites(TestNG.java:1099) [testng-7.7.1.jar:7.7.1]
	at org.testng.TestNG.run(TestNG.java:1067) [testng-7.7.1.jar:7.7.1]
	at org.testng.remote.AbstractRemoteTestNG.run(AbstractRemoteTestNG.java:115) [testng-remote.jar:?]
	at org.testng.remote.RemoteTestNG.initAndRun(RemoteTestNG.java:293) [testng-remote.jar:?]
	at org.testng.remote.RemoteTestNG.main(RemoteTestNG.java:91) [testng-remote.jar:?]
2024-11-26 14:19:42.417 [main] INFO  com.umr.apitesting.utils.LoggerUtil - Successfully initialized workbook: src/main/resources/testdata/TestSuite.xlsx
2024-11-26 14:19:42.449 [main] INFO  com.umr.apitesting.utils.LoggerUtil - Successfully initialized workbook: src/main/resources/testdata/TestSuite.xlsx
2024-11-26 14:19:42.451 [main] INFO  com.umr.apitesting.utils.LoggerUtil - Executing test: TC001
2024-11-26 14:19:42.451 [main] INFO  com.umr.apitesting.utils.LoggerUtil - Test data: https://jsonplaceholder.typicode.com/posts/1
2024-11-26 14:19:42.451 [main] INFO  com.umr.apitesting.utils.LoggerUtil - Executing keyword: GET
2024-11-26 14:19:42.451 [main] INFO  com.umr.apitesting.utils.LoggerUtil - Executing keyword: GET
2024-11-26 14:19:42.451 [main] INFO  com.umr.apitesting.utils.LoggerUtil - Making request to: https://jsonplaceholder.typicode.com/posts/1
2024-11-26 14:19:42.451 [main] INFO  com.umr.apitesting.utils.LoggerUtil - Headers: {Content-Type=application/json}
2024-11-26 14:19:42.452 [main] INFO  com.umr.apitesting.utils.LoggerUtil - Executing GET request to https://jsonplaceholder.typicode.com/posts/1
2024-11-26 14:19:42.545 [main] INFO  com.umr.apitesting.utils.LoggerUtil - Response Status: 200
2024-11-26 14:19:42.545 [main] INFO  com.umr.apitesting.utils.LoggerUtil - Executing keyword: VERIFY_STATUS
2024-11-26 14:19:42.545 [main] INFO  com.umr.apitesting.utils.LoggerUtil - Executing keyword: VERIFY_STATUS
2024-11-26 14:19:42.545 [main] ERROR com.umr.apitesting.utils.LoggerUtil - Failed to execute keyword: VERIFY_STATUS
java.lang.reflect.InvocationTargetException: null
	at jdk.internal.reflect.DirectMethodHandleAccessor.invoke(DirectMethodHandleAccessor.java:115) ~[?:?]
	at java.lang.reflect.Method.invoke(Method.java:580) ~[?:?]
	at com.umr.apitesting.core.executor.KeywordExecutor.executeKeyword(KeywordExecutor.java:39) ~[classes/:?]
	at com.umr.apitesting.core.executor.TestExecutor.executeTest(TestExecutor.java:36) ~[classes/:?]
	at com.umr.apitesting.test.PracticalApiTest.testGetPost(PracticalApiTest.java:21) ~[test-classes/:?]
	at jdk.internal.reflect.DirectMethodHandleAccessor.invoke(DirectMethodHandleAccessor.java:103) ~[?:?]
	at java.lang.reflect.Method.invoke(Method.java:580) ~[?:?]
	at org.testng.internal.invokers.MethodInvocationHelper.invokeMethod(MethodInvocationHelper.java:139) ~[testng-7.7.1.jar:7.7.1]
	at org.testng.internal.invokers.TestInvoker.invokeMethod(TestInvoker.java:677) ~[testng-7.7.1.jar:7.7.1]
	at org.testng.internal.invokers.TestInvoker.invokeTestMethod(TestInvoker.java:221) ~[testng-7.7.1.jar:7.7.1]
	at org.testng.internal.invokers.MethodRunner.runInSequence(MethodRunner.java:50) ~[testng-7.7.1.jar:7.7.1]
	at org.testng.internal.invokers.TestInvoker$MethodInvocationAgent.invoke(TestInvoker.java:969) ~[testng-7.7.1.jar:7.7.1]
	at org.testng.internal.invokers.TestInvoker.invokeTestMethods(TestInvoker.java:194) ~[testng-7.7.1.jar:7.7.1]
	at org.testng.internal.invokers.TestMethodWorker.invokeTestMethods(TestMethodWorker.java:148) ~[testng-7.7.1.jar:7.7.1]
	at org.testng.internal.invokers.TestMethodWorker.run(TestMethodWorker.java:128) ~[testng-7.7.1.jar:7.7.1]
	at java.util.ArrayList.forEach(ArrayList.java:1596) [?:?]
	at org.testng.TestRunner.privateRun(TestRunner.java:829) [testng-7.7.1.jar:7.7.1]
	at org.testng.TestRunner.run(TestRunner.java:602) [testng-7.7.1.jar:7.7.1]
	at org.testng.SuiteRunner.runTest(SuiteRunner.java:437) [testng-7.7.1.jar:7.7.1]
	at org.testng.SuiteRunner.runSequentially(SuiteRunner.java:431) [testng-7.7.1.jar:7.7.1]
	at org.testng.SuiteRunner.privateRun(SuiteRunner.java:391) [testng-7.7.1.jar:7.7.1]
	at org.testng.SuiteRunner.run(SuiteRunner.java:330) [testng-7.7.1.jar:7.7.1]
	at org.testng.SuiteRunnerWorker.runSuite(SuiteRunnerWorker.java:52) [testng-7.7.1.jar:7.7.1]
	at org.testng.SuiteRunnerWorker.run(SuiteRunnerWorker.java:95) [testng-7.7.1.jar:7.7.1]
	at org.testng.TestNG.runSuitesSequentially(TestNG.java:1256) [testng-7.7.1.jar:7.7.1]
	at org.testng.TestNG.runSuitesLocally(TestNG.java:1176) [testng-7.7.1.jar:7.7.1]
	at org.testng.TestNG.runSuites(TestNG.java:1099) [testng-7.7.1.jar:7.7.1]
	at org.testng.TestNG.run(TestNG.java:1067) [testng-7.7.1.jar:7.7.1]
	at org.testng.remote.AbstractRemoteTestNG.run(AbstractRemoteTestNG.java:115) [testng-remote.jar:?]
	at org.testng.remote.RemoteTestNG.initAndRun(RemoteTestNG.java:293) [testng-remote.jar:?]
	at org.testng.remote.RemoteTestNG.main(RemoteTestNG.java:91) [testng-remote.jar:?]
Caused by: java.lang.NullPointerException: Cannot invoke "Object.toString()" because the return value of "com.umr.apitesting.core.context.TestContext.getTestData(String)" is null
	at com.umr.apitesting.keywords.BaseKeywords.verifyStatus(BaseKeywords.java:57) ~[classes/:?]
	at jdk.internal.reflect.DirectMethodHandleAccessor.invoke(DirectMethodHandleAccessor.java:103) ~[?:?]
	... 30 more
2024-11-26 14:19:42.546 [main] ERROR com.umr.apitesting.utils.LoggerUtil - Keyword execution failed: VERIFY_STATUS
2024-11-26 14:19:42.546 [main] ERROR com.umr.apitesting.utils.LoggerUtil - Test execution failed: TC001
java.lang.RuntimeException: Test failed at keyword: VERIFY_STATUS
	at com.umr.apitesting.core.executor.TestExecutor.executeTest(TestExecutor.java:39) ~[classes/:?]
	at com.umr.apitesting.test.PracticalApiTest.testGetPost(PracticalApiTest.java:21) ~[test-classes/:?]
	at jdk.internal.reflect.DirectMethodHandleAccessor.invoke(DirectMethodHandleAccessor.java:103) ~[?:?]
	at java.lang.reflect.Method.invoke(Method.java:580) ~[?:?]
	at org.testng.internal.invokers.MethodInvocationHelper.invokeMethod(MethodInvocationHelper.java:139) ~[testng-7.7.1.jar:7.7.1]
	at org.testng.internal.invokers.TestInvoker.invokeMethod(TestInvoker.java:677) ~[testng-7.7.1.jar:7.7.1]
	at org.testng.internal.invokers.TestInvoker.invokeTestMethod(TestInvoker.java:221) ~[testng-7.7.1.jar:7.7.1]
	at org.testng.internal.invokers.MethodRunner.runInSequence(MethodRunner.java:50) ~[testng-7.7.1.jar:7.7.1]
	at org.testng.internal.invokers.TestInvoker$MethodInvocationAgent.invoke(TestInvoker.java:969) ~[testng-7.7.1.jar:7.7.1]
	at org.testng.internal.invokers.TestInvoker.invokeTestMethods(TestInvoker.java:194) ~[testng-7.7.1.jar:7.7.1]
	at org.testng.internal.invokers.TestMethodWorker.invokeTestMethods(TestMethodWorker.java:148) ~[testng-7.7.1.jar:7.7.1]
	at org.testng.internal.invokers.TestMethodWorker.run(TestMethodWorker.java:128) ~[testng-7.7.1.jar:7.7.1]
	at java.util.ArrayList.forEach(ArrayList.java:1596) [?:?]
	at org.testng.TestRunner.privateRun(TestRunner.java:829) [testng-7.7.1.jar:7.7.1]
	at org.testng.TestRunner.run(TestRunner.java:602) [testng-7.7.1.jar:7.7.1]
	at org.testng.SuiteRunner.runTest(SuiteRunner.java:437) [testng-7.7.1.jar:7.7.1]
	at org.testng.SuiteRunner.runSequentially(SuiteRunner.java:431) [testng-7.7.1.jar:7.7.1]
	at org.testng.SuiteRunner.privateRun(SuiteRunner.java:391) [testng-7.7.1.jar:7.7.1]
	at org.testng.SuiteRunner.run(SuiteRunner.java:330) [testng-7.7.1.jar:7.7.1]
	at org.testng.SuiteRunnerWorker.runSuite(SuiteRunnerWorker.java:52) [testng-7.7.1.jar:7.7.1]
	at org.testng.SuiteRunnerWorker.run(SuiteRunnerWorker.java:95) [testng-7.7.1.jar:7.7.1]
	at org.testng.TestNG.runSuitesSequentially(TestNG.java:1256) [testng-7.7.1.jar:7.7.1]
	at org.testng.TestNG.runSuitesLocally(TestNG.java:1176) [testng-7.7.1.jar:7.7.1]
	at org.testng.TestNG.runSuites(TestNG.java:1099) [testng-7.7.1.jar:7.7.1]
	at org.testng.TestNG.run(TestNG.java:1067) [testng-7.7.1.jar:7.7.1]
	at org.testng.remote.AbstractRemoteTestNG.run(AbstractRemoteTestNG.java:115) [testng-remote.jar:?]
	at org.testng.remote.RemoteTestNG.initAndRun(RemoteTestNG.java:293) [testng-remote.jar:?]
	at org.testng.remote.RemoteTestNG.main(RemoteTestNG.java:91) [testng-remote.jar:?]
2024-11-26 14:19:42.580 [main] INFO  com.umr.apitesting.utils.LoggerUtil - Successfully initialized workbook: src/main/resources/testdata/TestSuite.xlsx
2024-11-26 14:19:42.604 [main] INFO  com.umr.apitesting.utils.LoggerUtil - Successfully initialized workbook: src/main/resources/testdata/TestSuite.xlsx
2024-11-26 14:19:42.607 [main] INFO  com.umr.apitesting.utils.LoggerUtil - Executing test: TC006
2024-11-26 14:19:42.608 [main] INFO  com.umr.apitesting.utils.LoggerUtil - Test data: https://api.github.com/repos/octocat/Hello-World
2024-11-26 14:19:42.608 [main] INFO  com.umr.apitesting.utils.LoggerUtil - Executing keyword: GET
2024-11-26 14:19:42.608 [main] INFO  com.umr.apitesting.utils.LoggerUtil - Executing keyword: GET
2024-11-26 14:19:42.609 [main] INFO  com.umr.apitesting.utils.LoggerUtil - Making request to: https://api.github.com/repos/octocat/Hello-World
2024-11-26 14:19:42.609 [main] INFO  com.umr.apitesting.utils.LoggerUtil - Headers: {Accept=application/vnd.github.v3+json}
2024-11-26 14:19:42.611 [main] INFO  com.umr.apitesting.utils.LoggerUtil - Executing GET request to https://api.github.com/repos/octocat/Hello-World
2024-11-26 14:19:42.763 [main] INFO  com.umr.apitesting.utils.LoggerUtil - Response Status: 200
2024-11-26 14:19:42.763 [main] INFO  com.umr.apitesting.utils.LoggerUtil - Executing keyword: VERIFY_STATUS
2024-11-26 14:19:42.763 [main] INFO  com.umr.apitesting.utils.LoggerUtil - Executing keyword: VERIFY_STATUS
2024-11-26 14:19:42.763 [main] ERROR com.umr.apitesting.utils.LoggerUtil - Failed to execute keyword: VERIFY_STATUS
java.lang.reflect.InvocationTargetException: null
	at jdk.internal.reflect.DirectMethodHandleAccessor.invoke(DirectMethodHandleAccessor.java:115) ~[?:?]
	at java.lang.reflect.Method.invoke(Method.java:580) ~[?:?]
	at com.umr.apitesting.core.executor.KeywordExecutor.executeKeyword(KeywordExecutor.java:39) ~[classes/:?]
	at com.umr.apitesting.core.executor.TestExecutor.executeTest(TestExecutor.java:36) ~[classes/:?]
	at com.umr.apitesting.test.PracticalApiTest.testGetRepoInfo(PracticalApiTest.java:46) ~[test-classes/:?]
	at jdk.internal.reflect.DirectMethodHandleAccessor.invoke(DirectMethodHandleAccessor.java:103) ~[?:?]
	at java.lang.reflect.Method.invoke(Method.java:580) ~[?:?]
	at org.testng.internal.invokers.MethodInvocationHelper.invokeMethod(MethodInvocationHelper.java:139) ~[testng-7.7.1.jar:7.7.1]
	at org.testng.internal.invokers.TestInvoker.invokeMethod(TestInvoker.java:677) ~[testng-7.7.1.jar:7.7.1]
	at org.testng.internal.invokers.TestInvoker.invokeTestMethod(TestInvoker.java:221) ~[testng-7.7.1.jar:7.7.1]
	at org.testng.internal.invokers.MethodRunner.runInSequence(MethodRunner.java:50) ~[testng-7.7.1.jar:7.7.1]
	at org.testng.internal.invokers.TestInvoker$MethodInvocationAgent.invoke(TestInvoker.java:969) ~[testng-7.7.1.jar:7.7.1]
	at org.testng.internal.invokers.TestInvoker.invokeTestMethods(TestInvoker.java:194) ~[testng-7.7.1.jar:7.7.1]
	at org.testng.internal.invokers.TestMethodWorker.invokeTestMethods(TestMethodWorker.java:148) ~[testng-7.7.1.jar:7.7.1]
	at org.testng.internal.invokers.TestMethodWorker.run(TestMethodWorker.java:128) ~[testng-7.7.1.jar:7.7.1]
	at java.util.ArrayList.forEach(ArrayList.java:1596) [?:?]
	at org.testng.TestRunner.privateRun(TestRunner.java:829) [testng-7.7.1.jar:7.7.1]
	at org.testng.TestRunner.run(TestRunner.java:602) [testng-7.7.1.jar:7.7.1]
	at org.testng.SuiteRunner.runTest(SuiteRunner.java:437) [testng-7.7.1.jar:7.7.1]
	at org.testng.SuiteRunner.runSequentially(SuiteRunner.java:431) [testng-7.7.1.jar:7.7.1]
	at org.testng.SuiteRunner.privateRun(SuiteRunner.java:391) [testng-7.7.1.jar:7.7.1]
	at org.testng.SuiteRunner.run(SuiteRunner.java:330) [testng-7.7.1.jar:7.7.1]
	at org.testng.SuiteRunnerWorker.runSuite(SuiteRunnerWorker.java:52) [testng-7.7.1.jar:7.7.1]
	at org.testng.SuiteRunnerWorker.run(SuiteRunnerWorker.java:95) [testng-7.7.1.jar:7.7.1]
	at org.testng.TestNG.runSuitesSequentially(TestNG.java:1256) [testng-7.7.1.jar:7.7.1]
	at org.testng.TestNG.runSuitesLocally(TestNG.java:1176) [testng-7.7.1.jar:7.7.1]
	at org.testng.TestNG.runSuites(TestNG.java:1099) [testng-7.7.1.jar:7.7.1]
	at org.testng.TestNG.run(TestNG.java:1067) [testng-7.7.1.jar:7.7.1]
	at org.testng.remote.AbstractRemoteTestNG.run(AbstractRemoteTestNG.java:115) [testng-remote.jar:?]
	at org.testng.remote.RemoteTestNG.initAndRun(RemoteTestNG.java:293) [testng-remote.jar:?]
	at org.testng.remote.RemoteTestNG.main(RemoteTestNG.java:91) [testng-remote.jar:?]
Caused by: java.lang.NullPointerException: Cannot invoke "Object.toString()" because the return value of "com.umr.apitesting.core.context.TestContext.getTestData(String)" is null
	at com.umr.apitesting.keywords.BaseKeywords.verifyStatus(BaseKeywords.java:57) ~[classes/:?]
	at jdk.internal.reflect.DirectMethodHandleAccessor.invoke(DirectMethodHandleAccessor.java:103) ~[?:?]
	... 30 more
2024-11-26 14:19:42.764 [main] ERROR com.umr.apitesting.utils.LoggerUtil - Keyword execution failed: VERIFY_STATUS
2024-11-26 14:19:42.764 [main] ERROR com.umr.apitesting.utils.LoggerUtil - Test execution failed: TC006
java.lang.RuntimeException: Test failed at keyword: VERIFY_STATUS
	at com.umr.apitesting.core.executor.TestExecutor.executeTest(TestExecutor.java:39) ~[classes/:?]
	at com.umr.apitesting.test.PracticalApiTest.testGetRepoInfo(PracticalApiTest.java:46) ~[test-classes/:?]
	at jdk.internal.reflect.DirectMethodHandleAccessor.invoke(DirectMethodHandleAccessor.java:103) ~[?:?]
	at java.lang.reflect.Method.invoke(Method.java:580) ~[?:?]
	at org.testng.internal.invokers.MethodInvocationHelper.invokeMethod(MethodInvocationHelper.java:139) ~[testng-7.7.1.jar:7.7.1]
	at org.testng.internal.invokers.TestInvoker.invokeMethod(TestInvoker.java:677) ~[testng-7.7.1.jar:7.7.1]
	at org.testng.internal.invokers.TestInvoker.invokeTestMethod(TestInvoker.java:221) ~[testng-7.7.1.jar:7.7.1]
	at org.testng.internal.invokers.MethodRunner.runInSequence(MethodRunner.java:50) ~[testng-7.7.1.jar:7.7.1]
	at org.testng.internal.invokers.TestInvoker$MethodInvocationAgent.invoke(TestInvoker.java:969) ~[testng-7.7.1.jar:7.7.1]
	at org.testng.internal.invokers.TestInvoker.invokeTestMethods(TestInvoker.java:194) ~[testng-7.7.1.jar:7.7.1]
	at org.testng.internal.invokers.TestMethodWorker.invokeTestMethods(TestMethodWorker.java:148) ~[testng-7.7.1.jar:7.7.1]
	at org.testng.internal.invokers.TestMethodWorker.run(TestMethodWorker.java:128) ~[testng-7.7.1.jar:7.7.1]
	at java.util.ArrayList.forEach(ArrayList.java:1596) [?:?]
	at org.testng.TestRunner.privateRun(TestRunner.java:829) [testng-7.7.1.jar:7.7.1]
	at org.testng.TestRunner.run(TestRunner.java:602) [testng-7.7.1.jar:7.7.1]
	at org.testng.SuiteRunner.runTest(SuiteRunner.java:437) [testng-7.7.1.jar:7.7.1]
	at org.testng.SuiteRunner.runSequentially(SuiteRunner.java:431) [testng-7.7.1.jar:7.7.1]
	at org.testng.SuiteRunner.privateRun(SuiteRunner.java:391) [testng-7.7.1.jar:7.7.1]
	at org.testng.SuiteRunner.run(SuiteRunner.java:330) [testng-7.7.1.jar:7.7.1]
	at org.testng.SuiteRunnerWorker.runSuite(SuiteRunnerWorker.java:52) [testng-7.7.1.jar:7.7.1]
	at org.testng.SuiteRunnerWorker.run(SuiteRunnerWorker.java:95) [testng-7.7.1.jar:7.7.1]
	at org.testng.TestNG.runSuitesSequentially(TestNG.java:1256) [testng-7.7.1.jar:7.7.1]
	at org.testng.TestNG.runSuitesLocally(TestNG.java:1176) [testng-7.7.1.jar:7.7.1]
	at org.testng.TestNG.runSuites(TestNG.java:1099) [testng-7.7.1.jar:7.7.1]
	at org.testng.TestNG.run(TestNG.java:1067) [testng-7.7.1.jar:7.7.1]
	at org.testng.remote.AbstractRemoteTestNG.run(AbstractRemoteTestNG.java:115) [testng-remote.jar:?]
	at org.testng.remote.RemoteTestNG.initAndRun(RemoteTestNG.java:293) [testng-remote.jar:?]
	at org.testng.remote.RemoteTestNG.main(RemoteTestNG.java:91) [testng-remote.jar:?]
2024-11-26 14:19:42.799 [main] INFO  com.umr.apitesting.utils.LoggerUtil - Successfully initialized workbook: src/main/resources/testdata/TestSuite.xlsx
2024-11-26 14:19:42.828 [main] INFO  com.umr.apitesting.utils.LoggerUtil - Successfully initialized workbook: src/main/resources/testdata/TestSuite.xlsx
2024-11-26 14:19:42.829 [main] INFO  com.umr.apitesting.utils.LoggerUtil - Executing test: TC003
2024-11-26 14:19:42.829 [main] INFO  com.umr.apitesting.utils.LoggerUtil - Test data: https://reqres.in/api/users/2
2024-11-26 14:19:42.829 [main] INFO  com.umr.apitesting.utils.LoggerUtil - Executing keyword: GET
2024-11-26 14:19:42.829 [main] INFO  com.umr.apitesting.utils.LoggerUtil - Executing keyword: GET
2024-11-26 14:19:42.830 [main] INFO  com.umr.apitesting.utils.LoggerUtil - Making request to: https://reqres.in/api/users/2
2024-11-26 14:19:42.830 [main] INFO  com.umr.apitesting.utils.LoggerUtil - Headers: {Content-Type=application/json}
2024-11-26 14:19:42.830 [main] INFO  com.umr.apitesting.utils.LoggerUtil - Executing GET request to https://reqres.in/api/users/2
2024-11-26 14:19:42.892 [main] INFO  com.umr.apitesting.utils.LoggerUtil - Response Status: 200
2024-11-26 14:19:42.893 [main] INFO  com.umr.apitesting.utils.LoggerUtil - Executing keyword: VERIFY_STATUS
2024-11-26 14:19:42.893 [main] INFO  com.umr.apitesting.utils.LoggerUtil - Executing keyword: VERIFY_STATUS
2024-11-26 14:19:42.894 [main] ERROR com.umr.apitesting.utils.LoggerUtil - Failed to execute keyword: VERIFY_STATUS
java.lang.reflect.InvocationTargetException: null
	at jdk.internal.reflect.DirectMethodHandleAccessor.invoke(DirectMethodHandleAccessor.java:115) ~[?:?]
	at java.lang.reflect.Method.invoke(Method.java:580) ~[?:?]
	at com.umr.apitesting.core.executor.KeywordExecutor.executeKeyword(KeywordExecutor.java:39) ~[classes/:?]
	at com.umr.apitesting.core.executor.TestExecutor.executeTest(TestExecutor.java:36) ~[classes/:?]
	at com.umr.apitesting.test.PracticalApiTest.testGetUser(PracticalApiTest.java:31) ~[test-classes/:?]
	at jdk.internal.reflect.DirectMethodHandleAccessor.invoke(DirectMethodHandleAccessor.java:103) ~[?:?]
	at java.lang.reflect.Method.invoke(Method.java:580) ~[?:?]
	at org.testng.internal.invokers.MethodInvocationHelper.invokeMethod(MethodInvocationHelper.java:139) ~[testng-7.7.1.jar:7.7.1]
	at org.testng.internal.invokers.TestInvoker.invokeMethod(TestInvoker.java:677) ~[testng-7.7.1.jar:7.7.1]
	at org.testng.internal.invokers.TestInvoker.invokeTestMethod(TestInvoker.java:221) ~[testng-7.7.1.jar:7.7.1]
	at org.testng.internal.invokers.MethodRunner.runInSequence(MethodRunner.java:50) ~[testng-7.7.1.jar:7.7.1]
	at org.testng.internal.invokers.TestInvoker$MethodInvocationAgent.invoke(TestInvoker.java:969) ~[testng-7.7.1.jar:7.7.1]
	at org.testng.internal.invokers.TestInvoker.invokeTestMethods(TestInvoker.java:194) ~[testng-7.7.1.jar:7.7.1]
	at org.testng.internal.invokers.TestMethodWorker.invokeTestMethods(TestMethodWorker.java:148) ~[testng-7.7.1.jar:7.7.1]
	at org.testng.internal.invokers.TestMethodWorker.run(TestMethodWorker.java:128) ~[testng-7.7.1.jar:7.7.1]
	at java.util.ArrayList.forEach(ArrayList.java:1596) [?:?]
	at org.testng.TestRunner.privateRun(TestRunner.java:829) [testng-7.7.1.jar:7.7.1]
	at org.testng.TestRunner.run(TestRunner.java:602) [testng-7.7.1.jar:7.7.1]
	at org.testng.SuiteRunner.runTest(SuiteRunner.java:437) [testng-7.7.1.jar:7.7.1]
	at org.testng.SuiteRunner.runSequentially(SuiteRunner.java:431) [testng-7.7.1.jar:7.7.1]
	at org.testng.SuiteRunner.privateRun(SuiteRunner.java:391) [testng-7.7.1.jar:7.7.1]
	at org.testng.SuiteRunner.run(SuiteRunner.java:330) [testng-7.7.1.jar:7.7.1]
	at org.testng.SuiteRunnerWorker.runSuite(SuiteRunnerWorker.java:52) [testng-7.7.1.jar:7.7.1]
	at org.testng.SuiteRunnerWorker.run(SuiteRunnerWorker.java:95) [testng-7.7.1.jar:7.7.1]
	at org.testng.TestNG.runSuitesSequentially(TestNG.java:1256) [testng-7.7.1.jar:7.7.1]
	at org.testng.TestNG.runSuitesLocally(TestNG.java:1176) [testng-7.7.1.jar:7.7.1]
	at org.testng.TestNG.runSuites(TestNG.java:1099) [testng-7.7.1.jar:7.7.1]
	at org.testng.TestNG.run(TestNG.java:1067) [testng-7.7.1.jar:7.7.1]
	at org.testng.remote.AbstractRemoteTestNG.run(AbstractRemoteTestNG.java:115) [testng-remote.jar:?]
	at org.testng.remote.RemoteTestNG.initAndRun(RemoteTestNG.java:293) [testng-remote.jar:?]
	at org.testng.remote.RemoteTestNG.main(RemoteTestNG.java:91) [testng-remote.jar:?]
Caused by: java.lang.NullPointerException: Cannot invoke "Object.toString()" because the return value of "com.umr.apitesting.core.context.TestContext.getTestData(String)" is null
	at com.umr.apitesting.keywords.BaseKeywords.verifyStatus(BaseKeywords.java:57) ~[classes/:?]
	at jdk.internal.reflect.DirectMethodHandleAccessor.invoke(DirectMethodHandleAccessor.java:103) ~[?:?]
	... 30 more
2024-11-26 14:19:42.894 [main] ERROR com.umr.apitesting.utils.LoggerUtil - Keyword execution failed: VERIFY_STATUS
2024-11-26 14:19:42.895 [main] ERROR com.umr.apitesting.utils.LoggerUtil - Test execution failed: TC003
java.lang.RuntimeException: Test failed at keyword: VERIFY_STATUS
	at com.umr.apitesting.core.executor.TestExecutor.executeTest(TestExecutor.java:39) ~[classes/:?]
	at com.umr.apitesting.test.PracticalApiTest.testGetUser(PracticalApiTest.java:31) ~[test-classes/:?]
	at jdk.internal.reflect.DirectMethodHandleAccessor.invoke(DirectMethodHandleAccessor.java:103) ~[?:?]
	at java.lang.reflect.Method.invoke(Method.java:580) ~[?:?]
	at org.testng.internal.invokers.MethodInvocationHelper.invokeMethod(MethodInvocationHelper.java:139) ~[testng-7.7.1.jar:7.7.1]
	at org.testng.internal.invokers.TestInvoker.invokeMethod(TestInvoker.java:677) ~[testng-7.7.1.jar:7.7.1]
	at org.testng.internal.invokers.TestInvoker.invokeTestMethod(TestInvoker.java:221) ~[testng-7.7.1.jar:7.7.1]
	at org.testng.internal.invokers.MethodRunner.runInSequence(MethodRunner.java:50) ~[testng-7.7.1.jar:7.7.1]
	at org.testng.internal.invokers.TestInvoker$MethodInvocationAgent.invoke(TestInvoker.java:969) ~[testng-7.7.1.jar:7.7.1]
	at org.testng.internal.invokers.TestInvoker.invokeTestMethods(TestInvoker.java:194) ~[testng-7.7.1.jar:7.7.1]
	at org.testng.internal.invokers.TestMethodWorker.invokeTestMethods(TestMethodWorker.java:148) ~[testng-7.7.1.jar:7.7.1]
	at org.testng.internal.invokers.TestMethodWorker.run(TestMethodWorker.java:128) ~[testng-7.7.1.jar:7.7.1]
	at java.util.ArrayList.forEach(ArrayList.java:1596) [?:?]
	at org.testng.TestRunner.privateRun(TestRunner.java:829) [testng-7.7.1.jar:7.7.1]
	at org.testng.TestRunner.run(TestRunner.java:602) [testng-7.7.1.jar:7.7.1]
	at org.testng.SuiteRunner.runTest(SuiteRunner.java:437) [testng-7.7.1.jar:7.7.1]
	at org.testng.SuiteRunner.runSequentially(SuiteRunner.java:431) [testng-7.7.1.jar:7.7.1]
	at org.testng.SuiteRunner.privateRun(SuiteRunner.java:391) [testng-7.7.1.jar:7.7.1]
	at org.testng.SuiteRunner.run(SuiteRunner.java:330) [testng-7.7.1.jar:7.7.1]
	at org.testng.SuiteRunnerWorker.runSuite(SuiteRunnerWorker.java:52) [testng-7.7.1.jar:7.7.1]
	at org.testng.SuiteRunnerWorker.run(SuiteRunnerWorker.java:95) [testng-7.7.1.jar:7.7.1]
	at org.testng.TestNG.runSuitesSequentially(TestNG.java:1256) [testng-7.7.1.jar:7.7.1]
	at org.testng.TestNG.runSuitesLocally(TestNG.java:1176) [testng-7.7.1.jar:7.7.1]
	at org.testng.TestNG.runSuites(TestNG.java:1099) [testng-7.7.1.jar:7.7.1]
	at org.testng.TestNG.run(TestNG.java:1067) [testng-7.7.1.jar:7.7.1]
	at org.testng.remote.AbstractRemoteTestNG.run(AbstractRemoteTestNG.java:115) [testng-remote.jar:?]
	at org.testng.remote.RemoteTestNG.initAndRun(RemoteTestNG.java:293) [testng-remote.jar:?]
	at org.testng.remote.RemoteTestNG.main(RemoteTestNG.java:91) [testng-remote.jar:?]
2024-11-26 14:19:42.931 [main] INFO  com.umr.apitesting.utils.LoggerUtil - Successfully initialized workbook: src/main/resources/testdata/TestSuite.xlsx
2024-11-26 14:19:42.959 [main] INFO  com.umr.apitesting.utils.LoggerUtil - Successfully initialized workbook: src/main/resources/testdata/TestSuite.xlsx
2024-11-26 14:19:42.962 [main] INFO  com.umr.apitesting.utils.LoggerUtil - Executing test: TC005
2024-11-26 14:19:42.962 [main] INFO  com.umr.apitesting.utils.LoggerUtil - Test data: https://api.openweathermap.org/data/2.5/weather?q=London&appid=6aa6cd8c45d248d374aac371cdf096b1
2024-11-26 14:19:42.962 [main] INFO  com.umr.apitesting.utils.LoggerUtil - Executing keyword: GET
2024-11-26 14:19:42.962 [main] INFO  com.umr.apitesting.utils.LoggerUtil - Executing keyword: GET
2024-11-26 14:19:42.963 [main] INFO  com.umr.apitesting.utils.LoggerUtil - Making request to: https://api.openweathermap.org/data/2.5/weather?q=London&appid=6aa6cd8c45d248d374aac371cdf096b1
2024-11-26 14:19:42.963 [main] INFO  com.umr.apitesting.utils.LoggerUtil - Headers: {Content-Type=application/json}
2024-11-26 14:19:42.964 [main] INFO  com.umr.apitesting.utils.LoggerUtil - Executing GET request to https://api.openweathermap.org/data/2.5/weather?q=London&appid=6aa6cd8c45d248d374aac371cdf096b1
2024-11-26 14:19:43.080 [main] INFO  com.umr.apitesting.utils.LoggerUtil - Response Status: 200
2024-11-26 14:19:43.080 [main] INFO  com.umr.apitesting.utils.LoggerUtil - Executing keyword: VERIFY_STATUS
2024-11-26 14:19:43.080 [main] INFO  com.umr.apitesting.utils.LoggerUtil - Executing keyword: VERIFY_STATUS
2024-11-26 14:19:43.080 [main] ERROR com.umr.apitesting.utils.LoggerUtil - Failed to execute keyword: VERIFY_STATUS
java.lang.reflect.InvocationTargetException: null
	at jdk.internal.reflect.DirectMethodHandleAccessor.invoke(DirectMethodHandleAccessor.java:115) ~[?:?]
	at java.lang.reflect.Method.invoke(Method.java:580) ~[?:?]
	at com.umr.apitesting.core.executor.KeywordExecutor.executeKeyword(KeywordExecutor.java:39) ~[classes/:?]
	at com.umr.apitesting.core.executor.TestExecutor.executeTest(TestExecutor.java:36) ~[classes/:?]
	at com.umr.apitesting.test.PracticalApiTest.testGetWeather(PracticalApiTest.java:41) ~[test-classes/:?]
	at jdk.internal.reflect.DirectMethodHandleAccessor.invoke(DirectMethodHandleAccessor.java:103) ~[?:?]
	at java.lang.reflect.Method.invoke(Method.java:580) ~[?:?]
	at org.testng.internal.invokers.MethodInvocationHelper.invokeMethod(MethodInvocationHelper.java:139) ~[testng-7.7.1.jar:7.7.1]
	at org.testng.internal.invokers.TestInvoker.invokeMethod(TestInvoker.java:677) ~[testng-7.7.1.jar:7.7.1]
	at org.testng.internal.invokers.TestInvoker.invokeTestMethod(TestInvoker.java:221) ~[testng-7.7.1.jar:7.7.1]
	at org.testng.internal.invokers.MethodRunner.runInSequence(MethodRunner.java:50) ~[testng-7.7.1.jar:7.7.1]
	at org.testng.internal.invokers.TestInvoker$MethodInvocationAgent.invoke(TestInvoker.java:969) ~[testng-7.7.1.jar:7.7.1]
	at org.testng.internal.invokers.TestInvoker.invokeTestMethods(TestInvoker.java:194) ~[testng-7.7.1.jar:7.7.1]
	at org.testng.internal.invokers.TestMethodWorker.invokeTestMethods(TestMethodWorker.java:148) ~[testng-7.7.1.jar:7.7.1]
	at org.testng.internal.invokers.TestMethodWorker.run(TestMethodWorker.java:128) ~[testng-7.7.1.jar:7.7.1]
	at java.util.ArrayList.forEach(ArrayList.java:1596) [?:?]
	at org.testng.TestRunner.privateRun(TestRunner.java:829) [testng-7.7.1.jar:7.7.1]
	at org.testng.TestRunner.run(TestRunner.java:602) [testng-7.7.1.jar:7.7.1]
	at org.testng.SuiteRunner.runTest(SuiteRunner.java:437) [testng-7.7.1.jar:7.7.1]
	at org.testng.SuiteRunner.runSequentially(SuiteRunner.java:431) [testng-7.7.1.jar:7.7.1]
	at org.testng.SuiteRunner.privateRun(SuiteRunner.java:391) [testng-7.7.1.jar:7.7.1]
	at org.testng.SuiteRunner.run(SuiteRunner.java:330) [testng-7.7.1.jar:7.7.1]
	at org.testng.SuiteRunnerWorker.runSuite(SuiteRunnerWorker.java:52) [testng-7.7.1.jar:7.7.1]
	at org.testng.SuiteRunnerWorker.run(SuiteRunnerWorker.java:95) [testng-7.7.1.jar:7.7.1]
	at org.testng.TestNG.runSuitesSequentially(TestNG.java:1256) [testng-7.7.1.jar:7.7.1]
	at org.testng.TestNG.runSuitesLocally(TestNG.java:1176) [testng-7.7.1.jar:7.7.1]
	at org.testng.TestNG.runSuites(TestNG.java:1099) [testng-7.7.1.jar:7.7.1]
	at org.testng.TestNG.run(TestNG.java:1067) [testng-7.7.1.jar:7.7.1]
	at org.testng.remote.AbstractRemoteTestNG.run(AbstractRemoteTestNG.java:115) [testng-remote.jar:?]
	at org.testng.remote.RemoteTestNG.initAndRun(RemoteTestNG.java:293) [testng-remote.jar:?]
	at org.testng.remote.RemoteTestNG.main(RemoteTestNG.java:91) [testng-remote.jar:?]
Caused by: java.lang.NullPointerException: Cannot invoke "Object.toString()" because the return value of "com.umr.apitesting.core.context.TestContext.getTestData(String)" is null
	at com.umr.apitesting.keywords.BaseKeywords.verifyStatus(BaseKeywords.java:57) ~[classes/:?]
	at jdk.internal.reflect.DirectMethodHandleAccessor.invoke(DirectMethodHandleAccessor.java:103) ~[?:?]
	... 30 more
2024-11-26 14:19:43.081 [main] ERROR com.umr.apitesting.utils.LoggerUtil - Keyword execution failed: VERIFY_STATUS
2024-11-26 14:19:43.081 [main] ERROR com.umr.apitesting.utils.LoggerUtil - Test execution failed: TC005
java.lang.RuntimeException: Test failed at keyword: VERIFY_STATUS
	at com.umr.apitesting.core.executor.TestExecutor.executeTest(TestExecutor.java:39) ~[classes/:?]
	at com.umr.apitesting.test.PracticalApiTest.testGetWeather(PracticalApiTest.java:41) ~[test-classes/:?]
	at jdk.internal.reflect.DirectMethodHandleAccessor.invoke(DirectMethodHandleAccessor.java:103) ~[?:?]
	at java.lang.reflect.Method.invoke(Method.java:580) ~[?:?]
	at org.testng.internal.invokers.MethodInvocationHelper.invokeMethod(MethodInvocationHelper.java:139) ~[testng-7.7.1.jar:7.7.1]
	at org.testng.internal.invokers.TestInvoker.invokeMethod(TestInvoker.java:677) ~[testng-7.7.1.jar:7.7.1]
	at org.testng.internal.invokers.TestInvoker.invokeTestMethod(TestInvoker.java:221) ~[testng-7.7.1.jar:7.7.1]
	at org.testng.internal.invokers.MethodRunner.runInSequence(MethodRunner.java:50) ~[testng-7.7.1.jar:7.7.1]
	at org.testng.internal.invokers.TestInvoker$MethodInvocationAgent.invoke(TestInvoker.java:969) ~[testng-7.7.1.jar:7.7.1]
	at org.testng.internal.invokers.TestInvoker.invokeTestMethods(TestInvoker.java:194) ~[testng-7.7.1.jar:7.7.1]
	at org.testng.internal.invokers.TestMethodWorker.invokeTestMethods(TestMethodWorker.java:148) ~[testng-7.7.1.jar:7.7.1]
	at org.testng.internal.invokers.TestMethodWorker.run(TestMethodWorker.java:128) ~[testng-7.7.1.jar:7.7.1]
	at java.util.ArrayList.forEach(ArrayList.java:1596) [?:?]
	at org.testng.TestRunner.privateRun(TestRunner.java:829) [testng-7.7.1.jar:7.7.1]
	at org.testng.TestRunner.run(TestRunner.java:602) [testng-7.7.1.jar:7.7.1]
	at org.testng.SuiteRunner.runTest(SuiteRunner.java:437) [testng-7.7.1.jar:7.7.1]
	at org.testng.SuiteRunner.runSequentially(SuiteRunner.java:431) [testng-7.7.1.jar:7.7.1]
	at org.testng.SuiteRunner.privateRun(SuiteRunner.java:391) [testng-7.7.1.jar:7.7.1]
	at org.testng.SuiteRunner.run(SuiteRunner.java:330) [testng-7.7.1.jar:7.7.1]
	at org.testng.SuiteRunnerWorker.runSuite(SuiteRunnerWorker.java:52) [testng-7.7.1.jar:7.7.1]
	at org.testng.SuiteRunnerWorker.run(SuiteRunnerWorker.java:95) [testng-7.7.1.jar:7.7.1]
	at org.testng.TestNG.runSuitesSequentially(TestNG.java:1256) [testng-7.7.1.jar:7.7.1]
	at org.testng.TestNG.runSuitesLocally(TestNG.java:1176) [testng-7.7.1.jar:7.7.1]
	at org.testng.TestNG.runSuites(TestNG.java:1099) [testng-7.7.1.jar:7.7.1]
	at org.testng.TestNG.run(TestNG.java:1067) [testng-7.7.1.jar:7.7.1]
	at org.testng.remote.AbstractRemoteTestNG.run(AbstractRemoteTestNG.java:115) [testng-remote.jar:?]
	at org.testng.remote.RemoteTestNG.initAndRun(RemoteTestNG.java:293) [testng-remote.jar:?]
	at org.testng.remote.RemoteTestNG.main(RemoteTestNG.java:91) [testng-remote.jar:?]
2024-11-26 14:39:01.793 [main] INFO  com.umr.apitesting.utils.LoggerUtil - Test Suite initialized
2024-11-26 14:39:02.255 [main] INFO  com.umr.apitesting.utils.LoggerUtil - Successfully initialized workbook: src/main/resources/testdata/TestSuite.xlsx
2024-11-26 14:39:02.304 [main] INFO  com.umr.apitesting.utils.LoggerUtil - Successfully initialized workbook: src/main/resources/testdata/TestSuite.xlsx
2024-11-26 14:39:02.308 [main] INFO  com.umr.apitesting.utils.LoggerUtil - Executing test: TC002
2024-11-26 14:39:02.308 [main] INFO  com.umr.apitesting.utils.LoggerUtil - Test data: https://reqres.in/api/users
2024-11-26 14:39:02.308 [main] INFO  com.umr.apitesting.utils.LoggerUtil - Executing keyword: POST
2024-11-26 14:39:02.308 [main] INFO  com.umr.apitesting.utils.LoggerUtil - Executing keyword: POST
2024-11-26 14:39:02.704 [main] INFO  com.umr.apitesting.utils.LoggerUtil - Making request to: nullnull
2024-11-26 14:39:02.705 [main] INFO  com.umr.apitesting.utils.LoggerUtil - Headers: {}
2024-11-26 14:39:02.705 [main] INFO  com.umr.apitesting.utils.LoggerUtil - Executing POST request to nullnull
2024-11-26 14:39:03.300 [main] ERROR com.umr.apitesting.utils.LoggerUtil - API request failed
java.net.ConnectException: Connection refused: connect
	at sun.nio.ch.Net.connect0(Native Method) ~[?:?]
	at sun.nio.ch.Net.connect(Net.java:589) ~[?:?]
	at sun.nio.ch.Net.connect(Net.java:578) ~[?:?]
	at sun.nio.ch.NioSocketImpl.connect(NioSocketImpl.java:583) ~[?:?]
	at java.net.SocksSocketImpl.connect(SocksSocketImpl.java:327) ~[?:?]
	at java.net.Socket.connect(Socket.java:751) ~[?:?]
	at org.apache.http.conn.scheme.PlainSocketFactory.connectSocket(PlainSocketFactory.java:121) ~[httpclient-4.5.13.jar:4.5.13]
	at org.apache.http.impl.conn.DefaultClientConnectionOperator.openConnection(DefaultClientConnectionOperator.java:180) ~[httpclient-4.5.13.jar:4.5.13]
	at org.apache.http.impl.conn.ManagedClientConnectionImpl.open(ManagedClientConnectionImpl.java:326) ~[httpclient-4.5.13.jar:4.5.13]
	at org.apache.http.impl.client.DefaultRequestDirector.tryConnect(DefaultRequestDirector.java:605) ~[httpclient-4.5.13.jar:4.5.13]
	at org.apache.http.impl.client.DefaultRequestDirector.execute(DefaultRequestDirector.java:440) ~[httpclient-4.5.13.jar:4.5.13]
	at org.apache.http.impl.client.AbstractHttpClient.doExecute(AbstractHttpClient.java:835) ~[httpclient-4.5.13.jar:4.5.13]
	at org.apache.http.impl.client.CloseableHttpClient.execute(CloseableHttpClient.java:83) ~[httpclient-4.5.13.jar:4.5.13]
	at io.restassured.internal.RestAssuredHttpBuilder.doRequest(RestAssuredHttpBuilder.java:141) ~[rest-assured-5.3.0.jar:?]
	at io.restassured.internal.http.HTTPBuilder.post(HTTPBuilder.java:349) ~[rest-assured-5.3.0.jar:?]
	at io.restassured.internal.http.HTTPBuilder$post$2.call(Unknown Source) ~[?:?]
	at org.codehaus.groovy.runtime.callsite.CallSiteArray.defaultCall(CallSiteArray.java:45) ~[groovy-4.0.6.jar:4.0.6]
	at org.codehaus.groovy.runtime.callsite.AbstractCallSite.call(AbstractCallSite.java:125) ~[groovy-4.0.6.jar:4.0.6]
	at org.codehaus.groovy.runtime.callsite.AbstractCallSite.call(AbstractCallSite.java:148) ~[groovy-4.0.6.jar:4.0.6]
	at io.restassured.internal.RequestSpecificationImpl.sendRequest(RequestSpecificationImpl.groovy:1209) ~[rest-assured-5.3.0.jar:?]
	at io.restassured.internal.RequestSpecificationImpl.this$2$sendRequest(RequestSpecificationImpl.groovy) ~[rest-assured-5.3.0.jar:?]
	at jdk.internal.reflect.DirectMethodHandleAccessor.invoke(DirectMethodHandleAccessor.java:103) ~[?:?]
	at java.lang.reflect.Method.invoke(Method.java:580) ~[?:?]
	at org.codehaus.groovy.reflection.CachedMethod.invoke(CachedMethod.java:343) ~[groovy-4.0.6.jar:4.0.6]
	at groovy.lang.MetaMethod.doMethodInvoke(MetaMethod.java:328) ~[groovy-4.0.6.jar:4.0.6]
	at groovy.lang.MetaClassImpl.doInvokeMethod(MetaClassImpl.java:1348) ~[groovy-4.0.6.jar:4.0.6]
	at groovy.lang.MetaClassImpl.invokeMethod(MetaClassImpl.java:1103) ~[groovy-4.0.6.jar:4.0.6]
	at groovy.lang.MetaClassImpl.invokeMethod(MetaClassImpl.java:1009) ~[groovy-4.0.6.jar:4.0.6]
	at groovy.lang.MetaClassImpl.invokeMethod(MetaClassImpl.java:792) ~[groovy-4.0.6.jar:4.0.6]
	at io.restassured.internal.RequestSpecificationImpl.invokeMethod(RequestSpecificationImpl.groovy) ~[rest-assured-5.3.0.jar:?]
	at org.codehaus.groovy.runtime.callsite.PogoInterceptableSite.call(PogoInterceptableSite.java:46) ~[groovy-4.0.6.jar:4.0.6]
	at org.codehaus.groovy.runtime.callsite.CallSiteArray.defaultCall(CallSiteArray.java:45) ~[groovy-4.0.6.jar:4.0.6]
	at org.codehaus.groovy.runtime.callsite.AbstractCallSite.call(AbstractCallSite.java:125) ~[groovy-4.0.6.jar:4.0.6]
	at org.codehaus.groovy.runtime.callsite.AbstractCallSite.call(AbstractCallSite.java:166) ~[groovy-4.0.6.jar:4.0.6]
	at io.restassured.internal.filter.SendRequestFilter.filter(SendRequestFilter.groovy:30) ~[rest-assured-5.3.0.jar:?]
	at io.restassured.filter.Filter$filter.call(Unknown Source) ~[?:?]
	at org.codehaus.groovy.runtime.callsite.CallSiteArray.defaultCall(CallSiteArray.java:45) ~[groovy-4.0.6.jar:4.0.6]
	at io.restassured.filter.Filter$filter$0.call(Unknown Source) ~[?:?]
	at io.restassured.internal.filter.FilterContextImpl.next(FilterContextImpl.groovy:72) ~[rest-assured-5.3.0.jar:?]
	at io.restassured.filter.time.TimingFilter.filter(TimingFilter.java:56) ~[rest-assured-5.3.0.jar:?]
	at io.restassured.filter.Filter$filter$0.call(Unknown Source) ~[?:?]
	at org.codehaus.groovy.runtime.callsite.CallSiteArray.defaultCall(CallSiteArray.java:45) ~[groovy-4.0.6.jar:4.0.6]
	at io.restassured.filter.Filter$filter.call(Unknown Source) ~[?:?]
	at io.restassured.internal.filter.FilterContextImpl.next(FilterContextImpl.groovy:72) ~[rest-assured-5.3.0.jar:?]
	at io.restassured.filter.FilterContext$next.call(Unknown Source) ~[?:?]
	at org.codehaus.groovy.runtime.callsite.CallSiteArray.defaultCall(CallSiteArray.java:45) ~[groovy-4.0.6.jar:4.0.6]
	at org.codehaus.groovy.runtime.callsite.AbstractCallSite.call(AbstractCallSite.java:125) ~[groovy-4.0.6.jar:4.0.6]
	at org.codehaus.groovy.runtime.callsite.AbstractCallSite.call(AbstractCallSite.java:148) ~[groovy-4.0.6.jar:4.0.6]
	at io.restassured.internal.filter.CsrfFilter.filter(CsrfFilter.groovy:70) ~[rest-assured-5.3.0.jar:?]
	at io.restassured.filter.Filter$filter.call(Unknown Source) ~[?:?]
	at org.codehaus.groovy.runtime.callsite.CallSiteArray.defaultCall(CallSiteArray.java:45) ~[groovy-4.0.6.jar:4.0.6]
	at org.codehaus.groovy.runtime.callsite.AbstractCallSite.call(AbstractCallSite.java:125) ~[groovy-4.0.6.jar:4.0.6]
	at org.codehaus.groovy.runtime.callsite.AbstractCallSite.call(AbstractCallSite.java:157) ~[groovy-4.0.6.jar:4.0.6]
	at io.restassured.internal.filter.FilterContextImpl.next(FilterContextImpl.groovy:72) ~[rest-assured-5.3.0.jar:?]
	at io.restassured.filter.FilterContext$next.call(Unknown Source) ~[?:?]
	at org.codehaus.groovy.runtime.callsite.CallSiteArray.defaultCall(CallSiteArray.java:45) ~[groovy-4.0.6.jar:4.0.6]
	at org.codehaus.groovy.runtime.callsite.AbstractCallSite.call(AbstractCallSite.java:125) ~[groovy-4.0.6.jar:4.0.6]
	at org.codehaus.groovy.runtime.callsite.AbstractCallSite.call(AbstractCallSite.java:148) ~[groovy-4.0.6.jar:4.0.6]
	at io.restassured.internal.RequestSpecificationImpl.applyPathParamsAndSendRequest(RequestSpecificationImpl.groovy:1704) ~[rest-assured-5.3.0.jar:?]
	at io.restassured.internal.RequestSpecificationImpl.this$2$applyPathParamsAndSendRequest(RequestSpecificationImpl.groovy) ~[rest-assured-5.3.0.jar:?]
	at jdk.internal.reflect.DirectMethodHandleAccessor.invoke(DirectMethodHandleAccessor.java:103) ~[?:?]
	at java.lang.reflect.Method.invoke(Method.java:580) ~[?:?]
	at org.codehaus.groovy.reflection.CachedMethod.invoke(CachedMethod.java:343) ~[groovy-4.0.6.jar:4.0.6]
	at groovy.lang.MetaMethod.doMethodInvoke(MetaMethod.java:328) ~[groovy-4.0.6.jar:4.0.6]
	at groovy.lang.MetaClassImpl.doInvokeMethod(MetaClassImpl.java:1348) ~[groovy-4.0.6.jar:4.0.6]
	at groovy.lang.MetaClassImpl.invokeMethod(MetaClassImpl.java:1103) ~[groovy-4.0.6.jar:4.0.6]
	at groovy.lang.MetaClassImpl.invokeMethod(MetaClassImpl.java:1009) ~[groovy-4.0.6.jar:4.0.6]
	at groovy.lang.MetaClassImpl.invokeMethod(MetaClassImpl.java:792) ~[groovy-4.0.6.jar:4.0.6]
	at io.restassured.internal.RequestSpecificationImpl.invokeMethod(RequestSpecificationImpl.groovy) ~[rest-assured-5.3.0.jar:?]
	at org.codehaus.groovy.runtime.callsite.PogoInterceptableSite.call(PogoInterceptableSite.java:46) ~[groovy-4.0.6.jar:4.0.6]
	at org.codehaus.groovy.runtime.callsite.PogoInterceptableSite.callCurrent(PogoInterceptableSite.java:57) ~[groovy-4.0.6.jar:4.0.6]
	at org.codehaus.groovy.runtime.callsite.CallSiteArray.defaultCallCurrent(CallSiteArray.java:49) ~[groovy-4.0.6.jar:4.0.6]
	at org.codehaus.groovy.runtime.callsite.AbstractCallSite.callCurrent(AbstractCallSite.java:171) ~[groovy-4.0.6.jar:4.0.6]
	at org.codehaus.groovy.runtime.callsite.AbstractCallSite.callCurrent(AbstractCallSite.java:203) ~[groovy-4.0.6.jar:4.0.6]
	at io.restassured.internal.RequestSpecificationImpl.applyPathParamsAndSendRequest(RequestSpecificationImpl.groovy:1710) ~[rest-assured-5.3.0.jar:?]
	at io.restassured.internal.RequestSpecificationImpl.this$2$applyPathParamsAndSendRequest(RequestSpecificationImpl.groovy) ~[rest-assured-5.3.0.jar:?]
	at jdk.internal.reflect.DirectMethodHandleAccessor.invoke(DirectMethodHandleAccessor.java:103) ~[?:?]
	at java.lang.reflect.Method.invoke(Method.java:580) ~[?:?]
	at org.codehaus.groovy.reflection.CachedMethod.invoke(CachedMethod.java:343) ~[groovy-4.0.6.jar:4.0.6]
	at groovy.lang.MetaMethod.doMethodInvoke(MetaMethod.java:328) ~[groovy-4.0.6.jar:4.0.6]
	at groovy.lang.MetaClassImpl.doInvokeMethod(MetaClassImpl.java:1348) ~[groovy-4.0.6.jar:4.0.6]
	at groovy.lang.MetaClassImpl.invokeMethod(MetaClassImpl.java:1103) ~[groovy-4.0.6.jar:4.0.6]
	at groovy.lang.MetaClassImpl.invokeMethod(MetaClassImpl.java:1009) ~[groovy-4.0.6.jar:4.0.6]
	at groovy.lang.MetaClassImpl.invokeMethod(MetaClassImpl.java:792) ~[groovy-4.0.6.jar:4.0.6]
	at io.restassured.internal.RequestSpecificationImpl.invokeMethod(RequestSpecificationImpl.groovy) ~[rest-assured-5.3.0.jar:?]
	at org.codehaus.groovy.runtime.callsite.PogoInterceptableSite.call(PogoInterceptableSite.java:46) ~[groovy-4.0.6.jar:4.0.6]
	at org.codehaus.groovy.runtime.callsite.PogoInterceptableSite.callCurrent(PogoInterceptableSite.java:57) ~[groovy-4.0.6.jar:4.0.6]
	at org.codehaus.groovy.runtime.callsite.CallSiteArray.defaultCallCurrent(CallSiteArray.java:49) ~[groovy-4.0.6.jar:4.0.6]
	at org.codehaus.groovy.runtime.callsite.AbstractCallSite.callCurrent(AbstractCallSite.java:171) ~[groovy-4.0.6.jar:4.0.6]
	at org.codehaus.groovy.runtime.callsite.AbstractCallSite.callCurrent(AbstractCallSite.java:203) ~[groovy-4.0.6.jar:4.0.6]
	at io.restassured.internal.RequestSpecificationImpl.post(RequestSpecificationImpl.groovy:176) ~[rest-assured-5.3.0.jar:?]
	at io.restassured.internal.RequestSpecificationImpl.post(RequestSpecificationImpl.groovy) ~[rest-assured-5.3.0.jar:?]
	at com.umr.apitesting.core.http.RestClientBuilder.execute(RestClientBuilder.java:79) ~[classes/:?]
	at com.umr.apitesting.keywords.BaseKeywords.executePost(BaseKeywords.java:44) ~[classes/:?]
	at jdk.internal.reflect.DirectMethodHandleAccessor.invoke(DirectMethodHandleAccessor.java:103) ~[?:?]
	at java.lang.reflect.Method.invoke(Method.java:580) ~[?:?]
	at com.umr.apitesting.core.executor.KeywordExecutor.executeKeyword(KeywordExecutor.java:39) ~[classes/:?]
	at com.umr.apitesting.core.executor.TestExecutor.executeTest(TestExecutor.java:36) ~[classes/:?]
	at com.umr.apitesting.test.PracticalApiTest.testCreateUser(PracticalApiTest.java:26) ~[test-classes/:?]
	at jdk.internal.reflect.DirectMethodHandleAccessor.invoke(DirectMethodHandleAccessor.java:103) ~[?:?]
	at java.lang.reflect.Method.invoke(Method.java:580) ~[?:?]
	at org.testng.internal.invokers.MethodInvocationHelper.invokeMethod(MethodInvocationHelper.java:139) ~[testng-7.7.1.jar:7.7.1]
	at org.testng.internal.invokers.TestInvoker.invokeMethod(TestInvoker.java:677) ~[testng-7.7.1.jar:7.7.1]
	at org.testng.internal.invokers.TestInvoker.invokeTestMethod(TestInvoker.java:221) ~[testng-7.7.1.jar:7.7.1]
	at org.testng.internal.invokers.MethodRunner.runInSequence(MethodRunner.java:50) ~[testng-7.7.1.jar:7.7.1]
	at org.testng.internal.invokers.TestInvoker$MethodInvocationAgent.invoke(TestInvoker.java:969) ~[testng-7.7.1.jar:7.7.1]
	at org.testng.internal.invokers.TestInvoker.invokeTestMethods(TestInvoker.java:194) ~[testng-7.7.1.jar:7.7.1]
	at org.testng.internal.invokers.TestMethodWorker.invokeTestMethods(TestMethodWorker.java:148) ~[testng-7.7.1.jar:7.7.1]
	at org.testng.internal.invokers.TestMethodWorker.run(TestMethodWorker.java:128) ~[testng-7.7.1.jar:7.7.1]
	at java.util.ArrayList.forEach(ArrayList.java:1596) [?:?]
	at org.testng.TestRunner.privateRun(TestRunner.java:829) [testng-7.7.1.jar:7.7.1]
	at org.testng.TestRunner.run(TestRunner.java:602) [testng-7.7.1.jar:7.7.1]
	at org.testng.SuiteRunner.runTest(SuiteRunner.java:437) [testng-7.7.1.jar:7.7.1]
	at org.testng.SuiteRunner.runSequentially(SuiteRunner.java:431) [testng-7.7.1.jar:7.7.1]
	at org.testng.SuiteRunner.privateRun(SuiteRunner.java:391) [testng-7.7.1.jar:7.7.1]
	at org.testng.SuiteRunner.run(SuiteRunner.java:330) [testng-7.7.1.jar:7.7.1]
	at org.testng.SuiteRunnerWorker.runSuite(SuiteRunnerWorker.java:52) [testng-7.7.1.jar:7.7.1]
	at org.testng.SuiteRunnerWorker.run(SuiteRunnerWorker.java:95) [testng-7.7.1.jar:7.7.1]
	at org.testng.TestNG.runSuitesSequentially(TestNG.java:1256) [testng-7.7.1.jar:7.7.1]
	at org.testng.TestNG.runSuitesLocally(TestNG.java:1176) [testng-7.7.1.jar:7.7.1]
	at org.testng.TestNG.runSuites(TestNG.java:1099) [testng-7.7.1.jar:7.7.1]
	at org.testng.TestNG.run(TestNG.java:1067) [testng-7.7.1.jar:7.7.1]
	at org.testng.remote.AbstractRemoteTestNG.run(AbstractRemoteTestNG.java:115) [testng-remote.jar:?]
	at org.testng.remote.RemoteTestNG.initAndRun(RemoteTestNG.java:293) [testng-remote.jar:?]
	at org.testng.remote.RemoteTestNG.main(RemoteTestNG.java:91) [testng-remote.jar:?]
2024-11-26 14:39:03.306 [main] ERROR com.umr.apitesting.utils.LoggerUtil - POST request failed
java.lang.RuntimeException: API request failed
	at com.umr.apitesting.core.http.RestClientBuilder.execute(RestClientBuilder.java:92) ~[classes/:?]
	at com.umr.apitesting.keywords.BaseKeywords.executePost(BaseKeywords.java:44) ~[classes/:?]
	at jdk.internal.reflect.DirectMethodHandleAccessor.invoke(DirectMethodHandleAccessor.java:103) ~[?:?]
	at java.lang.reflect.Method.invoke(Method.java:580) ~[?:?]
	at com.umr.apitesting.core.executor.KeywordExecutor.executeKeyword(KeywordExecutor.java:39) ~[classes/:?]
	at com.umr.apitesting.core.executor.TestExecutor.executeTest(TestExecutor.java:36) ~[classes/:?]
	at com.umr.apitesting.test.PracticalApiTest.testCreateUser(PracticalApiTest.java:26) ~[test-classes/:?]
	at jdk.internal.reflect.DirectMethodHandleAccessor.invoke(DirectMethodHandleAccessor.java:103) ~[?:?]
	at java.lang.reflect.Method.invoke(Method.java:580) ~[?:?]
	at org.testng.internal.invokers.MethodInvocationHelper.invokeMethod(MethodInvocationHelper.java:139) ~[testng-7.7.1.jar:7.7.1]
	at org.testng.internal.invokers.TestInvoker.invokeMethod(TestInvoker.java:677) ~[testng-7.7.1.jar:7.7.1]
	at org.testng.internal.invokers.TestInvoker.invokeTestMethod(TestInvoker.java:221) ~[testng-7.7.1.jar:7.7.1]
	at org.testng.internal.invokers.MethodRunner.runInSequence(MethodRunner.java:50) ~[testng-7.7.1.jar:7.7.1]
	at org.testng.internal.invokers.TestInvoker$MethodInvocationAgent.invoke(TestInvoker.java:969) ~[testng-7.7.1.jar:7.7.1]
	at org.testng.internal.invokers.TestInvoker.invokeTestMethods(TestInvoker.java:194) ~[testng-7.7.1.jar:7.7.1]
	at org.testng.internal.invokers.TestMethodWorker.invokeTestMethods(TestMethodWorker.java:148) ~[testng-7.7.1.jar:7.7.1]
	at org.testng.internal.invokers.TestMethodWorker.run(TestMethodWorker.java:128) ~[testng-7.7.1.jar:7.7.1]
	at java.util.ArrayList.forEach(ArrayList.java:1596) [?:?]
	at org.testng.TestRunner.privateRun(TestRunner.java:829) [testng-7.7.1.jar:7.7.1]
	at org.testng.TestRunner.run(TestRunner.java:602) [testng-7.7.1.jar:7.7.1]
	at org.testng.SuiteRunner.runTest(SuiteRunner.java:437) [testng-7.7.1.jar:7.7.1]
	at org.testng.SuiteRunner.runSequentially(SuiteRunner.java:431) [testng-7.7.1.jar:7.7.1]
	at org.testng.SuiteRunner.privateRun(SuiteRunner.java:391) [testng-7.7.1.jar:7.7.1]
	at org.testng.SuiteRunner.run(SuiteRunner.java:330) [testng-7.7.1.jar:7.7.1]
	at org.testng.SuiteRunnerWorker.runSuite(SuiteRunnerWorker.java:52) [testng-7.7.1.jar:7.7.1]
	at org.testng.SuiteRunnerWorker.run(SuiteRunnerWorker.java:95) [testng-7.7.1.jar:7.7.1]
	at org.testng.TestNG.runSuitesSequentially(TestNG.java:1256) [testng-7.7.1.jar:7.7.1]
	at org.testng.TestNG.runSuitesLocally(TestNG.java:1176) [testng-7.7.1.jar:7.7.1]
	at org.testng.TestNG.runSuites(TestNG.java:1099) [testng-7.7.1.jar:7.7.1]
	at org.testng.TestNG.run(TestNG.java:1067) [testng-7.7.1.jar:7.7.1]
	at org.testng.remote.AbstractRemoteTestNG.run(AbstractRemoteTestNG.java:115) [testng-remote.jar:?]
	at org.testng.remote.RemoteTestNG.initAndRun(RemoteTestNG.java:293) [testng-remote.jar:?]
	at org.testng.remote.RemoteTestNG.main(RemoteTestNG.java:91) [testng-remote.jar:?]
Caused by: java.net.ConnectException: Connection refused: connect
	at sun.nio.ch.Net.connect0(Native Method) ~[?:?]
	at sun.nio.ch.Net.connect(Net.java:589) ~[?:?]
	at sun.nio.ch.Net.connect(Net.java:578) ~[?:?]
	at sun.nio.ch.NioSocketImpl.connect(NioSocketImpl.java:583) ~[?:?]
	at java.net.SocksSocketImpl.connect(SocksSocketImpl.java:327) ~[?:?]
	at java.net.Socket.connect(Socket.java:751) ~[?:?]
	at org.apache.http.conn.scheme.PlainSocketFactory.connectSocket(PlainSocketFactory.java:121) ~[httpclient-4.5.13.jar:4.5.13]
	at org.apache.http.impl.conn.DefaultClientConnectionOperator.openConnection(DefaultClientConnectionOperator.java:180) ~[httpclient-4.5.13.jar:4.5.13]
	at org.apache.http.impl.conn.ManagedClientConnectionImpl.open(ManagedClientConnectionImpl.java:326) ~[httpclient-4.5.13.jar:4.5.13]
	at org.apache.http.impl.client.DefaultRequestDirector.tryConnect(DefaultRequestDirector.java:605) ~[httpclient-4.5.13.jar:4.5.13]
	at org.apache.http.impl.client.DefaultRequestDirector.execute(DefaultRequestDirector.java:440) ~[httpclient-4.5.13.jar:4.5.13]
	at org.apache.http.impl.client.AbstractHttpClient.doExecute(AbstractHttpClient.java:835) ~[httpclient-4.5.13.jar:4.5.13]
	at org.apache.http.impl.client.CloseableHttpClient.execute(CloseableHttpClient.java:83) ~[httpclient-4.5.13.jar:4.5.13]
	at io.restassured.internal.RestAssuredHttpBuilder.doRequest(RestAssuredHttpBuilder.java:141) ~[rest-assured-5.3.0.jar:?]
	at io.restassured.internal.http.HTTPBuilder.post(HTTPBuilder.java:349) ~[rest-assured-5.3.0.jar:?]
	at io.restassured.internal.http.HTTPBuilder$post$2.call(Unknown Source) ~[?:?]
	at org.codehaus.groovy.runtime.callsite.CallSiteArray.defaultCall(CallSiteArray.java:45) ~[groovy-4.0.6.jar:4.0.6]
	at org.codehaus.groovy.runtime.callsite.AbstractCallSite.call(AbstractCallSite.java:125) ~[groovy-4.0.6.jar:4.0.6]
	at org.codehaus.groovy.runtime.callsite.AbstractCallSite.call(AbstractCallSite.java:148) ~[groovy-4.0.6.jar:4.0.6]
	at io.restassured.internal.RequestSpecificationImpl.sendRequest(RequestSpecificationImpl.groovy:1209) ~[rest-assured-5.3.0.jar:?]
	at io.restassured.internal.RequestSpecificationImpl.this$2$sendRequest(RequestSpecificationImpl.groovy) ~[rest-assured-5.3.0.jar:?]
	at jdk.internal.reflect.DirectMethodHandleAccessor.invoke(DirectMethodHandleAccessor.java:103) ~[?:?]
	at java.lang.reflect.Method.invoke(Method.java:580) ~[?:?]
	at org.codehaus.groovy.reflection.CachedMethod.invoke(CachedMethod.java:343) ~[groovy-4.0.6.jar:4.0.6]
	at groovy.lang.MetaMethod.doMethodInvoke(MetaMethod.java:328) ~[groovy-4.0.6.jar:4.0.6]
	at groovy.lang.MetaClassImpl.doInvokeMethod(MetaClassImpl.java:1348) ~[groovy-4.0.6.jar:4.0.6]
	at groovy.lang.MetaClassImpl.invokeMethod(MetaClassImpl.java:1103) ~[groovy-4.0.6.jar:4.0.6]
	at groovy.lang.MetaClassImpl.invokeMethod(MetaClassImpl.java:1009) ~[groovy-4.0.6.jar:4.0.6]
	at groovy.lang.MetaClassImpl.invokeMethod(MetaClassImpl.java:792) ~[groovy-4.0.6.jar:4.0.6]
	at io.restassured.internal.RequestSpecificationImpl.invokeMethod(RequestSpecificationImpl.groovy) ~[rest-assured-5.3.0.jar:?]
	at org.codehaus.groovy.runtime.callsite.PogoInterceptableSite.call(PogoInterceptableSite.java:46) ~[groovy-4.0.6.jar:4.0.6]
	at org.codehaus.groovy.runtime.callsite.CallSiteArray.defaultCall(CallSiteArray.java:45) ~[groovy-4.0.6.jar:4.0.6]
	at org.codehaus.groovy.runtime.callsite.AbstractCallSite.call(AbstractCallSite.java:125) ~[groovy-4.0.6.jar:4.0.6]
	at org.codehaus.groovy.runtime.callsite.AbstractCallSite.call(AbstractCallSite.java:166) ~[groovy-4.0.6.jar:4.0.6]
	at io.restassured.internal.filter.SendRequestFilter.filter(SendRequestFilter.groovy:30) ~[rest-assured-5.3.0.jar:?]
	at io.restassured.filter.Filter$filter.call(Unknown Source) ~[?:?]
	at org.codehaus.groovy.runtime.callsite.CallSiteArray.defaultCall(CallSiteArray.java:45) ~[groovy-4.0.6.jar:4.0.6]
	at io.restassured.filter.Filter$filter$0.call(Unknown Source) ~[?:?]
	at io.restassured.internal.filter.FilterContextImpl.next(FilterContextImpl.groovy:72) ~[rest-assured-5.3.0.jar:?]
	at io.restassured.filter.time.TimingFilter.filter(TimingFilter.java:56) ~[rest-assured-5.3.0.jar:?]
	at io.restassured.filter.Filter$filter$0.call(Unknown Source) ~[?:?]
	at org.codehaus.groovy.runtime.callsite.CallSiteArray.defaultCall(CallSiteArray.java:45) ~[groovy-4.0.6.jar:4.0.6]
	at io.restassured.filter.Filter$filter.call(Unknown Source) ~[?:?]
	at io.restassured.internal.filter.FilterContextImpl.next(FilterContextImpl.groovy:72) ~[rest-assured-5.3.0.jar:?]
	at io.restassured.filter.FilterContext$next.call(Unknown Source) ~[?:?]
	at org.codehaus.groovy.runtime.callsite.CallSiteArray.defaultCall(CallSiteArray.java:45) ~[groovy-4.0.6.jar:4.0.6]
	at org.codehaus.groovy.runtime.callsite.AbstractCallSite.call(AbstractCallSite.java:125) ~[groovy-4.0.6.jar:4.0.6]
	at org.codehaus.groovy.runtime.callsite.AbstractCallSite.call(AbstractCallSite.java:148) ~[groovy-4.0.6.jar:4.0.6]
	at io.restassured.internal.filter.CsrfFilter.filter(CsrfFilter.groovy:70) ~[rest-assured-5.3.0.jar:?]
	at io.restassured.filter.Filter$filter.call(Unknown Source) ~[?:?]
	at org.codehaus.groovy.runtime.callsite.CallSiteArray.defaultCall(CallSiteArray.java:45) ~[groovy-4.0.6.jar:4.0.6]
	at org.codehaus.groovy.runtime.callsite.AbstractCallSite.call(AbstractCallSite.java:125) ~[groovy-4.0.6.jar:4.0.6]
	at org.codehaus.groovy.runtime.callsite.AbstractCallSite.call(AbstractCallSite.java:157) ~[groovy-4.0.6.jar:4.0.6]
	at io.restassured.internal.filter.FilterContextImpl.next(FilterContextImpl.groovy:72) ~[rest-assured-5.3.0.jar:?]
	at io.restassured.filter.FilterContext$next.call(Unknown Source) ~[?:?]
	at org.codehaus.groovy.runtime.callsite.CallSiteArray.defaultCall(CallSiteArray.java:45) ~[groovy-4.0.6.jar:4.0.6]
	at org.codehaus.groovy.runtime.callsite.AbstractCallSite.call(AbstractCallSite.java:125) ~[groovy-4.0.6.jar:4.0.6]
	at org.codehaus.groovy.runtime.callsite.AbstractCallSite.call(AbstractCallSite.java:148) ~[groovy-4.0.6.jar:4.0.6]
	at io.restassured.internal.RequestSpecificationImpl.applyPathParamsAndSendRequest(RequestSpecificationImpl.groovy:1704) ~[rest-assured-5.3.0.jar:?]
	at io.restassured.internal.RequestSpecificationImpl.this$2$applyPathParamsAndSendRequest(RequestSpecificationImpl.groovy) ~[rest-assured-5.3.0.jar:?]
	at jdk.internal.reflect.DirectMethodHandleAccessor.invoke(DirectMethodHandleAccessor.java:103) ~[?:?]
	at java.lang.reflect.Method.invoke(Method.java:580) ~[?:?]
	at org.codehaus.groovy.reflection.CachedMethod.invoke(CachedMethod.java:343) ~[groovy-4.0.6.jar:4.0.6]
	at groovy.lang.MetaMethod.doMethodInvoke(MetaMethod.java:328) ~[groovy-4.0.6.jar:4.0.6]
	at groovy.lang.MetaClassImpl.doInvokeMethod(MetaClassImpl.java:1348) ~[groovy-4.0.6.jar:4.0.6]
	at groovy.lang.MetaClassImpl.invokeMethod(MetaClassImpl.java:1103) ~[groovy-4.0.6.jar:4.0.6]
	at groovy.lang.MetaClassImpl.invokeMethod(MetaClassImpl.java:1009) ~[groovy-4.0.6.jar:4.0.6]
	at groovy.lang.MetaClassImpl.invokeMethod(MetaClassImpl.java:792) ~[groovy-4.0.6.jar:4.0.6]
	at io.restassured.internal.RequestSpecificationImpl.invokeMethod(RequestSpecificationImpl.groovy) ~[rest-assured-5.3.0.jar:?]
	at org.codehaus.groovy.runtime.callsite.PogoInterceptableSite.call(PogoInterceptableSite.java:46) ~[groovy-4.0.6.jar:4.0.6]
	at org.codehaus.groovy.runtime.callsite.PogoInterceptableSite.callCurrent(PogoInterceptableSite.java:57) ~[groovy-4.0.6.jar:4.0.6]
	at org.codehaus.groovy.runtime.callsite.CallSiteArray.defaultCallCurrent(CallSiteArray.java:49) ~[groovy-4.0.6.jar:4.0.6]
	at org.codehaus.groovy.runtime.callsite.AbstractCallSite.callCurrent(AbstractCallSite.java:171) ~[groovy-4.0.6.jar:4.0.6]
	at org.codehaus.groovy.runtime.callsite.AbstractCallSite.callCurrent(AbstractCallSite.java:203) ~[groovy-4.0.6.jar:4.0.6]
	at io.restassured.internal.RequestSpecificationImpl.applyPathParamsAndSendRequest(RequestSpecificationImpl.groovy:1710) ~[rest-assured-5.3.0.jar:?]
	at io.restassured.internal.RequestSpecificationImpl.this$2$applyPathParamsAndSendRequest(RequestSpecificationImpl.groovy) ~[rest-assured-5.3.0.jar:?]
	at jdk.internal.reflect.DirectMethodHandleAccessor.invoke(DirectMethodHandleAccessor.java:103) ~[?:?]
	at java.lang.reflect.Method.invoke(Method.java:580) ~[?:?]
	at org.codehaus.groovy.reflection.CachedMethod.invoke(CachedMethod.java:343) ~[groovy-4.0.6.jar:4.0.6]
	at groovy.lang.MetaMethod.doMethodInvoke(MetaMethod.java:328) ~[groovy-4.0.6.jar:4.0.6]
	at groovy.lang.MetaClassImpl.doInvokeMethod(MetaClassImpl.java:1348) ~[groovy-4.0.6.jar:4.0.6]
	at groovy.lang.MetaClassImpl.invokeMethod(MetaClassImpl.java:1103) ~[groovy-4.0.6.jar:4.0.6]
	at groovy.lang.MetaClassImpl.invokeMethod(MetaClassImpl.java:1009) ~[groovy-4.0.6.jar:4.0.6]
	at groovy.lang.MetaClassImpl.invokeMethod(MetaClassImpl.java:792) ~[groovy-4.0.6.jar:4.0.6]
	at io.restassured.internal.RequestSpecificationImpl.invokeMethod(RequestSpecificationImpl.groovy) ~[rest-assured-5.3.0.jar:?]
	at org.codehaus.groovy.runtime.callsite.PogoInterceptableSite.call(PogoInterceptableSite.java:46) ~[groovy-4.0.6.jar:4.0.6]
	at org.codehaus.groovy.runtime.callsite.PogoInterceptableSite.callCurrent(PogoInterceptableSite.java:57) ~[groovy-4.0.6.jar:4.0.6]
	at org.codehaus.groovy.runtime.callsite.CallSiteArray.defaultCallCurrent(CallSiteArray.java:49) ~[groovy-4.0.6.jar:4.0.6]
	at org.codehaus.groovy.runtime.callsite.AbstractCallSite.callCurrent(AbstractCallSite.java:171) ~[groovy-4.0.6.jar:4.0.6]
	at org.codehaus.groovy.runtime.callsite.AbstractCallSite.callCurrent(AbstractCallSite.java:203) ~[groovy-4.0.6.jar:4.0.6]
	at io.restassured.internal.RequestSpecificationImpl.post(RequestSpecificationImpl.groovy:176) ~[rest-assured-5.3.0.jar:?]
	at io.restassured.internal.RequestSpecificationImpl.post(RequestSpecificationImpl.groovy) ~[rest-assured-5.3.0.jar:?]
	at com.umr.apitesting.core.http.RestClientBuilder.execute(RestClientBuilder.java:79) ~[classes/:?]
	... 32 more
2024-11-26 14:39:03.308 [main] ERROR com.umr.apitesting.utils.LoggerUtil - Keyword execution failed: POST
2024-11-26 14:39:03.308 [main] ERROR com.umr.apitesting.utils.LoggerUtil - Test execution failed: TC002
java.lang.RuntimeException: Test failed at keyword: POST
	at com.umr.apitesting.core.executor.TestExecutor.executeTest(TestExecutor.java:39) ~[classes/:?]
	at com.umr.apitesting.test.PracticalApiTest.testCreateUser(PracticalApiTest.java:26) ~[test-classes/:?]
	at jdk.internal.reflect.DirectMethodHandleAccessor.invoke(DirectMethodHandleAccessor.java:103) ~[?:?]
	at java.lang.reflect.Method.invoke(Method.java:580) ~[?:?]
	at org.testng.internal.invokers.MethodInvocationHelper.invokeMethod(MethodInvocationHelper.java:139) ~[testng-7.7.1.jar:7.7.1]
	at org.testng.internal.invokers.TestInvoker.invokeMethod(TestInvoker.java:677) ~[testng-7.7.1.jar:7.7.1]
	at org.testng.internal.invokers.TestInvoker.invokeTestMethod(TestInvoker.java:221) ~[testng-7.7.1.jar:7.7.1]
	at org.testng.internal.invokers.MethodRunner.runInSequence(MethodRunner.java:50) ~[testng-7.7.1.jar:7.7.1]
	at org.testng.internal.invokers.TestInvoker$MethodInvocationAgent.invoke(TestInvoker.java:969) ~[testng-7.7.1.jar:7.7.1]
	at org.testng.internal.invokers.TestInvoker.invokeTestMethods(TestInvoker.java:194) ~[testng-7.7.1.jar:7.7.1]
	at org.testng.internal.invokers.TestMethodWorker.invokeTestMethods(TestMethodWorker.java:148) ~[testng-7.7.1.jar:7.7.1]
	at org.testng.internal.invokers.TestMethodWorker.run(TestMethodWorker.java:128) ~[testng-7.7.1.jar:7.7.1]
	at java.util.ArrayList.forEach(ArrayList.java:1596) [?:?]
	at org.testng.TestRunner.privateRun(TestRunner.java:829) [testng-7.7.1.jar:7.7.1]
	at org.testng.TestRunner.run(TestRunner.java:602) [testng-7.7.1.jar:7.7.1]
	at org.testng.SuiteRunner.runTest(SuiteRunner.java:437) [testng-7.7.1.jar:7.7.1]
	at org.testng.SuiteRunner.runSequentially(SuiteRunner.java:431) [testng-7.7.1.jar:7.7.1]
	at org.testng.SuiteRunner.privateRun(SuiteRunner.java:391) [testng-7.7.1.jar:7.7.1]
	at org.testng.SuiteRunner.run(SuiteRunner.java:330) [testng-7.7.1.jar:7.7.1]
	at org.testng.SuiteRunnerWorker.runSuite(SuiteRunnerWorker.java:52) [testng-7.7.1.jar:7.7.1]
	at org.testng.SuiteRunnerWorker.run(SuiteRunnerWorker.java:95) [testng-7.7.1.jar:7.7.1]
	at org.testng.TestNG.runSuitesSequentially(TestNG.java:1256) [testng-7.7.1.jar:7.7.1]
	at org.testng.TestNG.runSuitesLocally(TestNG.java:1176) [testng-7.7.1.jar:7.7.1]
	at org.testng.TestNG.runSuites(TestNG.java:1099) [testng-7.7.1.jar:7.7.1]
	at org.testng.TestNG.run(TestNG.java:1067) [testng-7.7.1.jar:7.7.1]
	at org.testng.remote.AbstractRemoteTestNG.run(AbstractRemoteTestNG.java:115) [testng-remote.jar:?]
	at org.testng.remote.RemoteTestNG.initAndRun(RemoteTestNG.java:293) [testng-remote.jar:?]
	at org.testng.remote.RemoteTestNG.main(RemoteTestNG.java:91) [testng-remote.jar:?]
2024-11-26 14:39:03.356 [main] INFO  com.umr.apitesting.utils.LoggerUtil - Successfully initialized workbook: src/main/resources/testdata/TestSuite.xlsx
2024-11-26 14:39:03.393 [main] INFO  com.umr.apitesting.utils.LoggerUtil - Successfully initialized workbook: src/main/resources/testdata/TestSuite.xlsx
2024-11-26 14:39:03.396 [main] INFO  com.umr.apitesting.utils.LoggerUtil - Executing test: TC004
2024-11-26 14:39:03.396 [main] INFO  com.umr.apitesting.utils.LoggerUtil - Test data: https://restcountries.com/v3.1/name/germany
2024-11-26 14:39:03.396 [main] INFO  com.umr.apitesting.utils.LoggerUtil - Executing keyword: GET
2024-11-26 14:39:03.396 [main] INFO  com.umr.apitesting.utils.LoggerUtil - Executing keyword: GET
2024-11-26 14:39:03.398 [main] INFO  com.umr.apitesting.utils.LoggerUtil - Making request to: https://restcountries.com/v3.1/name/germany
2024-11-26 14:39:03.399 [main] INFO  com.umr.apitesting.utils.LoggerUtil - Headers: {Content-Type=application/json}
2024-11-26 14:39:03.400 [main] INFO  com.umr.apitesting.utils.LoggerUtil - Executing GET request to https://restcountries.com/v3.1/name/germany
2024-11-26 14:39:03.741 [main] INFO  com.umr.apitesting.utils.LoggerUtil - Response Status: 200
2024-11-26 14:39:03.741 [main] INFO  com.umr.apitesting.utils.LoggerUtil - Executing keyword: VERIFY_STATUS
2024-11-26 14:39:03.741 [main] INFO  com.umr.apitesting.utils.LoggerUtil - Executing keyword: VERIFY_STATUS
2024-11-26 14:39:03.743 [main] ERROR com.umr.apitesting.utils.LoggerUtil - Failed to execute keyword: VERIFY_STATUS
java.lang.reflect.InvocationTargetException: null
	at jdk.internal.reflect.DirectMethodHandleAccessor.invoke(DirectMethodHandleAccessor.java:115) ~[?:?]
	at java.lang.reflect.Method.invoke(Method.java:580) ~[?:?]
	at com.umr.apitesting.core.executor.KeywordExecutor.executeKeyword(KeywordExecutor.java:39) ~[classes/:?]
	at com.umr.apitesting.core.executor.TestExecutor.executeTest(TestExecutor.java:36) ~[classes/:?]
	at com.umr.apitesting.test.PracticalApiTest.testGetCountry(PracticalApiTest.java:36) ~[test-classes/:?]
	at jdk.internal.reflect.DirectMethodHandleAccessor.invoke(DirectMethodHandleAccessor.java:103) ~[?:?]
	at java.lang.reflect.Method.invoke(Method.java:580) ~[?:?]
	at org.testng.internal.invokers.MethodInvocationHelper.invokeMethod(MethodInvocationHelper.java:139) ~[testng-7.7.1.jar:7.7.1]
	at org.testng.internal.invokers.TestInvoker.invokeMethod(TestInvoker.java:677) ~[testng-7.7.1.jar:7.7.1]
	at org.testng.internal.invokers.TestInvoker.invokeTestMethod(TestInvoker.java:221) ~[testng-7.7.1.jar:7.7.1]
	at org.testng.internal.invokers.MethodRunner.runInSequence(MethodRunner.java:50) ~[testng-7.7.1.jar:7.7.1]
	at org.testng.internal.invokers.TestInvoker$MethodInvocationAgent.invoke(TestInvoker.java:969) ~[testng-7.7.1.jar:7.7.1]
	at org.testng.internal.invokers.TestInvoker.invokeTestMethods(TestInvoker.java:194) ~[testng-7.7.1.jar:7.7.1]
	at org.testng.internal.invokers.TestMethodWorker.invokeTestMethods(TestMethodWorker.java:148) ~[testng-7.7.1.jar:7.7.1]
	at org.testng.internal.invokers.TestMethodWorker.run(TestMethodWorker.java:128) ~[testng-7.7.1.jar:7.7.1]
	at java.util.ArrayList.forEach(ArrayList.java:1596) [?:?]
	at org.testng.TestRunner.privateRun(TestRunner.java:829) [testng-7.7.1.jar:7.7.1]
	at org.testng.TestRunner.run(TestRunner.java:602) [testng-7.7.1.jar:7.7.1]
	at org.testng.SuiteRunner.runTest(SuiteRunner.java:437) [testng-7.7.1.jar:7.7.1]
	at org.testng.SuiteRunner.runSequentially(SuiteRunner.java:431) [testng-7.7.1.jar:7.7.1]
	at org.testng.SuiteRunner.privateRun(SuiteRunner.java:391) [testng-7.7.1.jar:7.7.1]
	at org.testng.SuiteRunner.run(SuiteRunner.java:330) [testng-7.7.1.jar:7.7.1]
	at org.testng.SuiteRunnerWorker.runSuite(SuiteRunnerWorker.java:52) [testng-7.7.1.jar:7.7.1]
	at org.testng.SuiteRunnerWorker.run(SuiteRunnerWorker.java:95) [testng-7.7.1.jar:7.7.1]
	at org.testng.TestNG.runSuitesSequentially(TestNG.java:1256) [testng-7.7.1.jar:7.7.1]
	at org.testng.TestNG.runSuitesLocally(TestNG.java:1176) [testng-7.7.1.jar:7.7.1]
	at org.testng.TestNG.runSuites(TestNG.java:1099) [testng-7.7.1.jar:7.7.1]
	at org.testng.TestNG.run(TestNG.java:1067) [testng-7.7.1.jar:7.7.1]
	at org.testng.remote.AbstractRemoteTestNG.run(AbstractRemoteTestNG.java:115) [testng-remote.jar:?]
	at org.testng.remote.RemoteTestNG.initAndRun(RemoteTestNG.java:293) [testng-remote.jar:?]
	at org.testng.remote.RemoteTestNG.main(RemoteTestNG.java:91) [testng-remote.jar:?]
Caused by: java.lang.NullPointerException: Cannot invoke "Object.toString()" because the return value of "com.umr.apitesting.core.context.TestContext.getTestData(String)" is null
	at com.umr.apitesting.keywords.BaseKeywords.verifyStatus(BaseKeywords.java:57) ~[classes/:?]
	at jdk.internal.reflect.DirectMethodHandleAccessor.invoke(DirectMethodHandleAccessor.java:103) ~[?:?]
	... 30 more
2024-11-26 14:39:03.745 [main] ERROR com.umr.apitesting.utils.LoggerUtil - Keyword execution failed: VERIFY_STATUS
2024-11-26 14:39:03.745 [main] ERROR com.umr.apitesting.utils.LoggerUtil - Test execution failed: TC004
java.lang.RuntimeException: Test failed at keyword: VERIFY_STATUS
	at com.umr.apitesting.core.executor.TestExecutor.executeTest(TestExecutor.java:39) ~[classes/:?]
	at com.umr.apitesting.test.PracticalApiTest.testGetCountry(PracticalApiTest.java:36) ~[test-classes/:?]
	at jdk.internal.reflect.DirectMethodHandleAccessor.invoke(DirectMethodHandleAccessor.java:103) ~[?:?]
	at java.lang.reflect.Method.invoke(Method.java:580) ~[?:?]
	at org.testng.internal.invokers.MethodInvocationHelper.invokeMethod(MethodInvocationHelper.java:139) ~[testng-7.7.1.jar:7.7.1]
	at org.testng.internal.invokers.TestInvoker.invokeMethod(TestInvoker.java:677) ~[testng-7.7.1.jar:7.7.1]
	at org.testng.internal.invokers.TestInvoker.invokeTestMethod(TestInvoker.java:221) ~[testng-7.7.1.jar:7.7.1]
	at org.testng.internal.invokers.MethodRunner.runInSequence(MethodRunner.java:50) ~[testng-7.7.1.jar:7.7.1]
	at org.testng.internal.invokers.TestInvoker$MethodInvocationAgent.invoke(TestInvoker.java:969) ~[testng-7.7.1.jar:7.7.1]
	at org.testng.internal.invokers.TestInvoker.invokeTestMethods(TestInvoker.java:194) ~[testng-7.7.1.jar:7.7.1]
	at org.testng.internal.invokers.TestMethodWorker.invokeTestMethods(TestMethodWorker.java:148) ~[testng-7.7.1.jar:7.7.1]
	at org.testng.internal.invokers.TestMethodWorker.run(TestMethodWorker.java:128) ~[testng-7.7.1.jar:7.7.1]
	at java.util.ArrayList.forEach(ArrayList.java:1596) [?:?]
	at org.testng.TestRunner.privateRun(TestRunner.java:829) [testng-7.7.1.jar:7.7.1]
	at org.testng.TestRunner.run(TestRunner.java:602) [testng-7.7.1.jar:7.7.1]
	at org.testng.SuiteRunner.runTest(SuiteRunner.java:437) [testng-7.7.1.jar:7.7.1]
	at org.testng.SuiteRunner.runSequentially(SuiteRunner.java:431) [testng-7.7.1.jar:7.7.1]
	at org.testng.SuiteRunner.privateRun(SuiteRunner.java:391) [testng-7.7.1.jar:7.7.1]
	at org.testng.SuiteRunner.run(SuiteRunner.java:330) [testng-7.7.1.jar:7.7.1]
	at org.testng.SuiteRunnerWorker.runSuite(SuiteRunnerWorker.java:52) [testng-7.7.1.jar:7.7.1]
	at org.testng.SuiteRunnerWorker.run(SuiteRunnerWorker.java:95) [testng-7.7.1.jar:7.7.1]
	at org.testng.TestNG.runSuitesSequentially(TestNG.java:1256) [testng-7.7.1.jar:7.7.1]
	at org.testng.TestNG.runSuitesLocally(TestNG.java:1176) [testng-7.7.1.jar:7.7.1]
	at org.testng.TestNG.runSuites(TestNG.java:1099) [testng-7.7.1.jar:7.7.1]
	at org.testng.TestNG.run(TestNG.java:1067) [testng-7.7.1.jar:7.7.1]
	at org.testng.remote.AbstractRemoteTestNG.run(AbstractRemoteTestNG.java:115) [testng-remote.jar:?]
	at org.testng.remote.RemoteTestNG.initAndRun(RemoteTestNG.java:293) [testng-remote.jar:?]
	at org.testng.remote.RemoteTestNG.main(RemoteTestNG.java:91) [testng-remote.jar:?]
2024-11-26 14:39:03.797 [main] INFO  com.umr.apitesting.utils.LoggerUtil - Successfully initialized workbook: src/main/resources/testdata/TestSuite.xlsx
2024-11-26 14:39:03.834 [main] INFO  com.umr.apitesting.utils.LoggerUtil - Successfully initialized workbook: src/main/resources/testdata/TestSuite.xlsx
2024-11-26 14:39:03.836 [main] INFO  com.umr.apitesting.utils.LoggerUtil - Executing test: TC001
2024-11-26 14:39:03.836 [main] INFO  com.umr.apitesting.utils.LoggerUtil - Test data: https://jsonplaceholder.typicode.com/posts/1
2024-11-26 14:39:03.836 [main] INFO  com.umr.apitesting.utils.LoggerUtil - Executing keyword: GET
2024-11-26 14:39:03.836 [main] INFO  com.umr.apitesting.utils.LoggerUtil - Executing keyword: GET
2024-11-26 14:39:03.837 [main] INFO  com.umr.apitesting.utils.LoggerUtil - Making request to: https://jsonplaceholder.typicode.com/posts/1
2024-11-26 14:39:03.837 [main] INFO  com.umr.apitesting.utils.LoggerUtil - Headers: {Content-Type=application/json}
2024-11-26 14:39:03.837 [main] INFO  com.umr.apitesting.utils.LoggerUtil - Executing GET request to https://jsonplaceholder.typicode.com/posts/1
2024-11-26 14:39:03.939 [main] INFO  com.umr.apitesting.utils.LoggerUtil - Response Status: 200
2024-11-26 14:39:03.939 [main] INFO  com.umr.apitesting.utils.LoggerUtil - Executing keyword: VERIFY_STATUS
2024-11-26 14:39:03.939 [main] INFO  com.umr.apitesting.utils.LoggerUtil - Executing keyword: VERIFY_STATUS
2024-11-26 14:39:03.939 [main] ERROR com.umr.apitesting.utils.LoggerUtil - Failed to execute keyword: VERIFY_STATUS
java.lang.reflect.InvocationTargetException: null
	at jdk.internal.reflect.DirectMethodHandleAccessor.invoke(DirectMethodHandleAccessor.java:115) ~[?:?]
	at java.lang.reflect.Method.invoke(Method.java:580) ~[?:?]
	at com.umr.apitesting.core.executor.KeywordExecutor.executeKeyword(KeywordExecutor.java:39) ~[classes/:?]
	at com.umr.apitesting.core.executor.TestExecutor.executeTest(TestExecutor.java:36) ~[classes/:?]
	at com.umr.apitesting.test.PracticalApiTest.testGetPost(PracticalApiTest.java:21) ~[test-classes/:?]
	at jdk.internal.reflect.DirectMethodHandleAccessor.invoke(DirectMethodHandleAccessor.java:103) ~[?:?]
	at java.lang.reflect.Method.invoke(Method.java:580) ~[?:?]
	at org.testng.internal.invokers.MethodInvocationHelper.invokeMethod(MethodInvocationHelper.java:139) ~[testng-7.7.1.jar:7.7.1]
	at org.testng.internal.invokers.TestInvoker.invokeMethod(TestInvoker.java:677) ~[testng-7.7.1.jar:7.7.1]
	at org.testng.internal.invokers.TestInvoker.invokeTestMethod(TestInvoker.java:221) ~[testng-7.7.1.jar:7.7.1]
	at org.testng.internal.invokers.MethodRunner.runInSequence(MethodRunner.java:50) ~[testng-7.7.1.jar:7.7.1]
	at org.testng.internal.invokers.TestInvoker$MethodInvocationAgent.invoke(TestInvoker.java:969) ~[testng-7.7.1.jar:7.7.1]
	at org.testng.internal.invokers.TestInvoker.invokeTestMethods(TestInvoker.java:194) ~[testng-7.7.1.jar:7.7.1]
	at org.testng.internal.invokers.TestMethodWorker.invokeTestMethods(TestMethodWorker.java:148) ~[testng-7.7.1.jar:7.7.1]
	at org.testng.internal.invokers.TestMethodWorker.run(TestMethodWorker.java:128) ~[testng-7.7.1.jar:7.7.1]
	at java.util.ArrayList.forEach(ArrayList.java:1596) [?:?]
	at org.testng.TestRunner.privateRun(TestRunner.java:829) [testng-7.7.1.jar:7.7.1]
	at org.testng.TestRunner.run(TestRunner.java:602) [testng-7.7.1.jar:7.7.1]
	at org.testng.SuiteRunner.runTest(SuiteRunner.java:437) [testng-7.7.1.jar:7.7.1]
	at org.testng.SuiteRunner.runSequentially(SuiteRunner.java:431) [testng-7.7.1.jar:7.7.1]
	at org.testng.SuiteRunner.privateRun(SuiteRunner.java:391) [testng-7.7.1.jar:7.7.1]
	at org.testng.SuiteRunner.run(SuiteRunner.java:330) [testng-7.7.1.jar:7.7.1]
	at org.testng.SuiteRunnerWorker.runSuite(SuiteRunnerWorker.java:52) [testng-7.7.1.jar:7.7.1]
	at org.testng.SuiteRunnerWorker.run(SuiteRunnerWorker.java:95) [testng-7.7.1.jar:7.7.1]
	at org.testng.TestNG.runSuitesSequentially(TestNG.java:1256) [testng-7.7.1.jar:7.7.1]
	at org.testng.TestNG.runSuitesLocally(TestNG.java:1176) [testng-7.7.1.jar:7.7.1]
	at org.testng.TestNG.runSuites(TestNG.java:1099) [testng-7.7.1.jar:7.7.1]
	at org.testng.TestNG.run(TestNG.java:1067) [testng-7.7.1.jar:7.7.1]
	at org.testng.remote.AbstractRemoteTestNG.run(AbstractRemoteTestNG.java:115) [testng-remote.jar:?]
	at org.testng.remote.RemoteTestNG.initAndRun(RemoteTestNG.java:293) [testng-remote.jar:?]
	at org.testng.remote.RemoteTestNG.main(RemoteTestNG.java:91) [testng-remote.jar:?]
Caused by: java.lang.NullPointerException: Cannot invoke "Object.toString()" because the return value of "com.umr.apitesting.core.context.TestContext.getTestData(String)" is null
	at com.umr.apitesting.keywords.BaseKeywords.verifyStatus(BaseKeywords.java:57) ~[classes/:?]
	at jdk.internal.reflect.DirectMethodHandleAccessor.invoke(DirectMethodHandleAccessor.java:103) ~[?:?]
	... 30 more
2024-11-26 14:39:03.940 [main] ERROR com.umr.apitesting.utils.LoggerUtil - Keyword execution failed: VERIFY_STATUS
2024-11-26 14:39:03.940 [main] ERROR com.umr.apitesting.utils.LoggerUtil - Test execution failed: TC001
java.lang.RuntimeException: Test failed at keyword: VERIFY_STATUS
	at com.umr.apitesting.core.executor.TestExecutor.executeTest(TestExecutor.java:39) ~[classes/:?]
	at com.umr.apitesting.test.PracticalApiTest.testGetPost(PracticalApiTest.java:21) ~[test-classes/:?]
	at jdk.internal.reflect.DirectMethodHandleAccessor.invoke(DirectMethodHandleAccessor.java:103) ~[?:?]
	at java.lang.reflect.Method.invoke(Method.java:580) ~[?:?]
	at org.testng.internal.invokers.MethodInvocationHelper.invokeMethod(MethodInvocationHelper.java:139) ~[testng-7.7.1.jar:7.7.1]
	at org.testng.internal.invokers.TestInvoker.invokeMethod(TestInvoker.java:677) ~[testng-7.7.1.jar:7.7.1]
	at org.testng.internal.invokers.TestInvoker.invokeTestMethod(TestInvoker.java:221) ~[testng-7.7.1.jar:7.7.1]
	at org.testng.internal.invokers.MethodRunner.runInSequence(MethodRunner.java:50) ~[testng-7.7.1.jar:7.7.1]
	at org.testng.internal.invokers.TestInvoker$MethodInvocationAgent.invoke(TestInvoker.java:969) ~[testng-7.7.1.jar:7.7.1]
	at org.testng.internal.invokers.TestInvoker.invokeTestMethods(TestInvoker.java:194) ~[testng-7.7.1.jar:7.7.1]
	at org.testng.internal.invokers.TestMethodWorker.invokeTestMethods(TestMethodWorker.java:148) ~[testng-7.7.1.jar:7.7.1]
	at org.testng.internal.invokers.TestMethodWorker.run(TestMethodWorker.java:128) ~[testng-7.7.1.jar:7.7.1]
	at java.util.ArrayList.forEach(ArrayList.java:1596) [?:?]
	at org.testng.TestRunner.privateRun(TestRunner.java:829) [testng-7.7.1.jar:7.7.1]
	at org.testng.TestRunner.run(TestRunner.java:602) [testng-7.7.1.jar:7.7.1]
	at org.testng.SuiteRunner.runTest(SuiteRunner.java:437) [testng-7.7.1.jar:7.7.1]
	at org.testng.SuiteRunner.runSequentially(SuiteRunner.java:431) [testng-7.7.1.jar:7.7.1]
	at org.testng.SuiteRunner.privateRun(SuiteRunner.java:391) [testng-7.7.1.jar:7.7.1]
	at org.testng.SuiteRunner.run(SuiteRunner.java:330) [testng-7.7.1.jar:7.7.1]
	at org.testng.SuiteRunnerWorker.runSuite(SuiteRunnerWorker.java:52) [testng-7.7.1.jar:7.7.1]
	at org.testng.SuiteRunnerWorker.run(SuiteRunnerWorker.java:95) [testng-7.7.1.jar:7.7.1]
	at org.testng.TestNG.runSuitesSequentially(TestNG.java:1256) [testng-7.7.1.jar:7.7.1]
	at org.testng.TestNG.runSuitesLocally(TestNG.java:1176) [testng-7.7.1.jar:7.7.1]
	at org.testng.TestNG.runSuites(TestNG.java:1099) [testng-7.7.1.jar:7.7.1]
	at org.testng.TestNG.run(TestNG.java:1067) [testng-7.7.1.jar:7.7.1]
	at org.testng.remote.AbstractRemoteTestNG.run(AbstractRemoteTestNG.java:115) [testng-remote.jar:?]
	at org.testng.remote.RemoteTestNG.initAndRun(RemoteTestNG.java:293) [testng-remote.jar:?]
	at org.testng.remote.RemoteTestNG.main(RemoteTestNG.java:91) [testng-remote.jar:?]
2024-11-26 14:39:03.966 [main] INFO  com.umr.apitesting.utils.LoggerUtil - Successfully initialized workbook: src/main/resources/testdata/TestSuite.xlsx
2024-11-26 14:39:03.984 [main] INFO  com.umr.apitesting.utils.LoggerUtil - Successfully initialized workbook: src/main/resources/testdata/TestSuite.xlsx
2024-11-26 14:39:03.985 [main] INFO  com.umr.apitesting.utils.LoggerUtil - Executing test: TC006
2024-11-26 14:39:03.985 [main] INFO  com.umr.apitesting.utils.LoggerUtil - Test data: https://api.github.com/repos/octocat/Hello-World
2024-11-26 14:39:03.986 [main] INFO  com.umr.apitesting.utils.LoggerUtil - Executing keyword: GET
2024-11-26 14:39:03.986 [main] INFO  com.umr.apitesting.utils.LoggerUtil - Executing keyword: GET
2024-11-26 14:39:03.986 [main] INFO  com.umr.apitesting.utils.LoggerUtil - Making request to: https://api.github.com/repos/octocat/Hello-World
2024-11-26 14:39:03.986 [main] INFO  com.umr.apitesting.utils.LoggerUtil - Headers: {Accept=application/vnd.github.v3+json}
2024-11-26 14:39:03.986 [main] INFO  com.umr.apitesting.utils.LoggerUtil - Executing GET request to https://api.github.com/repos/octocat/Hello-World
2024-11-26 14:39:04.218 [main] INFO  com.umr.apitesting.utils.LoggerUtil - Response Status: 200
2024-11-26 14:39:04.218 [main] INFO  com.umr.apitesting.utils.LoggerUtil - Executing keyword: VERIFY_STATUS
2024-11-26 14:39:04.219 [main] INFO  com.umr.apitesting.utils.LoggerUtil - Executing keyword: VERIFY_STATUS
2024-11-26 14:39:04.220 [main] ERROR com.umr.apitesting.utils.LoggerUtil - Failed to execute keyword: VERIFY_STATUS
java.lang.reflect.InvocationTargetException: null
	at jdk.internal.reflect.DirectMethodHandleAccessor.invoke(DirectMethodHandleAccessor.java:115) ~[?:?]
	at java.lang.reflect.Method.invoke(Method.java:580) ~[?:?]
	at com.umr.apitesting.core.executor.KeywordExecutor.executeKeyword(KeywordExecutor.java:39) ~[classes/:?]
	at com.umr.apitesting.core.executor.TestExecutor.executeTest(TestExecutor.java:36) ~[classes/:?]
	at com.umr.apitesting.test.PracticalApiTest.testGetRepoInfo(PracticalApiTest.java:46) ~[test-classes/:?]
	at jdk.internal.reflect.DirectMethodHandleAccessor.invoke(DirectMethodHandleAccessor.java:103) ~[?:?]
	at java.lang.reflect.Method.invoke(Method.java:580) ~[?:?]
	at org.testng.internal.invokers.MethodInvocationHelper.invokeMethod(MethodInvocationHelper.java:139) ~[testng-7.7.1.jar:7.7.1]
	at org.testng.internal.invokers.TestInvoker.invokeMethod(TestInvoker.java:677) ~[testng-7.7.1.jar:7.7.1]
	at org.testng.internal.invokers.TestInvoker.invokeTestMethod(TestInvoker.java:221) ~[testng-7.7.1.jar:7.7.1]
	at org.testng.internal.invokers.MethodRunner.runInSequence(MethodRunner.java:50) ~[testng-7.7.1.jar:7.7.1]
	at org.testng.internal.invokers.TestInvoker$MethodInvocationAgent.invoke(TestInvoker.java:969) ~[testng-7.7.1.jar:7.7.1]
	at org.testng.internal.invokers.TestInvoker.invokeTestMethods(TestInvoker.java:194) ~[testng-7.7.1.jar:7.7.1]
	at org.testng.internal.invokers.TestMethodWorker.invokeTestMethods(TestMethodWorker.java:148) ~[testng-7.7.1.jar:7.7.1]
	at org.testng.internal.invokers.TestMethodWorker.run(TestMethodWorker.java:128) ~[testng-7.7.1.jar:7.7.1]
	at java.util.ArrayList.forEach(ArrayList.java:1596) [?:?]
	at org.testng.TestRunner.privateRun(TestRunner.java:829) [testng-7.7.1.jar:7.7.1]
	at org.testng.TestRunner.run(TestRunner.java:602) [testng-7.7.1.jar:7.7.1]
	at org.testng.SuiteRunner.runTest(SuiteRunner.java:437) [testng-7.7.1.jar:7.7.1]
	at org.testng.SuiteRunner.runSequentially(SuiteRunner.java:431) [testng-7.7.1.jar:7.7.1]
	at org.testng.SuiteRunner.privateRun(SuiteRunner.java:391) [testng-7.7.1.jar:7.7.1]
	at org.testng.SuiteRunner.run(SuiteRunner.java:330) [testng-7.7.1.jar:7.7.1]
	at org.testng.SuiteRunnerWorker.runSuite(SuiteRunnerWorker.java:52) [testng-7.7.1.jar:7.7.1]
	at org.testng.SuiteRunnerWorker.run(SuiteRunnerWorker.java:95) [testng-7.7.1.jar:7.7.1]
	at org.testng.TestNG.runSuitesSequentially(TestNG.java:1256) [testng-7.7.1.jar:7.7.1]
	at org.testng.TestNG.runSuitesLocally(TestNG.java:1176) [testng-7.7.1.jar:7.7.1]
	at org.testng.TestNG.runSuites(TestNG.java:1099) [testng-7.7.1.jar:7.7.1]
	at org.testng.TestNG.run(TestNG.java:1067) [testng-7.7.1.jar:7.7.1]
	at org.testng.remote.AbstractRemoteTestNG.run(AbstractRemoteTestNG.java:115) [testng-remote.jar:?]
	at org.testng.remote.RemoteTestNG.initAndRun(RemoteTestNG.java:293) [testng-remote.jar:?]
	at org.testng.remote.RemoteTestNG.main(RemoteTestNG.java:91) [testng-remote.jar:?]
Caused by: java.lang.NullPointerException: Cannot invoke "Object.toString()" because the return value of "com.umr.apitesting.core.context.TestContext.getTestData(String)" is null
	at com.umr.apitesting.keywords.BaseKeywords.verifyStatus(BaseKeywords.java:57) ~[classes/:?]
	at jdk.internal.reflect.DirectMethodHandleAccessor.invoke(DirectMethodHandleAccessor.java:103) ~[?:?]
	... 30 more
2024-11-26 14:39:04.220 [main] ERROR com.umr.apitesting.utils.LoggerUtil - Keyword execution failed: VERIFY_STATUS
2024-11-26 14:39:04.220 [main] ERROR com.umr.apitesting.utils.LoggerUtil - Test execution failed: TC006
java.lang.RuntimeException: Test failed at keyword: VERIFY_STATUS
	at com.umr.apitesting.core.executor.TestExecutor.executeTest(TestExecutor.java:39) ~[classes/:?]
	at com.umr.apitesting.test.PracticalApiTest.testGetRepoInfo(PracticalApiTest.java:46) ~[test-classes/:?]
	at jdk.internal.reflect.DirectMethodHandleAccessor.invoke(DirectMethodHandleAccessor.java:103) ~[?:?]
	at java.lang.reflect.Method.invoke(Method.java:580) ~[?:?]
	at org.testng.internal.invokers.MethodInvocationHelper.invokeMethod(MethodInvocationHelper.java:139) ~[testng-7.7.1.jar:7.7.1]
	at org.testng.internal.invokers.TestInvoker.invokeMethod(TestInvoker.java:677) ~[testng-7.7.1.jar:7.7.1]
	at org.testng.internal.invokers.TestInvoker.invokeTestMethod(TestInvoker.java:221) ~[testng-7.7.1.jar:7.7.1]
	at org.testng.internal.invokers.MethodRunner.runInSequence(MethodRunner.java:50) ~[testng-7.7.1.jar:7.7.1]
	at org.testng.internal.invokers.TestInvoker$MethodInvocationAgent.invoke(TestInvoker.java:969) ~[testng-7.7.1.jar:7.7.1]
	at org.testng.internal.invokers.TestInvoker.invokeTestMethods(TestInvoker.java:194) ~[testng-7.7.1.jar:7.7.1]
	at org.testng.internal.invokers.TestMethodWorker.invokeTestMethods(TestMethodWorker.java:148) ~[testng-7.7.1.jar:7.7.1]
	at org.testng.internal.invokers.TestMethodWorker.run(TestMethodWorker.java:128) ~[testng-7.7.1.jar:7.7.1]
	at java.util.ArrayList.forEach(ArrayList.java:1596) [?:?]
	at org.testng.TestRunner.privateRun(TestRunner.java:829) [testng-7.7.1.jar:7.7.1]
	at org.testng.TestRunner.run(TestRunner.java:602) [testng-7.7.1.jar:7.7.1]
	at org.testng.SuiteRunner.runTest(SuiteRunner.java:437) [testng-7.7.1.jar:7.7.1]
	at org.testng.SuiteRunner.runSequentially(SuiteRunner.java:431) [testng-7.7.1.jar:7.7.1]
	at org.testng.SuiteRunner.privateRun(SuiteRunner.java:391) [testng-7.7.1.jar:7.7.1]
	at org.testng.SuiteRunner.run(SuiteRunner.java:330) [testng-7.7.1.jar:7.7.1]
	at org.testng.SuiteRunnerWorker.runSuite(SuiteRunnerWorker.java:52) [testng-7.7.1.jar:7.7.1]
	at org.testng.SuiteRunnerWorker.run(SuiteRunnerWorker.java:95) [testng-7.7.1.jar:7.7.1]
	at org.testng.TestNG.runSuitesSequentially(TestNG.java:1256) [testng-7.7.1.jar:7.7.1]
	at org.testng.TestNG.runSuitesLocally(TestNG.java:1176) [testng-7.7.1.jar:7.7.1]
	at org.testng.TestNG.runSuites(TestNG.java:1099) [testng-7.7.1.jar:7.7.1]
	at org.testng.TestNG.run(TestNG.java:1067) [testng-7.7.1.jar:7.7.1]
	at org.testng.remote.AbstractRemoteTestNG.run(AbstractRemoteTestNG.java:115) [testng-remote.jar:?]
	at org.testng.remote.RemoteTestNG.initAndRun(RemoteTestNG.java:293) [testng-remote.jar:?]
	at org.testng.remote.RemoteTestNG.main(RemoteTestNG.java:91) [testng-remote.jar:?]
2024-11-26 14:39:04.255 [main] INFO  com.umr.apitesting.utils.LoggerUtil - Successfully initialized workbook: src/main/resources/testdata/TestSuite.xlsx
2024-11-26 14:39:04.288 [main] INFO  com.umr.apitesting.utils.LoggerUtil - Successfully initialized workbook: src/main/resources/testdata/TestSuite.xlsx
2024-11-26 14:39:04.290 [main] INFO  com.umr.apitesting.utils.LoggerUtil - Executing test: TC003
2024-11-26 14:39:04.290 [main] INFO  com.umr.apitesting.utils.LoggerUtil - Test data: https://reqres.in/api/users/2
2024-11-26 14:39:04.290 [main] INFO  com.umr.apitesting.utils.LoggerUtil - Executing keyword: GET
2024-11-26 14:39:04.290 [main] INFO  com.umr.apitesting.utils.LoggerUtil - Executing keyword: GET
2024-11-26 14:39:04.291 [main] INFO  com.umr.apitesting.utils.LoggerUtil - Making request to: https://reqres.in/api/users/2
2024-11-26 14:39:04.291 [main] INFO  com.umr.apitesting.utils.LoggerUtil - Headers: {Content-Type=application/json}
2024-11-26 14:39:04.291 [main] INFO  com.umr.apitesting.utils.LoggerUtil - Executing GET request to https://reqres.in/api/users/2
2024-11-26 14:39:04.372 [main] INFO  com.umr.apitesting.utils.LoggerUtil - Response Status: 200
2024-11-26 14:39:04.372 [main] INFO  com.umr.apitesting.utils.LoggerUtil - Executing keyword: VERIFY_STATUS
2024-11-26 14:39:04.372 [main] INFO  com.umr.apitesting.utils.LoggerUtil - Executing keyword: VERIFY_STATUS
2024-11-26 14:39:04.373 [main] ERROR com.umr.apitesting.utils.LoggerUtil - Failed to execute keyword: VERIFY_STATUS
java.lang.reflect.InvocationTargetException: null
	at jdk.internal.reflect.DirectMethodHandleAccessor.invoke(DirectMethodHandleAccessor.java:115) ~[?:?]
	at java.lang.reflect.Method.invoke(Method.java:580) ~[?:?]
	at com.umr.apitesting.core.executor.KeywordExecutor.executeKeyword(KeywordExecutor.java:39) ~[classes/:?]
	at com.umr.apitesting.core.executor.TestExecutor.executeTest(TestExecutor.java:36) ~[classes/:?]
	at com.umr.apitesting.test.PracticalApiTest.testGetUser(PracticalApiTest.java:31) ~[test-classes/:?]
	at jdk.internal.reflect.DirectMethodHandleAccessor.invoke(DirectMethodHandleAccessor.java:103) ~[?:?]
	at java.lang.reflect.Method.invoke(Method.java:580) ~[?:?]
	at org.testng.internal.invokers.MethodInvocationHelper.invokeMethod(MethodInvocationHelper.java:139) ~[testng-7.7.1.jar:7.7.1]
	at org.testng.internal.invokers.TestInvoker.invokeMethod(TestInvoker.java:677) ~[testng-7.7.1.jar:7.7.1]
	at org.testng.internal.invokers.TestInvoker.invokeTestMethod(TestInvoker.java:221) ~[testng-7.7.1.jar:7.7.1]
	at org.testng.internal.invokers.MethodRunner.runInSequence(MethodRunner.java:50) ~[testng-7.7.1.jar:7.7.1]
	at org.testng.internal.invokers.TestInvoker$MethodInvocationAgent.invoke(TestInvoker.java:969) ~[testng-7.7.1.jar:7.7.1]
	at org.testng.internal.invokers.TestInvoker.invokeTestMethods(TestInvoker.java:194) ~[testng-7.7.1.jar:7.7.1]
	at org.testng.internal.invokers.TestMethodWorker.invokeTestMethods(TestMethodWorker.java:148) ~[testng-7.7.1.jar:7.7.1]
	at org.testng.internal.invokers.TestMethodWorker.run(TestMethodWorker.java:128) ~[testng-7.7.1.jar:7.7.1]
	at java.util.ArrayList.forEach(ArrayList.java:1596) [?:?]
	at org.testng.TestRunner.privateRun(TestRunner.java:829) [testng-7.7.1.jar:7.7.1]
	at org.testng.TestRunner.run(TestRunner.java:602) [testng-7.7.1.jar:7.7.1]
	at org.testng.SuiteRunner.runTest(SuiteRunner.java:437) [testng-7.7.1.jar:7.7.1]
	at org.testng.SuiteRunner.runSequentially(SuiteRunner.java:431) [testng-7.7.1.jar:7.7.1]
	at org.testng.SuiteRunner.privateRun(SuiteRunner.java:391) [testng-7.7.1.jar:7.7.1]
	at org.testng.SuiteRunner.run(SuiteRunner.java:330) [testng-7.7.1.jar:7.7.1]
	at org.testng.SuiteRunnerWorker.runSuite(SuiteRunnerWorker.java:52) [testng-7.7.1.jar:7.7.1]
	at org.testng.SuiteRunnerWorker.run(SuiteRunnerWorker.java:95) [testng-7.7.1.jar:7.7.1]
	at org.testng.TestNG.runSuitesSequentially(TestNG.java:1256) [testng-7.7.1.jar:7.7.1]
	at org.testng.TestNG.runSuitesLocally(TestNG.java:1176) [testng-7.7.1.jar:7.7.1]
	at org.testng.TestNG.runSuites(TestNG.java:1099) [testng-7.7.1.jar:7.7.1]
	at org.testng.TestNG.run(TestNG.java:1067) [testng-7.7.1.jar:7.7.1]
	at org.testng.remote.AbstractRemoteTestNG.run(AbstractRemoteTestNG.java:115) [testng-remote.jar:?]
	at org.testng.remote.RemoteTestNG.initAndRun(RemoteTestNG.java:293) [testng-remote.jar:?]
	at org.testng.remote.RemoteTestNG.main(RemoteTestNG.java:91) [testng-remote.jar:?]
Caused by: java.lang.NullPointerException: Cannot invoke "Object.toString()" because the return value of "com.umr.apitesting.core.context.TestContext.getTestData(String)" is null
	at com.umr.apitesting.keywords.BaseKeywords.verifyStatus(BaseKeywords.java:57) ~[classes/:?]
	at jdk.internal.reflect.DirectMethodHandleAccessor.invoke(DirectMethodHandleAccessor.java:103) ~[?:?]
	... 30 more
2024-11-26 14:39:04.374 [main] ERROR com.umr.apitesting.utils.LoggerUtil - Keyword execution failed: VERIFY_STATUS
2024-11-26 14:39:04.374 [main] ERROR com.umr.apitesting.utils.LoggerUtil - Test execution failed: TC003
java.lang.RuntimeException: Test failed at keyword: VERIFY_STATUS
	at com.umr.apitesting.core.executor.TestExecutor.executeTest(TestExecutor.java:39) ~[classes/:?]
	at com.umr.apitesting.test.PracticalApiTest.testGetUser(PracticalApiTest.java:31) ~[test-classes/:?]
	at jdk.internal.reflect.DirectMethodHandleAccessor.invoke(DirectMethodHandleAccessor.java:103) ~[?:?]
	at java.lang.reflect.Method.invoke(Method.java:580) ~[?:?]
	at org.testng.internal.invokers.MethodInvocationHelper.invokeMethod(MethodInvocationHelper.java:139) ~[testng-7.7.1.jar:7.7.1]
	at org.testng.internal.invokers.TestInvoker.invokeMethod(TestInvoker.java:677) ~[testng-7.7.1.jar:7.7.1]
	at org.testng.internal.invokers.TestInvoker.invokeTestMethod(TestInvoker.java:221) ~[testng-7.7.1.jar:7.7.1]
	at org.testng.internal.invokers.MethodRunner.runInSequence(MethodRunner.java:50) ~[testng-7.7.1.jar:7.7.1]
	at org.testng.internal.invokers.TestInvoker$MethodInvocationAgent.invoke(TestInvoker.java:969) ~[testng-7.7.1.jar:7.7.1]
	at org.testng.internal.invokers.TestInvoker.invokeTestMethods(TestInvoker.java:194) ~[testng-7.7.1.jar:7.7.1]
	at org.testng.internal.invokers.TestMethodWorker.invokeTestMethods(TestMethodWorker.java:148) ~[testng-7.7.1.jar:7.7.1]
	at org.testng.internal.invokers.TestMethodWorker.run(TestMethodWorker.java:128) ~[testng-7.7.1.jar:7.7.1]
	at java.util.ArrayList.forEach(ArrayList.java:1596) [?:?]
	at org.testng.TestRunner.privateRun(TestRunner.java:829) [testng-7.7.1.jar:7.7.1]
	at org.testng.TestRunner.run(TestRunner.java:602) [testng-7.7.1.jar:7.7.1]
	at org.testng.SuiteRunner.runTest(SuiteRunner.java:437) [testng-7.7.1.jar:7.7.1]
	at org.testng.SuiteRunner.runSequentially(SuiteRunner.java:431) [testng-7.7.1.jar:7.7.1]
	at org.testng.SuiteRunner.privateRun(SuiteRunner.java:391) [testng-7.7.1.jar:7.7.1]
	at org.testng.SuiteRunner.run(SuiteRunner.java:330) [testng-7.7.1.jar:7.7.1]
	at org.testng.SuiteRunnerWorker.runSuite(SuiteRunnerWorker.java:52) [testng-7.7.1.jar:7.7.1]
	at org.testng.SuiteRunnerWorker.run(SuiteRunnerWorker.java:95) [testng-7.7.1.jar:7.7.1]
	at org.testng.TestNG.runSuitesSequentially(TestNG.java:1256) [testng-7.7.1.jar:7.7.1]
	at org.testng.TestNG.runSuitesLocally(TestNG.java:1176) [testng-7.7.1.jar:7.7.1]
	at org.testng.TestNG.runSuites(TestNG.java:1099) [testng-7.7.1.jar:7.7.1]
	at org.testng.TestNG.run(TestNG.java:1067) [testng-7.7.1.jar:7.7.1]
	at org.testng.remote.AbstractRemoteTestNG.run(AbstractRemoteTestNG.java:115) [testng-remote.jar:?]
	at org.testng.remote.RemoteTestNG.initAndRun(RemoteTestNG.java:293) [testng-remote.jar:?]
	at org.testng.remote.RemoteTestNG.main(RemoteTestNG.java:91) [testng-remote.jar:?]
2024-11-26 14:39:04.402 [main] INFO  com.umr.apitesting.utils.LoggerUtil - Successfully initialized workbook: src/main/resources/testdata/TestSuite.xlsx
2024-11-26 14:39:04.421 [main] INFO  com.umr.apitesting.utils.LoggerUtil - Successfully initialized workbook: src/main/resources/testdata/TestSuite.xlsx
2024-11-26 14:39:04.422 [main] INFO  com.umr.apitesting.utils.LoggerUtil - Executing test: TC005
2024-11-26 14:39:04.422 [main] INFO  com.umr.apitesting.utils.LoggerUtil - Test data: https://api.openweathermap.org/data/2.5/weather?q=London&appid=6aa6cd8c45d248d374aac371cdf096b1
2024-11-26 14:39:04.422 [main] INFO  com.umr.apitesting.utils.LoggerUtil - Executing keyword: GET
2024-11-26 14:39:04.422 [main] INFO  com.umr.apitesting.utils.LoggerUtil - Executing keyword: GET
2024-11-26 14:39:04.423 [main] INFO  com.umr.apitesting.utils.LoggerUtil - Making request to: https://api.openweathermap.org/data/2.5/weather?q=London&appid=6aa6cd8c45d248d374aac371cdf096b1
2024-11-26 14:39:04.423 [main] INFO  com.umr.apitesting.utils.LoggerUtil - Headers: {Content-Type=application/json}
2024-11-26 14:39:04.423 [main] INFO  com.umr.apitesting.utils.LoggerUtil - Executing GET request to https://api.openweathermap.org/data/2.5/weather?q=London&appid=6aa6cd8c45d248d374aac371cdf096b1
2024-11-26 14:39:04.526 [main] INFO  com.umr.apitesting.utils.LoggerUtil - Response Status: 200
2024-11-26 14:39:04.526 [main] INFO  com.umr.apitesting.utils.LoggerUtil - Executing keyword: VERIFY_STATUS
2024-11-26 14:39:04.526 [main] INFO  com.umr.apitesting.utils.LoggerUtil - Executing keyword: VERIFY_STATUS
2024-11-26 14:39:04.526 [main] ERROR com.umr.apitesting.utils.LoggerUtil - Failed to execute keyword: VERIFY_STATUS
java.lang.reflect.InvocationTargetException: null
	at jdk.internal.reflect.DirectMethodHandleAccessor.invoke(DirectMethodHandleAccessor.java:115) ~[?:?]
	at java.lang.reflect.Method.invoke(Method.java:580) ~[?:?]
	at com.umr.apitesting.core.executor.KeywordExecutor.executeKeyword(KeywordExecutor.java:39) ~[classes/:?]
	at com.umr.apitesting.core.executor.TestExecutor.executeTest(TestExecutor.java:36) ~[classes/:?]
	at com.umr.apitesting.test.PracticalApiTest.testGetWeather(PracticalApiTest.java:41) ~[test-classes/:?]
	at jdk.internal.reflect.DirectMethodHandleAccessor.invoke(DirectMethodHandleAccessor.java:103) ~[?:?]
	at java.lang.reflect.Method.invoke(Method.java:580) ~[?:?]
	at org.testng.internal.invokers.MethodInvocationHelper.invokeMethod(MethodInvocationHelper.java:139) ~[testng-7.7.1.jar:7.7.1]
	at org.testng.internal.invokers.TestInvoker.invokeMethod(TestInvoker.java:677) ~[testng-7.7.1.jar:7.7.1]
	at org.testng.internal.invokers.TestInvoker.invokeTestMethod(TestInvoker.java:221) ~[testng-7.7.1.jar:7.7.1]
	at org.testng.internal.invokers.MethodRunner.runInSequence(MethodRunner.java:50) ~[testng-7.7.1.jar:7.7.1]
	at org.testng.internal.invokers.TestInvoker$MethodInvocationAgent.invoke(TestInvoker.java:969) ~[testng-7.7.1.jar:7.7.1]
	at org.testng.internal.invokers.TestInvoker.invokeTestMethods(TestInvoker.java:194) ~[testng-7.7.1.jar:7.7.1]
	at org.testng.internal.invokers.TestMethodWorker.invokeTestMethods(TestMethodWorker.java:148) ~[testng-7.7.1.jar:7.7.1]
	at org.testng.internal.invokers.TestMethodWorker.run(TestMethodWorker.java:128) ~[testng-7.7.1.jar:7.7.1]
	at java.util.ArrayList.forEach(ArrayList.java:1596) [?:?]
	at org.testng.TestRunner.privateRun(TestRunner.java:829) [testng-7.7.1.jar:7.7.1]
	at org.testng.TestRunner.run(TestRunner.java:602) [testng-7.7.1.jar:7.7.1]
	at org.testng.SuiteRunner.runTest(SuiteRunner.java:437) [testng-7.7.1.jar:7.7.1]
	at org.testng.SuiteRunner.runSequentially(SuiteRunner.java:431) [testng-7.7.1.jar:7.7.1]
	at org.testng.SuiteRunner.privateRun(SuiteRunner.java:391) [testng-7.7.1.jar:7.7.1]
	at org.testng.SuiteRunner.run(SuiteRunner.java:330) [testng-7.7.1.jar:7.7.1]
	at org.testng.SuiteRunnerWorker.runSuite(SuiteRunnerWorker.java:52) [testng-7.7.1.jar:7.7.1]
	at org.testng.SuiteRunnerWorker.run(SuiteRunnerWorker.java:95) [testng-7.7.1.jar:7.7.1]
	at org.testng.TestNG.runSuitesSequentially(TestNG.java:1256) [testng-7.7.1.jar:7.7.1]
	at org.testng.TestNG.runSuitesLocally(TestNG.java:1176) [testng-7.7.1.jar:7.7.1]
	at org.testng.TestNG.runSuites(TestNG.java:1099) [testng-7.7.1.jar:7.7.1]
	at org.testng.TestNG.run(TestNG.java:1067) [testng-7.7.1.jar:7.7.1]
	at org.testng.remote.AbstractRemoteTestNG.run(AbstractRemoteTestNG.java:115) [testng-remote.jar:?]
	at org.testng.remote.RemoteTestNG.initAndRun(RemoteTestNG.java:293) [testng-remote.jar:?]
	at org.testng.remote.RemoteTestNG.main(RemoteTestNG.java:91) [testng-remote.jar:?]
Caused by: java.lang.NullPointerException: Cannot invoke "Object.toString()" because the return value of "com.umr.apitesting.core.context.TestContext.getTestData(String)" is null
	at com.umr.apitesting.keywords.BaseKeywords.verifyStatus(BaseKeywords.java:57) ~[classes/:?]
	at jdk.internal.reflect.DirectMethodHandleAccessor.invoke(DirectMethodHandleAccessor.java:103) ~[?:?]
	... 30 more
2024-11-26 14:39:04.526 [main] ERROR com.umr.apitesting.utils.LoggerUtil - Keyword execution failed: VERIFY_STATUS
2024-11-26 14:39:04.526 [main] ERROR com.umr.apitesting.utils.LoggerUtil - Test execution failed: TC005
java.lang.RuntimeException: Test failed at keyword: VERIFY_STATUS
	at com.umr.apitesting.core.executor.TestExecutor.executeTest(TestExecutor.java:39) ~[classes/:?]
	at com.umr.apitesting.test.PracticalApiTest.testGetWeather(PracticalApiTest.java:41) ~[test-classes/:?]
	at jdk.internal.reflect.DirectMethodHandleAccessor.invoke(DirectMethodHandleAccessor.java:103) ~[?:?]
	at java.lang.reflect.Method.invoke(Method.java:580) ~[?:?]
	at org.testng.internal.invokers.MethodInvocationHelper.invokeMethod(MethodInvocationHelper.java:139) ~[testng-7.7.1.jar:7.7.1]
	at org.testng.internal.invokers.TestInvoker.invokeMethod(TestInvoker.java:677) ~[testng-7.7.1.jar:7.7.1]
	at org.testng.internal.invokers.TestInvoker.invokeTestMethod(TestInvoker.java:221) ~[testng-7.7.1.jar:7.7.1]
	at org.testng.internal.invokers.MethodRunner.runInSequence(MethodRunner.java:50) ~[testng-7.7.1.jar:7.7.1]
	at org.testng.internal.invokers.TestInvoker$MethodInvocationAgent.invoke(TestInvoker.java:969) ~[testng-7.7.1.jar:7.7.1]
	at org.testng.internal.invokers.TestInvoker.invokeTestMethods(TestInvoker.java:194) ~[testng-7.7.1.jar:7.7.1]
	at org.testng.internal.invokers.TestMethodWorker.invokeTestMethods(TestMethodWorker.java:148) ~[testng-7.7.1.jar:7.7.1]
	at org.testng.internal.invokers.TestMethodWorker.run(TestMethodWorker.java:128) ~[testng-7.7.1.jar:7.7.1]
	at java.util.ArrayList.forEach(ArrayList.java:1596) [?:?]
	at org.testng.TestRunner.privateRun(TestRunner.java:829) [testng-7.7.1.jar:7.7.1]
	at org.testng.TestRunner.run(TestRunner.java:602) [testng-7.7.1.jar:7.7.1]
	at org.testng.SuiteRunner.runTest(SuiteRunner.java:437) [testng-7.7.1.jar:7.7.1]
	at org.testng.SuiteRunner.runSequentially(SuiteRunner.java:431) [testng-7.7.1.jar:7.7.1]
	at org.testng.SuiteRunner.privateRun(SuiteRunner.java:391) [testng-7.7.1.jar:7.7.1]
	at org.testng.SuiteRunner.run(SuiteRunner.java:330) [testng-7.7.1.jar:7.7.1]
	at org.testng.SuiteRunnerWorker.runSuite(SuiteRunnerWorker.java:52) [testng-7.7.1.jar:7.7.1]
	at org.testng.SuiteRunnerWorker.run(SuiteRunnerWorker.java:95) [testng-7.7.1.jar:7.7.1]
	at org.testng.TestNG.runSuitesSequentially(TestNG.java:1256) [testng-7.7.1.jar:7.7.1]
	at org.testng.TestNG.runSuitesLocally(TestNG.java:1176) [testng-7.7.1.jar:7.7.1]
	at org.testng.TestNG.runSuites(TestNG.java:1099) [testng-7.7.1.jar:7.7.1]
	at org.testng.TestNG.run(TestNG.java:1067) [testng-7.7.1.jar:7.7.1]
	at org.testng.remote.AbstractRemoteTestNG.run(AbstractRemoteTestNG.java:115) [testng-remote.jar:?]
	at org.testng.remote.RemoteTestNG.initAndRun(RemoteTestNG.java:293) [testng-remote.jar:?]
	at org.testng.remote.RemoteTestNG.main(RemoteTestNG.java:91) [testng-remote.jar:?]
2024-11-26 14:50:31.798 [main] INFO  com.umr.apitesting.utils.LoggerUtil - Loaded configuration for environment: dev
2024-11-26 14:50:32.326 [main] INFO  com.umr.apitesting.utils.LoggerUtil - Successfully initialized workbook: src/main/resources/testdata/TestSuite.xlsx
2024-11-26 14:50:32.340 [main] INFO  com.umr.apitesting.utils.LoggerUtil - Found 1 test cases to execute
2024-11-26 14:50:32.341 [main] INFO  com.umr.apitesting.utils.LoggerUtil - Executing test: TC001 - Get Posts
2024-11-26 14:50:32.399 [main] INFO  com.umr.apitesting.utils.LoggerUtil - Successfully initialized workbook: src/main/resources/testdata/TestSuite.xlsx
2024-11-26 14:50:32.438 [main] INFO  com.umr.apitesting.utils.LoggerUtil - Successfully initialized workbook: src/main/resources/testdata/TestSuite.xlsx
2024-11-26 14:50:32.444 [main] INFO  com.umr.apitesting.utils.LoggerUtil - Executing test: TC001
2024-11-26 14:50:32.445 [main] INFO  com.umr.apitesting.utils.LoggerUtil - Test data: https://jsonplaceholder.typicode.com/posts/1
2024-11-26 14:50:32.446 [main] INFO  com.umr.apitesting.utils.LoggerUtil - Executing keyword: GET
2024-11-26 14:50:32.447 [main] INFO  com.umr.apitesting.utils.LoggerUtil - Executing keyword: GET
2024-11-26 14:50:32.903 [main] INFO  com.umr.apitesting.utils.LoggerUtil - Making request to: https://jsonplaceholder.typicode.com/posts/1
2024-11-26 14:50:32.903 [main] INFO  com.umr.apitesting.utils.LoggerUtil - Headers: {Content-Type=application/json}
2024-11-26 14:50:32.956 [main] INFO  com.umr.apitesting.utils.LoggerUtil - Executing GET request to https://jsonplaceholder.typicode.com/posts/1
2024-11-26 14:50:34.625 [main] INFO  com.umr.apitesting.utils.LoggerUtil - Response Status: 200
2024-11-26 14:50:34.625 [main] INFO  com.umr.apitesting.utils.LoggerUtil - Executing keyword: VERIFY_STATUS
2024-11-26 14:50:34.625 [main] INFO  com.umr.apitesting.utils.LoggerUtil - Executing keyword: VERIFY_STATUS
2024-11-26 14:50:34.630 [main] ERROR com.umr.apitesting.utils.LoggerUtil - Failed to execute keyword: VERIFY_STATUS
java.lang.reflect.InvocationTargetException: null
	at jdk.internal.reflect.DirectMethodHandleAccessor.invoke(DirectMethodHandleAccessor.java:115) ~[?:?]
	at java.lang.reflect.Method.invoke(Method.java:580) ~[?:?]
	at com.umr.apitesting.core.executor.KeywordExecutor.executeKeyword(KeywordExecutor.java:39) [classes/:?]
	at com.umr.apitesting.core.executor.TestExecutor.executeTest(TestExecutor.java:36) [classes/:?]
	at com.umr.apitesting.TestRunner.main(TestRunner.java:44) [classes/:?]
Caused by: java.lang.NullPointerException: Cannot invoke "Object.toString()" because the return value of "com.umr.apitesting.core.context.TestContext.getTestData(String)" is null
	at com.umr.apitesting.keywords.BaseKeywords.verifyStatus(BaseKeywords.java:57) ~[classes/:?]
	at jdk.internal.reflect.DirectMethodHandleAccessor.invoke(DirectMethodHandleAccessor.java:103) ~[?:?]
	... 4 more
2024-11-26 14:50:34.641 [main] ERROR com.umr.apitesting.utils.LoggerUtil - Keyword execution failed: VERIFY_STATUS
2024-11-26 14:50:34.641 [main] ERROR com.umr.apitesting.utils.LoggerUtil - Test execution failed: TC001
java.lang.RuntimeException: Test failed at keyword: VERIFY_STATUS
	at com.umr.apitesting.core.executor.TestExecutor.executeTest(TestExecutor.java:39) [classes/:?]
	at com.umr.apitesting.TestRunner.main(TestRunner.java:44) [classes/:?]
2024-11-26 14:50:34.642 [main] ERROR com.umr.apitesting.utils.LoggerUtil - Test TC001 FAILED
java.lang.RuntimeException: Test execution failed
	at com.umr.apitesting.core.executor.TestExecutor.executeTest(TestExecutor.java:45) ~[classes/:?]
	at com.umr.apitesting.TestRunner.main(TestRunner.java:44) [classes/:?]
Caused by: java.lang.RuntimeException: Test failed at keyword: VERIFY_STATUS
	at com.umr.apitesting.core.executor.TestExecutor.executeTest(TestExecutor.java:39) ~[classes/:?]
	... 1 more
2024-11-26 14:50:34.642 [main] INFO  com.umr.apitesting.utils.LoggerUtil - 
=== Test Execution Summary ===
2024-11-26 14:50:34.642 [main] INFO  com.umr.apitesting.utils.LoggerUtil - Total Tests: 1
2024-11-26 14:50:34.642 [main] INFO  com.umr.apitesting.utils.LoggerUtil - Passed: 0
2024-11-26 14:50:34.642 [main] INFO  com.umr.apitesting.utils.LoggerUtil - Failed: 1
2024-11-26 14:50:34.643 [main] INFO  com.umr.apitesting.utils.LoggerUtil - Success Rate: 0.00%
2024-11-26 15:10:36.115 [main] INFO  com.umr.apitesting.utils.LoggerUtil - Loaded configuration for environment: dev
2024-11-26 15:10:36.551 [main] INFO  com.umr.apitesting.utils.LoggerUtil - Successfully initialized workbook: src/main/resources/testdata/TestSuite.xlsx
2024-11-26 15:10:36.559 [main] INFO  com.umr.apitesting.utils.LoggerUtil - Found 1 test cases to execute
2024-11-26 15:10:36.559 [main] INFO  com.umr.apitesting.utils.LoggerUtil - Executing test: TC001 - Get Posts
2024-11-26 15:10:36.594 [main] INFO  com.umr.apitesting.utils.LoggerUtil - Successfully initialized workbook: src/main/resources/testdata/TestSuite.xlsx
2024-11-26 15:10:36.624 [main] INFO  com.umr.apitesting.utils.LoggerUtil - Successfully initialized workbook: src/main/resources/testdata/TestSuite.xlsx
2024-11-26 15:10:36.630 [main] INFO  com.umr.apitesting.utils.LoggerUtil - Executing test: TC001
2024-11-26 15:10:36.630 [main] INFO  com.umr.apitesting.utils.LoggerUtil - Test data: https://jsonplaceholder.typicode.com/posts/1
2024-11-26 15:10:36.630 [main] INFO  com.umr.apitesting.utils.LoggerUtil - Executing keyword: GET
2024-11-26 15:10:36.631 [main] INFO  com.umr.apitesting.utils.LoggerUtil - Executing keyword: GET
2024-11-26 15:10:37.031 [main] INFO  com.umr.apitesting.utils.LoggerUtil - Making request to: https://jsonplaceholder.typicode.com/posts/1
2024-11-26 15:10:37.031 [main] INFO  com.umr.apitesting.utils.LoggerUtil - Headers: {Content-Type=application/json}
2024-11-26 15:10:37.071 [main] INFO  com.umr.apitesting.utils.LoggerUtil - Executing GET request to https://jsonplaceholder.typicode.com/posts/1
2024-11-26 15:10:37.946 [main] INFO  com.umr.apitesting.utils.LoggerUtil - Response Status: 200
2024-11-26 15:10:37.946 [main] INFO  com.umr.apitesting.utils.LoggerUtil - Executing keyword: VERIFY_STATUS
2024-11-26 15:10:37.946 [main] INFO  com.umr.apitesting.utils.LoggerUtil - Executing keyword: VERIFY_STATUS
2024-11-26 15:10:37.947 [main] ERROR com.umr.apitesting.utils.LoggerUtil - Failed to execute keyword: VERIFY_STATUS
java.lang.reflect.InvocationTargetException: null
	at jdk.internal.reflect.DirectMethodHandleAccessor.invoke(DirectMethodHandleAccessor.java:115) ~[?:?]
	at java.lang.reflect.Method.invoke(Method.java:580) ~[?:?]
	at com.umr.apitesting.core.executor.KeywordExecutor.executeKeyword(KeywordExecutor.java:39) [classes/:?]
	at com.umr.apitesting.core.executor.TestExecutor.executeTest(TestExecutor.java:36) [classes/:?]
	at com.umr.apitesting.TestRunner.main(TestRunner.java:44) [classes/:?]
Caused by: java.lang.NullPointerException: Cannot invoke "Object.toString()" because the return value of "com.umr.apitesting.core.context.TestContext.getTestData(String)" is null
	at com.umr.apitesting.keywords.BaseKeywords.verifyStatus(BaseKeywords.java:57) ~[classes/:?]
	at jdk.internal.reflect.DirectMethodHandleAccessor.invoke(DirectMethodHandleAccessor.java:103) ~[?:?]
	... 4 more
2024-11-26 15:10:37.954 [main] ERROR com.umr.apitesting.utils.LoggerUtil - Keyword execution failed: VERIFY_STATUS
2024-11-26 15:10:37.954 [main] ERROR com.umr.apitesting.utils.LoggerUtil - Test execution failed: TC001
java.lang.RuntimeException: Test failed at keyword: VERIFY_STATUS
	at com.umr.apitesting.core.executor.TestExecutor.executeTest(TestExecutor.java:39) [classes/:?]
	at com.umr.apitesting.TestRunner.main(TestRunner.java:44) [classes/:?]
2024-11-26 15:10:37.954 [main] ERROR com.umr.apitesting.utils.LoggerUtil - Test TC001 FAILED
java.lang.RuntimeException: Test execution failed
	at com.umr.apitesting.core.executor.TestExecutor.executeTest(TestExecutor.java:45) ~[classes/:?]
	at com.umr.apitesting.TestRunner.main(TestRunner.java:44) [classes/:?]
Caused by: java.lang.RuntimeException: Test failed at keyword: VERIFY_STATUS
	at com.umr.apitesting.core.executor.TestExecutor.executeTest(TestExecutor.java:39) ~[classes/:?]
	... 1 more
2024-11-26 15:10:37.955 [main] INFO  com.umr.apitesting.utils.LoggerUtil - 
=== Test Execution Summary ===
2024-11-26 15:10:37.955 [main] INFO  com.umr.apitesting.utils.LoggerUtil - Total Tests: 1
2024-11-26 15:10:37.955 [main] INFO  com.umr.apitesting.utils.LoggerUtil - Passed: 0
2024-11-26 15:10:37.955 [main] INFO  com.umr.apitesting.utils.LoggerUtil - Failed: 1
2024-11-26 15:10:37.956 [main] INFO  com.umr.apitesting.utils.LoggerUtil - Success Rate: 0.00%
2024-11-26 15:12:29.045 [main] INFO  com.umr.apitesting.utils.LoggerUtil - Loaded configuration for environment: dev
2024-11-26 15:12:29.560 [main] INFO  com.umr.apitesting.utils.LoggerUtil - Successfully initialized workbook: src/main/resources/testdata/TestSuite.xlsx
2024-11-26 15:12:29.568 [main] INFO  com.umr.apitesting.utils.LoggerUtil - Found 1 test cases to execute
2024-11-26 15:12:29.568 [main] INFO  com.umr.apitesting.utils.LoggerUtil - Executing test: TC001 - Get Posts
2024-11-26 15:12:29.607 [main] INFO  com.umr.apitesting.utils.LoggerUtil - Successfully initialized workbook: src/main/resources/testdata/TestSuite.xlsx
2024-11-26 15:12:29.640 [main] INFO  com.umr.apitesting.utils.LoggerUtil - Successfully initialized workbook: src/main/resources/testdata/TestSuite.xlsx
2024-11-26 15:12:29.646 [main] INFO  com.umr.apitesting.utils.LoggerUtil - Executing test: TC001
2024-11-26 15:12:29.648 [main] INFO  com.umr.apitesting.utils.LoggerUtil - Test data: https://jsonplaceholder.typicode.com/posts/1
2024-11-26 15:12:29.648 [main] INFO  com.umr.apitesting.utils.LoggerUtil - Executing keyword: GET
2024-11-26 15:12:29.648 [main] INFO  com.umr.apitesting.utils.LoggerUtil - Executing keyword: GET
2024-11-26 15:12:30.054 [main] INFO  com.umr.apitesting.utils.LoggerUtil - Making request to: https://jsonplaceholder.typicode.com/posts/1
2024-11-26 15:12:30.054 [main] INFO  com.umr.apitesting.utils.LoggerUtil - Headers: {Content-Type=application/json}
2024-11-26 15:12:30.089 [main] INFO  com.umr.apitesting.utils.LoggerUtil - Executing GET request to https://jsonplaceholder.typicode.com/posts/1
2024-11-26 15:12:31.386 [main] INFO  com.umr.apitesting.utils.LoggerUtil - Response Status: 200
2024-11-26 15:12:31.387 [main] INFO  com.umr.apitesting.utils.LoggerUtil - Executing keyword: VERIFY_STATUS
2024-11-26 15:12:31.387 [main] INFO  com.umr.apitesting.utils.LoggerUtil - Executing keyword: VERIFY_STATUS
2024-11-26 15:12:31.388 [main] ERROR com.umr.apitesting.utils.LoggerUtil - Failed to execute keyword: VERIFY_STATUS
java.lang.reflect.InvocationTargetException: null
	at jdk.internal.reflect.DirectMethodHandleAccessor.invoke(DirectMethodHandleAccessor.java:115) ~[?:?]
	at java.lang.reflect.Method.invoke(Method.java:580) ~[?:?]
	at com.umr.apitesting.core.executor.KeywordExecutor.executeKeyword(KeywordExecutor.java:39) [classes/:?]
	at com.umr.apitesting.core.executor.TestExecutor.executeTest(TestExecutor.java:36) [classes/:?]
	at com.umr.apitesting.TestRunner.main(TestRunner.java:44) [classes/:?]
Caused by: java.lang.NullPointerException: Cannot invoke "Object.toString()" because the return value of "com.umr.apitesting.core.context.TestContext.getTestData(String)" is null
	at com.umr.apitesting.keywords.BaseKeywords.verifyStatus(BaseKeywords.java:57) ~[classes/:?]
	at jdk.internal.reflect.DirectMethodHandleAccessor.invoke(DirectMethodHandleAccessor.java:103) ~[?:?]
	... 4 more
2024-11-26 15:12:31.396 [main] ERROR com.umr.apitesting.utils.LoggerUtil - Keyword execution failed: VERIFY_STATUS
2024-11-26 15:12:31.396 [main] ERROR com.umr.apitesting.utils.LoggerUtil - Test execution failed: TC001
java.lang.RuntimeException: Test failed at keyword: VERIFY_STATUS
	at com.umr.apitesting.core.executor.TestExecutor.executeTest(TestExecutor.java:39) [classes/:?]
	at com.umr.apitesting.TestRunner.main(TestRunner.java:44) [classes/:?]
2024-11-26 15:12:31.397 [main] ERROR com.umr.apitesting.utils.LoggerUtil - Test TC001 FAILED
java.lang.RuntimeException: Test execution failed
	at com.umr.apitesting.core.executor.TestExecutor.executeTest(TestExecutor.java:45) ~[classes/:?]
	at com.umr.apitesting.TestRunner.main(TestRunner.java:44) [classes/:?]
Caused by: java.lang.RuntimeException: Test failed at keyword: VERIFY_STATUS
	at com.umr.apitesting.core.executor.TestExecutor.executeTest(TestExecutor.java:39) ~[classes/:?]
	... 1 more
2024-11-26 15:12:31.398 [main] INFO  com.umr.apitesting.utils.LoggerUtil - 
=== Test Execution Summary ===
2024-11-26 15:12:31.399 [main] INFO  com.umr.apitesting.utils.LoggerUtil - Total Tests: 1
2024-11-26 15:12:31.399 [main] INFO  com.umr.apitesting.utils.LoggerUtil - Passed: 0
2024-11-26 15:12:31.399 [main] INFO  com.umr.apitesting.utils.LoggerUtil - Failed: 1
2024-11-26 15:12:31.400 [main] INFO  com.umr.apitesting.utils.LoggerUtil - Success Rate: 0.00%
2024-11-26 15:13:08.637 [main] INFO  com.umr.apitesting.utils.LoggerUtil - Loaded configuration for environment: dev
2024-11-26 15:13:09.084 [main] INFO  com.umr.apitesting.utils.LoggerUtil - Successfully initialized workbook: src/main/resources/testdata/TestSuite.xlsx
2024-11-26 15:13:09.090 [main] INFO  com.umr.apitesting.utils.LoggerUtil - Found 1 test cases to execute
2024-11-26 15:13:09.090 [main] INFO  com.umr.apitesting.utils.LoggerUtil - Executing test: TC001 - Get Posts
2024-11-26 15:13:09.123 [main] INFO  com.umr.apitesting.utils.LoggerUtil - Successfully initialized workbook: src/main/resources/testdata/TestSuite.xlsx
2024-11-26 15:13:09.159 [main] INFO  com.umr.apitesting.utils.LoggerUtil - Successfully initialized workbook: src/main/resources/testdata/TestSuite.xlsx
2024-11-26 15:13:09.164 [main] INFO  com.umr.apitesting.utils.LoggerUtil - Executing test: TC001
2024-11-26 15:13:09.164 [main] INFO  com.umr.apitesting.utils.LoggerUtil - Test data: https://jsonplaceholder.typicode.com/posts/1
2024-11-26 15:13:09.164 [main] INFO  com.umr.apitesting.utils.LoggerUtil - Executing keyword: GET
2024-11-26 15:13:09.164 [main] INFO  com.umr.apitesting.utils.LoggerUtil - Executing keyword: GET
2024-11-26 15:13:09.736 [main] INFO  com.umr.apitesting.utils.LoggerUtil - Making request to: https://jsonplaceholder.typicode.com/posts/1
2024-11-26 15:13:09.736 [main] INFO  com.umr.apitesting.utils.LoggerUtil - Headers: {Content-Type=application/json}
2024-11-26 15:13:09.781 [main] INFO  com.umr.apitesting.utils.LoggerUtil - Executing GET request to https://jsonplaceholder.typicode.com/posts/1
2024-11-26 15:13:10.723 [main] INFO  com.umr.apitesting.utils.LoggerUtil - Response Status: 200
2024-11-26 15:13:10.723 [main] INFO  com.umr.apitesting.utils.LoggerUtil - Executing keyword: VERIFY_STATUS
2024-11-26 15:13:10.723 [main] INFO  com.umr.apitesting.utils.LoggerUtil - Executing keyword: VERIFY_STATUS
2024-11-26 15:13:10.724 [main] ERROR com.umr.apitesting.utils.LoggerUtil - Failed to execute keyword: VERIFY_STATUS
java.lang.reflect.InvocationTargetException: null
	at jdk.internal.reflect.DirectMethodHandleAccessor.invoke(DirectMethodHandleAccessor.java:115) ~[?:?]
	at java.lang.reflect.Method.invoke(Method.java:580) ~[?:?]
	at com.umr.apitesting.core.executor.KeywordExecutor.executeKeyword(KeywordExecutor.java:39) [classes/:?]
	at com.umr.apitesting.core.executor.TestExecutor.executeTest(TestExecutor.java:36) [classes/:?]
	at com.umr.apitesting.TestRunner.main(TestRunner.java:44) [classes/:?]
Caused by: java.lang.NullPointerException: Cannot invoke "Object.toString()" because the return value of "com.umr.apitesting.core.context.TestContext.getTestData(String)" is null
	at com.umr.apitesting.keywords.BaseKeywords.verifyStatus(BaseKeywords.java:57) ~[classes/:?]
	at jdk.internal.reflect.DirectMethodHandleAccessor.invoke(DirectMethodHandleAccessor.java:103) ~[?:?]
	... 4 more
2024-11-26 15:13:10.729 [main] ERROR com.umr.apitesting.utils.LoggerUtil - Keyword execution failed: VERIFY_STATUS
2024-11-26 15:13:10.730 [main] ERROR com.umr.apitesting.utils.LoggerUtil - Test execution failed: TC001
java.lang.RuntimeException: Test failed at keyword: VERIFY_STATUS
	at com.umr.apitesting.core.executor.TestExecutor.executeTest(TestExecutor.java:39) [classes/:?]
	at com.umr.apitesting.TestRunner.main(TestRunner.java:44) [classes/:?]
2024-11-26 15:13:10.730 [main] ERROR com.umr.apitesting.utils.LoggerUtil - Test TC001 FAILED
java.lang.RuntimeException: Test execution failed
	at com.umr.apitesting.core.executor.TestExecutor.executeTest(TestExecutor.java:45) ~[classes/:?]
	at com.umr.apitesting.TestRunner.main(TestRunner.java:44) [classes/:?]
Caused by: java.lang.RuntimeException: Test failed at keyword: VERIFY_STATUS
	at com.umr.apitesting.core.executor.TestExecutor.executeTest(TestExecutor.java:39) ~[classes/:?]
	... 1 more
2024-11-26 15:13:10.730 [main] INFO  com.umr.apitesting.utils.LoggerUtil - 
=== Test Execution Summary ===
2024-11-26 15:13:10.730 [main] INFO  com.umr.apitesting.utils.LoggerUtil - Total Tests: 1
2024-11-26 15:13:10.730 [main] INFO  com.umr.apitesting.utils.LoggerUtil - Passed: 0
2024-11-26 15:13:10.731 [main] INFO  com.umr.apitesting.utils.LoggerUtil - Failed: 1
2024-11-26 15:13:10.731 [main] INFO  com.umr.apitesting.utils.LoggerUtil - Success Rate: 0.00%
2024-11-26 15:17:56.122 [main] INFO  com.umr.apitesting.utils.LoggerUtil - Loaded configuration for environment: dev
2024-11-26 15:17:56.585 [main] INFO  com.umr.apitesting.utils.LoggerUtil - Successfully initialized workbook: src/main/resources/testdata/TestSuite.xlsx
2024-11-26 15:17:56.593 [main] INFO  com.umr.apitesting.utils.LoggerUtil - Found 1 test cases to execute
2024-11-26 15:17:56.593 [main] INFO  com.umr.apitesting.utils.LoggerUtil - Executing test: TC001 - Get Posts
2024-11-26 15:17:56.626 [main] INFO  com.umr.apitesting.utils.LoggerUtil - Successfully initialized workbook: src/main/resources/testdata/TestSuite.xlsx
2024-11-26 15:17:56.659 [main] INFO  com.umr.apitesting.utils.LoggerUtil - Successfully initialized workbook: src/main/resources/testdata/TestSuite.xlsx
2024-11-26 15:17:56.662 [main] INFO  com.umr.apitesting.utils.LoggerUtil - Executing test: TC001
2024-11-26 15:17:56.662 [main] INFO  com.umr.apitesting.utils.LoggerUtil - Test data: https://jsonplaceholder.typicode.com/posts/1
2024-11-26 15:17:56.662 [main] INFO  com.umr.apitesting.utils.LoggerUtil - Executing keyword: GET
2024-11-26 15:17:56.662 [main] INFO  com.umr.apitesting.utils.LoggerUtil - Current context: com.umr.apitesting.core.context.TestContext@3d829787
2024-11-26 15:17:56.662 [main] INFO  com.umr.apitesting.utils.LoggerUtil - Executing keyword: GET
2024-11-26 15:17:57.075 [main] INFO  com.umr.apitesting.utils.LoggerUtil - Making request to: https://jsonplaceholder.typicode.com/posts/1
2024-11-26 15:17:57.075 [main] INFO  com.umr.apitesting.utils.LoggerUtil - Headers: {Content-Type=application/json}
2024-11-26 15:17:57.116 [main] INFO  com.umr.apitesting.utils.LoggerUtil - Executing GET request to https://jsonplaceholder.typicode.com/posts/1
2024-11-26 15:17:58.028 [main] INFO  com.umr.apitesting.utils.LoggerUtil - Response Status: 200
2024-11-26 15:17:58.028 [main] INFO  com.umr.apitesting.utils.LoggerUtil - Executing keyword: VERIFY_STATUS
2024-11-26 15:17:58.028 [main] INFO  com.umr.apitesting.utils.LoggerUtil - Current context: com.umr.apitesting.core.context.TestContext@3d829787
2024-11-26 15:17:58.028 [main] INFO  com.umr.apitesting.utils.LoggerUtil - Executing keyword: VERIFY_STATUS
2024-11-26 15:17:58.029 [main] ERROR com.umr.apitesting.utils.LoggerUtil - Failed to execute keyword: VERIFY_STATUS
java.lang.reflect.InvocationTargetException: null
	at jdk.internal.reflect.DirectMethodHandleAccessor.invoke(DirectMethodHandleAccessor.java:115) ~[?:?]
	at java.lang.reflect.Method.invoke(Method.java:580) ~[?:?]
	at com.umr.apitesting.core.executor.KeywordExecutor.executeKeyword(KeywordExecutor.java:40) [classes/:?]
	at com.umr.apitesting.core.executor.TestExecutor.executeTest(TestExecutor.java:36) [classes/:?]
	at com.umr.apitesting.TestRunner.main(TestRunner.java:44) [classes/:?]
Caused by: java.lang.NullPointerException: Cannot invoke "Object.toString()" because the return value of "com.umr.apitesting.core.context.TestContext.getTestData(String)" is null
	at com.umr.apitesting.keywords.BaseKeywords.verifyStatus(BaseKeywords.java:57) ~[classes/:?]
	at jdk.internal.reflect.DirectMethodHandleAccessor.invoke(DirectMethodHandleAccessor.java:103) ~[?:?]
	... 4 more
2024-11-26 15:17:58.034 [main] ERROR com.umr.apitesting.utils.LoggerUtil - Keyword execution failed: VERIFY_STATUS
2024-11-26 15:17:58.034 [main] ERROR com.umr.apitesting.utils.LoggerUtil - Test execution failed: TC001
java.lang.RuntimeException: Test failed at keyword: VERIFY_STATUS
	at com.umr.apitesting.core.executor.TestExecutor.executeTest(TestExecutor.java:39) [classes/:?]
	at com.umr.apitesting.TestRunner.main(TestRunner.java:44) [classes/:?]
2024-11-26 15:17:58.034 [main] ERROR com.umr.apitesting.utils.LoggerUtil - Test TC001 FAILED
java.lang.RuntimeException: Test execution failed
	at com.umr.apitesting.core.executor.TestExecutor.executeTest(TestExecutor.java:45) ~[classes/:?]
	at com.umr.apitesting.TestRunner.main(TestRunner.java:44) [classes/:?]
Caused by: java.lang.RuntimeException: Test failed at keyword: VERIFY_STATUS
	at com.umr.apitesting.core.executor.TestExecutor.executeTest(TestExecutor.java:39) ~[classes/:?]
	... 1 more
2024-11-26 15:17:58.034 [main] INFO  com.umr.apitesting.utils.LoggerUtil - 
=== Test Execution Summary ===
2024-11-26 15:17:58.035 [main] INFO  com.umr.apitesting.utils.LoggerUtil - Total Tests: 1
2024-11-26 15:17:58.035 [main] INFO  com.umr.apitesting.utils.LoggerUtil - Passed: 0
2024-11-26 15:17:58.035 [main] INFO  com.umr.apitesting.utils.LoggerUtil - Failed: 1
2024-11-26 15:17:58.035 [main] INFO  com.umr.apitesting.utils.LoggerUtil - Success Rate: 0.00%
2024-11-26 15:18:18.065 [main] INFO  com.umr.apitesting.utils.LoggerUtil - Loaded configuration for environment: dev
2024-11-26 15:18:18.513 [main] INFO  com.umr.apitesting.utils.LoggerUtil - Successfully initialized workbook: src/main/resources/testdata/TestSuite.xlsx
2024-11-26 15:18:18.521 [main] INFO  com.umr.apitesting.utils.LoggerUtil - Found 1 test cases to execute
2024-11-26 15:18:18.521 [main] INFO  com.umr.apitesting.utils.LoggerUtil - Executing test: TC001 - Get Posts
2024-11-26 15:18:18.556 [main] INFO  com.umr.apitesting.utils.LoggerUtil - Successfully initialized workbook: src/main/resources/testdata/TestSuite.xlsx
2024-11-26 15:18:18.588 [main] INFO  com.umr.apitesting.utils.LoggerUtil - Successfully initialized workbook: src/main/resources/testdata/TestSuite.xlsx
2024-11-26 15:18:18.595 [main] INFO  com.umr.apitesting.utils.LoggerUtil - Executing test: TC001
2024-11-26 15:18:18.595 [main] INFO  com.umr.apitesting.utils.LoggerUtil - Test data: https://jsonplaceholder.typicode.com/posts/1
2024-11-26 15:18:18.596 [main] INFO  com.umr.apitesting.utils.LoggerUtil - Executing keyword: GET
2024-11-26 15:18:18.596 [main] INFO  com.umr.apitesting.utils.LoggerUtil - Current context: com.umr.apitesting.core.context.TestContext@3d829787
2024-11-26 15:18:18.596 [main] INFO  com.umr.apitesting.utils.LoggerUtil - Executing keyword: GET
2024-11-26 15:18:19.018 [main] INFO  com.umr.apitesting.utils.LoggerUtil - Making request to: https://jsonplaceholder.typicode.com/posts/1
2024-11-26 15:18:19.019 [main] INFO  com.umr.apitesting.utils.LoggerUtil - Headers: {Content-Type=application/json}
2024-11-26 15:18:19.052 [main] INFO  com.umr.apitesting.utils.LoggerUtil - Executing GET request to https://jsonplaceholder.typicode.com/posts/1
2024-11-26 15:18:19.999 [main] INFO  com.umr.apitesting.utils.LoggerUtil - Response Status: 200
2024-11-26 15:18:19.999 [main] INFO  com.umr.apitesting.utils.LoggerUtil - Executing keyword: VERIFY_STATUS
2024-11-26 15:18:20.000 [main] INFO  com.umr.apitesting.utils.LoggerUtil - Current context: com.umr.apitesting.core.context.TestContext@3d829787
2024-11-26 15:18:20.000 [main] INFO  com.umr.apitesting.utils.LoggerUtil - Executing keyword: VERIFY_STATUS
2024-11-26 15:18:20.002 [main] ERROR com.umr.apitesting.utils.LoggerUtil - Failed to execute keyword: VERIFY_STATUS
java.lang.reflect.InvocationTargetException: null
	at jdk.internal.reflect.DirectMethodHandleAccessor.invoke(DirectMethodHandleAccessor.java:115) ~[?:?]
	at java.lang.reflect.Method.invoke(Method.java:580) ~[?:?]
	at com.umr.apitesting.core.executor.KeywordExecutor.executeKeyword(KeywordExecutor.java:40) [classes/:?]
	at com.umr.apitesting.core.executor.TestExecutor.executeTest(TestExecutor.java:36) [classes/:?]
	at com.umr.apitesting.TestRunner.main(TestRunner.java:44) [classes/:?]
Caused by: java.lang.NullPointerException: Cannot invoke "Object.toString()" because the return value of "com.umr.apitesting.core.context.TestContext.getTestData(String)" is null
	at com.umr.apitesting.keywords.BaseKeywords.verifyStatus(BaseKeywords.java:57) ~[classes/:?]
	at jdk.internal.reflect.DirectMethodHandleAccessor.invoke(DirectMethodHandleAccessor.java:103) ~[?:?]
	... 4 more
2024-11-26 15:18:20.015 [main] ERROR com.umr.apitesting.utils.LoggerUtil - Keyword execution failed: VERIFY_STATUS
2024-11-26 15:18:20.015 [main] ERROR com.umr.apitesting.utils.LoggerUtil - Test execution failed: TC001
java.lang.RuntimeException: Test failed at keyword: VERIFY_STATUS
	at com.umr.apitesting.core.executor.TestExecutor.executeTest(TestExecutor.java:39) [classes/:?]
	at com.umr.apitesting.TestRunner.main(TestRunner.java:44) [classes/:?]
2024-11-26 15:18:20.016 [main] ERROR com.umr.apitesting.utils.LoggerUtil - Test TC001 FAILED
java.lang.RuntimeException: Test execution failed
	at com.umr.apitesting.core.executor.TestExecutor.executeTest(TestExecutor.java:45) ~[classes/:?]
	at com.umr.apitesting.TestRunner.main(TestRunner.java:44) [classes/:?]
Caused by: java.lang.RuntimeException: Test failed at keyword: VERIFY_STATUS
	at com.umr.apitesting.core.executor.TestExecutor.executeTest(TestExecutor.java:39) ~[classes/:?]
	... 1 more
2024-11-26 15:18:20.016 [main] INFO  com.umr.apitesting.utils.LoggerUtil - 
=== Test Execution Summary ===
2024-11-26 15:18:20.016 [main] INFO  com.umr.apitesting.utils.LoggerUtil - Total Tests: 1
2024-11-26 15:18:20.016 [main] INFO  com.umr.apitesting.utils.LoggerUtil - Passed: 0
2024-11-26 15:18:20.016 [main] INFO  com.umr.apitesting.utils.LoggerUtil - Failed: 1
2024-11-26 15:18:20.017 [main] INFO  com.umr.apitesting.utils.LoggerUtil - Success Rate: 0.00%
2024-11-26 15:19:36.559 [main] INFO  com.umr.apitesting.utils.LoggerUtil - Loaded configuration for environment: dev
2024-11-26 15:19:37.088 [main] INFO  com.umr.apitesting.utils.LoggerUtil - Successfully initialized workbook: src/main/resources/testdata/TestSuite.xlsx
2024-11-26 15:19:37.108 [main] INFO  com.umr.apitesting.utils.LoggerUtil - Found 1 test cases to execute
2024-11-26 15:19:37.109 [main] INFO  com.umr.apitesting.utils.LoggerUtil - Executing test: TC001 - Get Posts
2024-11-26 15:19:37.172 [main] INFO  com.umr.apitesting.utils.LoggerUtil - Successfully initialized workbook: src/main/resources/testdata/TestSuite.xlsx
2024-11-26 15:19:37.248 [main] INFO  com.umr.apitesting.utils.LoggerUtil - Successfully initialized workbook: src/main/resources/testdata/TestSuite.xlsx
2024-11-26 15:19:37.253 [main] INFO  com.umr.apitesting.utils.LoggerUtil - Executing test: TC001
2024-11-26 15:19:37.254 [main] INFO  com.umr.apitesting.utils.LoggerUtil - Test data: https://jsonplaceholder.typicode.com/posts/1
2024-11-26 15:19:37.254 [main] INFO  com.umr.apitesting.utils.LoggerUtil - Executing keyword: GET
2024-11-26 15:19:37.255 [main] INFO  com.umr.apitesting.utils.LoggerUtil - Current context: null
2024-11-26 15:19:37.256 [main] INFO  com.umr.apitesting.utils.LoggerUtil - Executing keyword: GET
2024-11-26 15:19:37.836 [main] INFO  com.umr.apitesting.utils.LoggerUtil - Making request to: https://jsonplaceholder.typicode.com/posts/1
2024-11-26 15:19:37.836 [main] INFO  com.umr.apitesting.utils.LoggerUtil - Headers: {Content-Type=application/json}
2024-11-26 15:19:37.868 [main] INFO  com.umr.apitesting.utils.LoggerUtil - Executing GET request to https://jsonplaceholder.typicode.com/posts/1
2024-11-26 15:19:38.837 [main] INFO  com.umr.apitesting.utils.LoggerUtil - Response Status: 200
2024-11-26 15:19:38.837 [main] INFO  com.umr.apitesting.utils.LoggerUtil - Executing keyword: VERIFY_STATUS
2024-11-26 15:19:38.838 [main] INFO  com.umr.apitesting.utils.LoggerUtil - Current context: null
2024-11-26 15:19:38.838 [main] INFO  com.umr.apitesting.utils.LoggerUtil - Executing keyword: VERIFY_STATUS
2024-11-26 15:19:38.838 [main] ERROR com.umr.apitesting.utils.LoggerUtil - Failed to execute keyword: VERIFY_STATUS
java.lang.reflect.InvocationTargetException: null
	at jdk.internal.reflect.DirectMethodHandleAccessor.invoke(DirectMethodHandleAccessor.java:115) ~[?:?]
	at java.lang.reflect.Method.invoke(Method.java:580) ~[?:?]
	at com.umr.apitesting.core.executor.KeywordExecutor.executeKeyword(KeywordExecutor.java:40) [classes/:?]
	at com.umr.apitesting.core.executor.TestExecutor.executeTest(TestExecutor.java:36) [classes/:?]
	at com.umr.apitesting.TestRunner.main(TestRunner.java:44) [classes/:?]
Caused by: java.lang.NullPointerException: Cannot invoke "Object.toString()" because the return value of "com.umr.apitesting.core.context.TestContext.getTestData(String)" is null
	at com.umr.apitesting.keywords.BaseKeywords.verifyStatus(BaseKeywords.java:57) ~[classes/:?]
	at jdk.internal.reflect.DirectMethodHandleAccessor.invoke(DirectMethodHandleAccessor.java:103) ~[?:?]
	... 4 more
2024-11-26 15:19:38.846 [main] ERROR com.umr.apitesting.utils.LoggerUtil - Keyword execution failed: VERIFY_STATUS
2024-11-26 15:19:38.846 [main] ERROR com.umr.apitesting.utils.LoggerUtil - Test execution failed: TC001
java.lang.RuntimeException: Test failed at keyword: VERIFY_STATUS
	at com.umr.apitesting.core.executor.TestExecutor.executeTest(TestExecutor.java:39) [classes/:?]
	at com.umr.apitesting.TestRunner.main(TestRunner.java:44) [classes/:?]
2024-11-26 15:19:38.847 [main] ERROR com.umr.apitesting.utils.LoggerUtil - Test TC001 FAILED
java.lang.RuntimeException: Test execution failed
	at com.umr.apitesting.core.executor.TestExecutor.executeTest(TestExecutor.java:45) ~[classes/:?]
	at com.umr.apitesting.TestRunner.main(TestRunner.java:44) [classes/:?]
Caused by: java.lang.RuntimeException: Test failed at keyword: VERIFY_STATUS
	at com.umr.apitesting.core.executor.TestExecutor.executeTest(TestExecutor.java:39) ~[classes/:?]
	... 1 more
2024-11-26 15:19:38.847 [main] INFO  com.umr.apitesting.utils.LoggerUtil - 
=== Test Execution Summary ===
2024-11-26 15:19:38.847 [main] INFO  com.umr.apitesting.utils.LoggerUtil - Total Tests: 1
2024-11-26 15:19:38.847 [main] INFO  com.umr.apitesting.utils.LoggerUtil - Passed: 0
2024-11-26 15:19:38.847 [main] INFO  com.umr.apitesting.utils.LoggerUtil - Failed: 1
2024-11-26 15:19:38.848 [main] INFO  com.umr.apitesting.utils.LoggerUtil - Success Rate: 0.00%
2024-11-26 15:27:43.546 [main] INFO  com.umr.apitesting.utils.LoggerUtil - Loaded configuration for environment: dev
2024-11-26 15:27:44.074 [main] INFO  com.umr.apitesting.utils.LoggerUtil - Successfully initialized workbook: src/main/resources/testdata/TestSuite.xlsx
2024-11-26 15:27:44.081 [main] INFO  com.umr.apitesting.utils.LoggerUtil - Found 1 test cases to execute
2024-11-26 15:27:44.081 [main] INFO  com.umr.apitesting.utils.LoggerUtil - Executing test: TC001 - Get Posts
2024-11-26 15:27:44.113 [main] INFO  com.umr.apitesting.utils.LoggerUtil - Successfully initialized workbook: src/main/resources/testdata/TestSuite.xlsx
2024-11-26 15:27:44.116 [main] INFO  com.umr.apitesting.utils.LoggerUtil - Test Data: {TestID=TC001, Endpoint=/posts/1, Headers=Content-Type: application/json, ValidationPath=$.title, ExpectedValue=sunt aut facere, BaseURL=https://jsonplaceholder.typicode.com, Method=GET, ExpectedStatus=200.0, RequestBody=}
2024-11-26 15:27:44.147 [main] INFO  com.umr.apitesting.utils.LoggerUtil - Successfully initialized workbook: src/main/resources/testdata/TestSuite.xlsx
2024-11-26 15:27:44.150 [main] INFO  com.umr.apitesting.utils.LoggerUtil - Executing test: TC001
2024-11-26 15:27:44.150 [main] INFO  com.umr.apitesting.utils.LoggerUtil - Test data: https://jsonplaceholder.typicode.com/posts/1
2024-11-26 15:27:44.150 [main] INFO  com.umr.apitesting.utils.LoggerUtil - Executing keyword: GET
2024-11-26 15:27:44.150 [main] INFO  com.umr.apitesting.utils.LoggerUtil - Current context: null
2024-11-26 15:27:44.151 [main] INFO  com.umr.apitesting.utils.LoggerUtil - Executing keyword: GET
2024-11-26 15:27:44.586 [main] INFO  com.umr.apitesting.utils.LoggerUtil - Making request to: https://jsonplaceholder.typicode.com/posts/1
2024-11-26 15:27:44.587 [main] INFO  com.umr.apitesting.utils.LoggerUtil - Headers: {Content-Type=application/json}
2024-11-26 15:27:44.621 [main] INFO  com.umr.apitesting.utils.LoggerUtil - Executing GET request to https://jsonplaceholder.typicode.com/posts/1
2024-11-26 15:27:45.562 [main] INFO  com.umr.apitesting.utils.LoggerUtil - Response Status: 200
2024-11-26 15:27:45.562 [main] INFO  com.umr.apitesting.utils.LoggerUtil - Executing keyword: VERIFY_STATUS
2024-11-26 15:27:45.563 [main] INFO  com.umr.apitesting.utils.LoggerUtil - Current context: null
2024-11-26 15:27:45.563 [main] INFO  com.umr.apitesting.utils.LoggerUtil - Executing keyword: VERIFY_STATUS
2024-11-26 15:27:45.563 [main] ERROR com.umr.apitesting.utils.LoggerUtil - Failed to execute keyword: VERIFY_STATUS
java.lang.reflect.InvocationTargetException: null
	at jdk.internal.reflect.DirectMethodHandleAccessor.invoke(DirectMethodHandleAccessor.java:115) ~[?:?]
	at java.lang.reflect.Method.invoke(Method.java:580) ~[?:?]
	at com.umr.apitesting.core.executor.KeywordExecutor.executeKeyword(KeywordExecutor.java:40) [classes/:?]
	at com.umr.apitesting.core.executor.TestExecutor.executeTest(TestExecutor.java:36) [classes/:?]
	at com.umr.apitesting.TestRunner.main(TestRunner.java:44) [classes/:?]
Caused by: java.lang.NullPointerException: Cannot invoke "Object.toString()" because the return value of "com.umr.apitesting.core.context.TestContext.getTestData(String)" is null
	at com.umr.apitesting.keywords.BaseKeywords.verifyStatus(BaseKeywords.java:57) ~[classes/:?]
	at jdk.internal.reflect.DirectMethodHandleAccessor.invoke(DirectMethodHandleAccessor.java:103) ~[?:?]
	... 4 more
2024-11-26 15:27:45.571 [main] ERROR com.umr.apitesting.utils.LoggerUtil - Keyword execution failed: VERIFY_STATUS
2024-11-26 15:27:45.571 [main] ERROR com.umr.apitesting.utils.LoggerUtil - Test execution failed: TC001
java.lang.RuntimeException: Test failed at keyword: VERIFY_STATUS
	at com.umr.apitesting.core.executor.TestExecutor.executeTest(TestExecutor.java:39) [classes/:?]
	at com.umr.apitesting.TestRunner.main(TestRunner.java:44) [classes/:?]
2024-11-26 15:27:45.572 [main] ERROR com.umr.apitesting.utils.LoggerUtil - Test TC001 FAILED
java.lang.RuntimeException: Test execution failed
	at com.umr.apitesting.core.executor.TestExecutor.executeTest(TestExecutor.java:45) ~[classes/:?]
	at com.umr.apitesting.TestRunner.main(TestRunner.java:44) [classes/:?]
Caused by: java.lang.RuntimeException: Test failed at keyword: VERIFY_STATUS
	at com.umr.apitesting.core.executor.TestExecutor.executeTest(TestExecutor.java:39) ~[classes/:?]
	... 1 more
2024-11-26 15:27:45.572 [main] INFO  com.umr.apitesting.utils.LoggerUtil - 
=== Test Execution Summary ===
2024-11-26 15:27:45.572 [main] INFO  com.umr.apitesting.utils.LoggerUtil - Total Tests: 1
2024-11-26 15:27:45.572 [main] INFO  com.umr.apitesting.utils.LoggerUtil - Passed: 0
2024-11-26 15:27:45.572 [main] INFO  com.umr.apitesting.utils.LoggerUtil - Failed: 1
2024-11-26 15:27:45.575 [main] INFO  com.umr.apitesting.utils.LoggerUtil - Success Rate: 0.00%
2024-11-26 15:38:43.738 [main] INFO  com.umr.apitesting.utils.LoggerUtil - Loaded configuration for environment: dev
2024-11-26 15:38:44.175 [main] INFO  com.umr.apitesting.utils.LoggerUtil - Successfully initialized workbook: src/main/resources/testdata/TestSuite.xlsx
2024-11-26 15:38:44.182 [main] INFO  com.umr.apitesting.utils.LoggerUtil - Found 1 test cases to execute
2024-11-26 15:38:44.182 [main] INFO  com.umr.apitesting.utils.LoggerUtil - Executing test: TC001 - Get Posts
2024-11-26 15:38:44.221 [main] INFO  com.umr.apitesting.utils.LoggerUtil - Successfully initialized workbook: src/main/resources/testdata/TestSuite.xlsx
2024-11-26 15:38:44.226 [main] INFO  com.umr.apitesting.utils.LoggerUtil - Test Data: {TestID=TC001, Endpoint=/posts/1, Headers=Content-Type: application/json, ValidationPath=$.title, ExpectedValue=sunt aut facere, BaseURL=https://jsonplaceholder.typicode.com, Method=GET, ExpectedStatus=200.0, RequestBody=}
2024-11-26 15:38:44.226 [main] INFO  com.umr.apitesting.utils.LoggerUtil - Conteext Data: com.umr.apitesting.core.context.TestContext@e27ba81
2024-11-26 15:38:44.254 [main] INFO  com.umr.apitesting.utils.LoggerUtil - Successfully initialized workbook: src/main/resources/testdata/TestSuite.xlsx
2024-11-26 15:38:44.257 [main] INFO  com.umr.apitesting.utils.LoggerUtil - Executing test: TC001
2024-11-26 15:38:44.257 [main] INFO  com.umr.apitesting.utils.LoggerUtil - Test data: https://jsonplaceholder.typicode.com/posts/1
2024-11-26 15:38:44.257 [main] INFO  com.umr.apitesting.utils.LoggerUtil - Executing keyword: GET
2024-11-26 15:38:44.258 [main] INFO  com.umr.apitesting.utils.LoggerUtil - Current context: null
2024-11-26 15:38:44.258 [main] INFO  com.umr.apitesting.utils.LoggerUtil - Executing keyword: GET
2024-11-26 15:38:44.664 [main] INFO  com.umr.apitesting.utils.LoggerUtil - Making request to: https://jsonplaceholder.typicode.com/posts/1
2024-11-26 15:38:44.664 [main] INFO  com.umr.apitesting.utils.LoggerUtil - Headers: {Content-Type=application/json}
2024-11-26 15:38:44.710 [main] INFO  com.umr.apitesting.utils.LoggerUtil - Executing GET request to https://jsonplaceholder.typicode.com/posts/1
2024-11-26 15:38:46.024 [main] INFO  com.umr.apitesting.utils.LoggerUtil - Response Status: 200
2024-11-26 15:38:46.025 [main] INFO  com.umr.apitesting.utils.LoggerUtil - Executing keyword: VERIFY_STATUS
2024-11-26 15:38:46.025 [main] INFO  com.umr.apitesting.utils.LoggerUtil - Current context: null
2024-11-26 15:38:46.025 [main] INFO  com.umr.apitesting.utils.LoggerUtil - Executing keyword: VERIFY_STATUS
2024-11-26 15:38:46.026 [main] ERROR com.umr.apitesting.utils.LoggerUtil - Failed to execute keyword: VERIFY_STATUS
java.lang.reflect.InvocationTargetException: null
	at jdk.internal.reflect.DirectMethodHandleAccessor.invoke(DirectMethodHandleAccessor.java:115) ~[?:?]
	at java.lang.reflect.Method.invoke(Method.java:580) ~[?:?]
	at com.umr.apitesting.core.executor.KeywordExecutor.executeKeyword(KeywordExecutor.java:40) [classes/:?]
	at com.umr.apitesting.core.executor.TestExecutor.executeTest(TestExecutor.java:36) [classes/:?]
	at com.umr.apitesting.TestRunner.main(TestRunner.java:44) [classes/:?]
Caused by: java.lang.NullPointerException: Cannot invoke "Object.toString()" because the return value of "com.umr.apitesting.core.context.TestContext.getTestData(String)" is null
	at com.umr.apitesting.keywords.BaseKeywords.verifyStatus(BaseKeywords.java:57) ~[classes/:?]
	at jdk.internal.reflect.DirectMethodHandleAccessor.invoke(DirectMethodHandleAccessor.java:103) ~[?:?]
	... 4 more
2024-11-26 15:38:46.035 [main] ERROR com.umr.apitesting.utils.LoggerUtil - Keyword execution failed: VERIFY_STATUS
2024-11-26 15:38:46.035 [main] ERROR com.umr.apitesting.utils.LoggerUtil - Test execution failed: TC001
java.lang.RuntimeException: Test failed at keyword: VERIFY_STATUS
	at com.umr.apitesting.core.executor.TestExecutor.executeTest(TestExecutor.java:39) [classes/:?]
	at com.umr.apitesting.TestRunner.main(TestRunner.java:44) [classes/:?]
2024-11-26 15:38:46.036 [main] ERROR com.umr.apitesting.utils.LoggerUtil - Test TC001 FAILED
java.lang.RuntimeException: Test execution failed
	at com.umr.apitesting.core.executor.TestExecutor.executeTest(TestExecutor.java:45) ~[classes/:?]
	at com.umr.apitesting.TestRunner.main(TestRunner.java:44) [classes/:?]
Caused by: java.lang.RuntimeException: Test failed at keyword: VERIFY_STATUS
	at com.umr.apitesting.core.executor.TestExecutor.executeTest(TestExecutor.java:39) ~[classes/:?]
	... 1 more
2024-11-26 15:38:46.036 [main] INFO  com.umr.apitesting.utils.LoggerUtil - 
=== Test Execution Summary ===
2024-11-26 15:38:46.036 [main] INFO  com.umr.apitesting.utils.LoggerUtil - Total Tests: 1
2024-11-26 15:38:46.036 [main] INFO  com.umr.apitesting.utils.LoggerUtil - Passed: 0
2024-11-26 15:38:46.036 [main] INFO  com.umr.apitesting.utils.LoggerUtil - Failed: 1
2024-11-26 15:38:46.038 [main] INFO  com.umr.apitesting.utils.LoggerUtil - Success Rate: 0.00%
2024-11-26 15:39:40.198 [main] INFO  com.umr.apitesting.utils.LoggerUtil - Loaded configuration for environment: dev
2024-11-26 15:39:40.647 [main] INFO  com.umr.apitesting.utils.LoggerUtil - Successfully initialized workbook: src/main/resources/testdata/TestSuite.xlsx
2024-11-26 15:39:40.660 [main] INFO  com.umr.apitesting.utils.LoggerUtil - Found 1 test cases to execute
2024-11-26 15:39:40.660 [main] INFO  com.umr.apitesting.utils.LoggerUtil - Executing test: TC001 - Get Posts
2024-11-26 15:39:40.695 [main] INFO  com.umr.apitesting.utils.LoggerUtil - Successfully initialized workbook: src/main/resources/testdata/TestSuite.xlsx
2024-11-26 15:39:40.701 [main] INFO  com.umr.apitesting.utils.LoggerUtil - Test Data: {TestID=TC001, Endpoint=/posts/1, Headers=Content-Type: application/json, ValidationPath=$.title, ExpectedValue=sunt aut facere, BaseURL=https://jsonplaceholder.typicode.com, Method=GET, ExpectedStatus=200.0, RequestBody=}
2024-11-26 15:39:40.702 [main] INFO  com.umr.apitesting.utils.LoggerUtil - Conteext Data: 200.0
2024-11-26 15:39:40.731 [main] INFO  com.umr.apitesting.utils.LoggerUtil - Successfully initialized workbook: src/main/resources/testdata/TestSuite.xlsx
2024-11-26 15:39:40.734 [main] INFO  com.umr.apitesting.utils.LoggerUtil - Executing test: TC001
2024-11-26 15:39:40.735 [main] INFO  com.umr.apitesting.utils.LoggerUtil - Test data: https://jsonplaceholder.typicode.com/posts/1
2024-11-26 15:39:40.735 [main] INFO  com.umr.apitesting.utils.LoggerUtil - Executing keyword: GET
2024-11-26 15:39:40.735 [main] INFO  com.umr.apitesting.utils.LoggerUtil - Current context: null
2024-11-26 15:39:40.735 [main] INFO  com.umr.apitesting.utils.LoggerUtil - Executing keyword: GET
2024-11-26 15:39:41.120 [main] INFO  com.umr.apitesting.utils.LoggerUtil - Making request to: https://jsonplaceholder.typicode.com/posts/1
2024-11-26 15:39:41.120 [main] INFO  com.umr.apitesting.utils.LoggerUtil - Headers: {Content-Type=application/json}
2024-11-26 15:39:41.157 [main] INFO  com.umr.apitesting.utils.LoggerUtil - Executing GET request to https://jsonplaceholder.typicode.com/posts/1
2024-11-26 15:39:42.080 [main] INFO  com.umr.apitesting.utils.LoggerUtil - Response Status: 200
2024-11-26 15:39:42.080 [main] INFO  com.umr.apitesting.utils.LoggerUtil - Executing keyword: VERIFY_STATUS
2024-11-26 15:39:42.080 [main] INFO  com.umr.apitesting.utils.LoggerUtil - Current context: null
2024-11-26 15:39:42.081 [main] INFO  com.umr.apitesting.utils.LoggerUtil - Executing keyword: VERIFY_STATUS
2024-11-26 15:39:42.082 [main] ERROR com.umr.apitesting.utils.LoggerUtil - Failed to execute keyword: VERIFY_STATUS
java.lang.reflect.InvocationTargetException: null
	at jdk.internal.reflect.DirectMethodHandleAccessor.invoke(DirectMethodHandleAccessor.java:115) ~[?:?]
	at java.lang.reflect.Method.invoke(Method.java:580) ~[?:?]
	at com.umr.apitesting.core.executor.KeywordExecutor.executeKeyword(KeywordExecutor.java:40) [classes/:?]
	at com.umr.apitesting.core.executor.TestExecutor.executeTest(TestExecutor.java:36) [classes/:?]
	at com.umr.apitesting.TestRunner.main(TestRunner.java:44) [classes/:?]
Caused by: java.lang.NullPointerException: Cannot invoke "Object.toString()" because the return value of "com.umr.apitesting.core.context.TestContext.getTestData(String)" is null
	at com.umr.apitesting.keywords.BaseKeywords.verifyStatus(BaseKeywords.java:57) ~[classes/:?]
	at jdk.internal.reflect.DirectMethodHandleAccessor.invoke(DirectMethodHandleAccessor.java:103) ~[?:?]
	... 4 more
2024-11-26 15:39:42.095 [main] ERROR com.umr.apitesting.utils.LoggerUtil - Keyword execution failed: VERIFY_STATUS
2024-11-26 15:39:42.095 [main] ERROR com.umr.apitesting.utils.LoggerUtil - Test execution failed: TC001
java.lang.RuntimeException: Test failed at keyword: VERIFY_STATUS
	at com.umr.apitesting.core.executor.TestExecutor.executeTest(TestExecutor.java:39) [classes/:?]
	at com.umr.apitesting.TestRunner.main(TestRunner.java:44) [classes/:?]
2024-11-26 15:39:42.096 [main] ERROR com.umr.apitesting.utils.LoggerUtil - Test TC001 FAILED
java.lang.RuntimeException: Test execution failed
	at com.umr.apitesting.core.executor.TestExecutor.executeTest(TestExecutor.java:45) ~[classes/:?]
	at com.umr.apitesting.TestRunner.main(TestRunner.java:44) [classes/:?]
Caused by: java.lang.RuntimeException: Test failed at keyword: VERIFY_STATUS
	at com.umr.apitesting.core.executor.TestExecutor.executeTest(TestExecutor.java:39) ~[classes/:?]
	... 1 more
2024-11-26 15:39:42.096 [main] INFO  com.umr.apitesting.utils.LoggerUtil - 
=== Test Execution Summary ===
2024-11-26 15:39:42.096 [main] INFO  com.umr.apitesting.utils.LoggerUtil - Total Tests: 1
2024-11-26 15:39:42.096 [main] INFO  com.umr.apitesting.utils.LoggerUtil - Passed: 0
2024-11-26 15:39:42.096 [main] INFO  com.umr.apitesting.utils.LoggerUtil - Failed: 1
2024-11-26 15:39:42.097 [main] INFO  com.umr.apitesting.utils.LoggerUtil - Success Rate: 0.00%
2024-11-26 15:41:07.995 [main] INFO  com.umr.apitesting.utils.LoggerUtil - Loaded configuration for environment: dev
2024-11-26 15:41:08.449 [main] INFO  com.umr.apitesting.utils.LoggerUtil - Successfully initialized workbook: src/main/resources/testdata/TestSuite.xlsx
2024-11-26 15:41:08.459 [main] INFO  com.umr.apitesting.utils.LoggerUtil - Found 1 test cases to execute
2024-11-26 15:41:08.460 [main] INFO  com.umr.apitesting.utils.LoggerUtil - Executing test: TC001 - Get Posts
2024-11-26 15:41:08.501 [main] INFO  com.umr.apitesting.utils.LoggerUtil - Successfully initialized workbook: src/main/resources/testdata/TestSuite.xlsx
2024-11-26 15:41:08.505 [main] INFO  com.umr.apitesting.utils.LoggerUtil - Test Data: {TestID=TC001, Endpoint=/posts/1, Headers=Content-Type: application/json, ValidationPath=$.title, ExpectedValue=sunt aut facere, BaseURL=https://jsonplaceholder.typicode.com, Method=GET, ExpectedStatus=200.0, RequestBody=}
2024-11-26 15:41:08.505 [main] INFO  com.umr.apitesting.utils.LoggerUtil - Conteext Data: 200.0
2024-11-26 15:41:08.540 [main] INFO  com.umr.apitesting.utils.LoggerUtil - Successfully initialized workbook: src/main/resources/testdata/TestSuite.xlsx
2024-11-26 15:41:08.544 [main] INFO  com.umr.apitesting.utils.LoggerUtil - Executing test: TC001
2024-11-26 15:41:08.545 [main] INFO  com.umr.apitesting.utils.LoggerUtil - Test data: https://jsonplaceholder.typicode.com/posts/1
2024-11-26 15:41:08.545 [main] INFO  com.umr.apitesting.utils.LoggerUtil - Executing keyword: GET
2024-11-26 15:41:08.545 [main] INFO  com.umr.apitesting.utils.LoggerUtil - Current context: null
2024-11-26 15:41:08.545 [main] INFO  com.umr.apitesting.utils.LoggerUtil - Executing keyword: GET
2024-11-26 15:41:08.956 [main] INFO  com.umr.apitesting.utils.LoggerUtil - Making request to: https://jsonplaceholder.typicode.com/posts/1
2024-11-26 15:41:08.956 [main] INFO  com.umr.apitesting.utils.LoggerUtil - Headers: {Content-Type=application/json}
2024-11-26 15:41:08.988 [main] INFO  com.umr.apitesting.utils.LoggerUtil - Executing GET request to https://jsonplaceholder.typicode.com/posts/1
2024-11-26 15:41:09.819 [main] INFO  com.umr.apitesting.utils.LoggerUtil - Response Status: 200
2024-11-26 15:41:09.819 [main] INFO  com.umr.apitesting.utils.LoggerUtil - Executing keyword: VERIFY_STATUS
2024-11-26 15:41:09.820 [main] INFO  com.umr.apitesting.utils.LoggerUtil - Current context: null
2024-11-26 15:41:09.820 [main] INFO  com.umr.apitesting.utils.LoggerUtil - Executing keyword: VERIFY_STATUS
2024-11-26 15:41:09.820 [main] ERROR com.umr.apitesting.utils.LoggerUtil - Failed to execute keyword: VERIFY_STATUS
java.lang.reflect.InvocationTargetException: null
	at jdk.internal.reflect.DirectMethodHandleAccessor.invoke(DirectMethodHandleAccessor.java:115) ~[?:?]
	at java.lang.reflect.Method.invoke(Method.java:580) ~[?:?]
	at com.umr.apitesting.core.executor.KeywordExecutor.executeKeyword(KeywordExecutor.java:40) [classes/:?]
	at com.umr.apitesting.core.executor.TestExecutor.executeTest(TestExecutor.java:36) [classes/:?]
	at com.umr.apitesting.TestRunner.main(TestRunner.java:44) [classes/:?]
Caused by: java.lang.NullPointerException: Cannot invoke "Object.toString()" because the return value of "com.umr.apitesting.core.context.TestContext.getTestData(String)" is null
	at com.umr.apitesting.keywords.BaseKeywords.verifyStatus(BaseKeywords.java:57) ~[classes/:?]
	at jdk.internal.reflect.DirectMethodHandleAccessor.invoke(DirectMethodHandleAccessor.java:103) ~[?:?]
	... 4 more
2024-11-26 15:41:09.829 [main] ERROR com.umr.apitesting.utils.LoggerUtil - Keyword execution failed: VERIFY_STATUS
2024-11-26 15:41:09.829 [main] ERROR com.umr.apitesting.utils.LoggerUtil - Test execution failed: TC001
java.lang.RuntimeException: Test failed at keyword: VERIFY_STATUS
	at com.umr.apitesting.core.executor.TestExecutor.executeTest(TestExecutor.java:39) [classes/:?]
	at com.umr.apitesting.TestRunner.main(TestRunner.java:44) [classes/:?]
2024-11-26 15:41:09.829 [main] ERROR com.umr.apitesting.utils.LoggerUtil - Test TC001 FAILED
java.lang.RuntimeException: Test execution failed
	at com.umr.apitesting.core.executor.TestExecutor.executeTest(TestExecutor.java:45) ~[classes/:?]
	at com.umr.apitesting.TestRunner.main(TestRunner.java:44) [classes/:?]
Caused by: java.lang.RuntimeException: Test failed at keyword: VERIFY_STATUS
	at com.umr.apitesting.core.executor.TestExecutor.executeTest(TestExecutor.java:39) ~[classes/:?]
	... 1 more
2024-11-26 15:41:09.829 [main] INFO  com.umr.apitesting.utils.LoggerUtil - 
=== Test Execution Summary ===
2024-11-26 15:41:09.829 [main] INFO  com.umr.apitesting.utils.LoggerUtil - Total Tests: 1
2024-11-26 15:41:09.829 [main] INFO  com.umr.apitesting.utils.LoggerUtil - Passed: 0
2024-11-26 15:41:09.830 [main] INFO  com.umr.apitesting.utils.LoggerUtil - Failed: 1
2024-11-26 15:41:09.830 [main] INFO  com.umr.apitesting.utils.LoggerUtil - Success Rate: 0.00%
2024-11-26 15:49:03.211 [main] INFO  com.umr.apitesting.utils.LoggerUtil - Loaded configuration for environment: dev
2024-11-26 15:49:03.641 [main] INFO  com.umr.apitesting.utils.LoggerUtil - Successfully initialized workbook: src/main/resources/testdata/TestSuite.xlsx
2024-11-26 15:49:03.653 [main] INFO  com.umr.apitesting.utils.LoggerUtil - Found 1 test cases to execute
2024-11-26 15:49:03.654 [main] INFO  com.umr.apitesting.utils.LoggerUtil - Executing test: TC001 - Get Posts
2024-11-26 15:49:03.687 [main] INFO  com.umr.apitesting.utils.LoggerUtil - Successfully initialized workbook: src/main/resources/testdata/TestSuite.xlsx
2024-11-26 15:49:03.691 [main] INFO  com.umr.apitesting.utils.LoggerUtil - Test Data: {TestID=TC001, Endpoint=/posts/1, Headers=Content-Type: application/json, ValidationPath=$.title, ExpectedValue=sunt aut facere, BaseURL=https://jsonplaceholder.typicode.com, Method=GET, ExpectedStatus=200.0, RequestBody=}
2024-11-26 15:49:03.691 [main] INFO  com.umr.apitesting.utils.LoggerUtil - Conteext Data: 200.0
2024-11-26 15:49:03.725 [main] INFO  com.umr.apitesting.utils.LoggerUtil - Successfully initialized workbook: src/main/resources/testdata/TestSuite.xlsx
2024-11-26 15:49:03.729 [main] INFO  com.umr.apitesting.utils.LoggerUtil - Executing test: TC001
2024-11-26 15:49:03.729 [main] INFO  com.umr.apitesting.utils.LoggerUtil - Test data: https://jsonplaceholder.typicode.com/posts/1
2024-11-26 15:49:03.729 [main] INFO  com.umr.apitesting.utils.LoggerUtil - Executing keyword: GET
2024-11-26 15:49:03.730 [main] INFO  com.umr.apitesting.utils.LoggerUtil - Current context: null
2024-11-26 15:49:03.730 [main] INFO  com.umr.apitesting.utils.LoggerUtil - Executing keyword: GET
2024-11-26 15:49:04.133 [main] INFO  com.umr.apitesting.utils.LoggerUtil - Making request to: https://jsonplaceholder.typicode.com/posts/1
2024-11-26 15:49:04.133 [main] INFO  com.umr.apitesting.utils.LoggerUtil - Headers: {Content-Type=application/json}
2024-11-26 15:49:04.166 [main] INFO  com.umr.apitesting.utils.LoggerUtil - Executing GET request to https://jsonplaceholder.typicode.com/posts/1
2024-11-26 15:49:05.075 [main] INFO  com.umr.apitesting.utils.LoggerUtil - Response Status: 200
2024-11-26 15:49:05.075 [main] INFO  com.umr.apitesting.utils.LoggerUtil - Executing keyword: VERIFY_STATUS
2024-11-26 15:49:05.075 [main] INFO  com.umr.apitesting.utils.LoggerUtil - Current context: null
2024-11-26 15:49:05.075 [main] INFO  com.umr.apitesting.utils.LoggerUtil - Executing keyword: VERIFY_STATUS
2024-11-26 15:49:05.076 [main] ERROR com.umr.apitesting.utils.LoggerUtil - Failed to execute keyword: VERIFY_STATUS
java.lang.reflect.InvocationTargetException: null
	at jdk.internal.reflect.DirectMethodHandleAccessor.invoke(DirectMethodHandleAccessor.java:118) ~[?:?]
	at java.lang.reflect.Method.invoke(Method.java:580) ~[?:?]
	at com.umr.apitesting.core.executor.KeywordExecutor.executeKeyword(KeywordExecutor.java:40) [classes/:?]
	at com.umr.apitesting.core.executor.TestExecutor.executeTest(TestExecutor.java:36) [classes/:?]
	at com.umr.apitesting.TestRunner.main(TestRunner.java:44) [classes/:?]
Caused by: java.lang.NumberFormatException: For input string: "200.0"
	at java.lang.NumberFormatException.forInputString(NumberFormatException.java:67) ~[?:?]
	at java.lang.Integer.parseInt(Integer.java:662) ~[?:?]
	at java.lang.Integer.parseInt(Integer.java:778) ~[?:?]
	at com.umr.apitesting.keywords.BaseKeywords.verifyStatus(BaseKeywords.java:57) ~[classes/:?]
	at jdk.internal.reflect.DirectMethodHandleAccessor.invoke(DirectMethodHandleAccessor.java:103) ~[?:?]
	... 4 more
2024-11-26 15:49:05.089 [main] ERROR com.umr.apitesting.utils.LoggerUtil - Keyword execution failed: VERIFY_STATUS
2024-11-26 15:49:05.089 [main] ERROR com.umr.apitesting.utils.LoggerUtil - Test execution failed: TC001
java.lang.RuntimeException: Test failed at keyword: VERIFY_STATUS
	at com.umr.apitesting.core.executor.TestExecutor.executeTest(TestExecutor.java:39) [classes/:?]
	at com.umr.apitesting.TestRunner.main(TestRunner.java:44) [classes/:?]
2024-11-26 15:49:05.090 [main] ERROR com.umr.apitesting.utils.LoggerUtil - Test TC001 FAILED
java.lang.RuntimeException: Test execution failed
	at com.umr.apitesting.core.executor.TestExecutor.executeTest(TestExecutor.java:45) ~[classes/:?]
	at com.umr.apitesting.TestRunner.main(TestRunner.java:44) [classes/:?]
Caused by: java.lang.RuntimeException: Test failed at keyword: VERIFY_STATUS
	at com.umr.apitesting.core.executor.TestExecutor.executeTest(TestExecutor.java:39) ~[classes/:?]
	... 1 more
2024-11-26 15:49:05.091 [main] INFO  com.umr.apitesting.utils.LoggerUtil - 
=== Test Execution Summary ===
2024-11-26 15:49:05.091 [main] INFO  com.umr.apitesting.utils.LoggerUtil - Total Tests: 1
2024-11-26 15:49:05.091 [main] INFO  com.umr.apitesting.utils.LoggerUtil - Passed: 0
2024-11-26 15:49:05.092 [main] INFO  com.umr.apitesting.utils.LoggerUtil - Failed: 1
2024-11-26 15:49:05.093 [main] INFO  com.umr.apitesting.utils.LoggerUtil - Success Rate: 0.00%
2024-11-26 15:53:00.471 [main] INFO  com.umr.apitesting.utils.LoggerUtil - Loaded configuration for environment: dev
2024-11-26 15:53:00.946 [main] INFO  com.umr.apitesting.utils.LoggerUtil - Successfully initialized workbook: src/main/resources/testdata/TestSuite.xlsx
2024-11-26 15:53:00.956 [main] INFO  com.umr.apitesting.utils.LoggerUtil - Found 1 test cases to execute
2024-11-26 15:53:00.956 [main] INFO  com.umr.apitesting.utils.LoggerUtil - Executing test: TC001 - Get Posts
2024-11-26 15:53:00.994 [main] INFO  com.umr.apitesting.utils.LoggerUtil - Successfully initialized workbook: src/main/resources/testdata/TestSuite.xlsx
2024-11-26 15:53:00.997 [main] INFO  com.umr.apitesting.utils.LoggerUtil - Test Data: {TestID=TC001, Endpoint=/posts/1, Headers=Content-Type: application/json, ValidationPath=$.title, ExpectedValue=sunt aut facere, BaseURL=https://jsonplaceholder.typicode.com, Method=GET, ExpectedStatus=200.0, RequestBody=}
2024-11-26 15:53:00.998 [main] INFO  com.umr.apitesting.utils.LoggerUtil - Conteext Data: 200.0
2024-11-26 15:53:01.036 [main] INFO  com.umr.apitesting.utils.LoggerUtil - Successfully initialized workbook: src/main/resources/testdata/TestSuite.xlsx
2024-11-26 15:53:01.042 [main] INFO  com.umr.apitesting.utils.LoggerUtil - Executing test: TC001
2024-11-26 15:53:01.043 [main] INFO  com.umr.apitesting.utils.LoggerUtil - Test data: https://jsonplaceholder.typicode.com/posts/1
2024-11-26 15:53:01.043 [main] INFO  com.umr.apitesting.utils.LoggerUtil - Executing keyword: GET
2024-11-26 15:53:01.043 [main] INFO  com.umr.apitesting.utils.LoggerUtil - Current context: null
2024-11-26 15:53:01.043 [main] INFO  com.umr.apitesting.utils.LoggerUtil - Executing keyword: GET
2024-11-26 15:53:01.464 [main] INFO  com.umr.apitesting.utils.LoggerUtil - Making request to: https://jsonplaceholder.typicode.com/posts/1
2024-11-26 15:53:01.465 [main] INFO  com.umr.apitesting.utils.LoggerUtil - Headers: {Content-Type=application/json}
2024-11-26 15:53:01.510 [main] INFO  com.umr.apitesting.utils.LoggerUtil - Executing GET request to https://jsonplaceholder.typicode.com/posts/1
2024-11-26 15:53:02.458 [main] INFO  com.umr.apitesting.utils.LoggerUtil - Response Status: 200
2024-11-26 15:53:02.458 [main] INFO  com.umr.apitesting.utils.LoggerUtil - Executing keyword: VERIFY_STATUS
2024-11-26 15:53:02.458 [main] INFO  com.umr.apitesting.utils.LoggerUtil - Current context: null
2024-11-26 15:53:02.458 [main] INFO  com.umr.apitesting.utils.LoggerUtil - Executing keyword: VERIFY_STATUS
2024-11-26 15:53:02.459 [main] INFO  com.umr.apitesting.utils.LoggerUtil - Status code validation: Expected=200, Actual=200
2024-11-26 15:53:02.459 [main] INFO  com.umr.apitesting.utils.LoggerUtil - Executing keyword: VERIFY_JSON_PATH
2024-11-26 15:53:02.459 [main] ERROR com.umr.apitesting.utils.LoggerUtil - Failed to execute keyword: VERIFY_JSON_PATH
java.lang.IllegalArgumentException: Unknown keyword: VERIFY_JSON_PATH
	at com.umr.apitesting.core.executor.KeywordExecutor.executeKeyword(KeywordExecutor.java:35) [classes/:?]
	at com.umr.apitesting.core.executor.TestExecutor.executeTest(TestExecutor.java:36) [classes/:?]
	at com.umr.apitesting.TestRunner.main(TestRunner.java:44) [classes/:?]
2024-11-26 15:53:02.466 [main] ERROR com.umr.apitesting.utils.LoggerUtil - Keyword execution failed: VERIFY_JSON_PATH
2024-11-26 15:53:02.466 [main] ERROR com.umr.apitesting.utils.LoggerUtil - Test execution failed: TC001
java.lang.RuntimeException: Test failed at keyword: VERIFY_JSON_PATH
	at com.umr.apitesting.core.executor.TestExecutor.executeTest(TestExecutor.java:39) [classes/:?]
	at com.umr.apitesting.TestRunner.main(TestRunner.java:44) [classes/:?]
2024-11-26 15:53:02.467 [main] ERROR com.umr.apitesting.utils.LoggerUtil - Test TC001 FAILED
java.lang.RuntimeException: Test execution failed
	at com.umr.apitesting.core.executor.TestExecutor.executeTest(TestExecutor.java:45) ~[classes/:?]
	at com.umr.apitesting.TestRunner.main(TestRunner.java:44) [classes/:?]
Caused by: java.lang.RuntimeException: Test failed at keyword: VERIFY_JSON_PATH
	at com.umr.apitesting.core.executor.TestExecutor.executeTest(TestExecutor.java:39) ~[classes/:?]
	... 1 more
2024-11-26 15:53:02.467 [main] INFO  com.umr.apitesting.utils.LoggerUtil - 
=== Test Execution Summary ===
2024-11-26 15:53:02.468 [main] INFO  com.umr.apitesting.utils.LoggerUtil - Total Tests: 1
2024-11-26 15:53:02.469 [main] INFO  com.umr.apitesting.utils.LoggerUtil - Passed: 0
2024-11-26 15:53:02.470 [main] INFO  com.umr.apitesting.utils.LoggerUtil - Failed: 1
2024-11-26 15:53:02.472 [main] INFO  com.umr.apitesting.utils.LoggerUtil - Success Rate: 0.00%
2024-11-26 15:54:45.513 [main] INFO  com.umr.apitesting.utils.LoggerUtil - Loaded configuration for environment: dev
2024-11-26 15:54:45.969 [main] INFO  com.umr.apitesting.utils.LoggerUtil - Successfully initialized workbook: src/main/resources/testdata/TestSuite.xlsx
2024-11-26 15:54:45.977 [main] INFO  com.umr.apitesting.utils.LoggerUtil - Found 1 test cases to execute
2024-11-26 15:54:45.977 [main] INFO  com.umr.apitesting.utils.LoggerUtil - Executing test: TC001 - Get Posts
2024-11-26 15:54:46.013 [main] INFO  com.umr.apitesting.utils.LoggerUtil - Successfully initialized workbook: src/main/resources/testdata/TestSuite.xlsx
2024-11-26 15:54:46.018 [main] INFO  com.umr.apitesting.utils.LoggerUtil - Test Data: {TestID=TC001, Endpoint=/posts/1, Headers=Content-Type: application/json, ValidationPath=$.title, ExpectedValue=sunt aut facere, BaseURL=https://jsonplaceholder.typicode.com, Method=GET, ExpectedStatus=200.0, RequestBody=}
2024-11-26 15:54:46.018 [main] INFO  com.umr.apitesting.utils.LoggerUtil - Conteext Data: 200.0
2024-11-26 15:54:46.053 [main] INFO  com.umr.apitesting.utils.LoggerUtil - Successfully initialized workbook: src/main/resources/testdata/TestSuite.xlsx
2024-11-26 15:54:46.057 [main] INFO  com.umr.apitesting.utils.LoggerUtil - Executing test: TC001
2024-11-26 15:54:46.057 [main] INFO  com.umr.apitesting.utils.LoggerUtil - Test data: https://jsonplaceholder.typicode.com/posts/1
2024-11-26 15:54:46.058 [main] INFO  com.umr.apitesting.utils.LoggerUtil - Executing keyword: GET
2024-11-26 15:54:46.058 [main] INFO  com.umr.apitesting.utils.LoggerUtil - Current context: null
2024-11-26 15:54:46.058 [main] INFO  com.umr.apitesting.utils.LoggerUtil - Executing keyword: GET
2024-11-26 15:54:46.473 [main] INFO  com.umr.apitesting.utils.LoggerUtil - Making request to: https://jsonplaceholder.typicode.com/posts/1
2024-11-26 15:54:46.473 [main] INFO  com.umr.apitesting.utils.LoggerUtil - Headers: {Content-Type=application/json}
2024-11-26 15:54:46.507 [main] INFO  com.umr.apitesting.utils.LoggerUtil - Executing GET request to https://jsonplaceholder.typicode.com/posts/1
2024-11-26 15:54:47.398 [main] INFO  com.umr.apitesting.utils.LoggerUtil - Response Status: 200
2024-11-26 15:54:47.398 [main] INFO  com.umr.apitesting.utils.LoggerUtil - Executing keyword: VERIFY_STATUS
2024-11-26 15:54:47.398 [main] INFO  com.umr.apitesting.utils.LoggerUtil - Current context: null
2024-11-26 15:54:47.398 [main] INFO  com.umr.apitesting.utils.LoggerUtil - Executing keyword: VERIFY_STATUS
2024-11-26 15:54:47.398 [main] INFO  com.umr.apitesting.utils.LoggerUtil - Status code validation: Expected=200, Actual=200
2024-11-26 15:54:47.398 [main] INFO  com.umr.apitesting.utils.LoggerUtil - Executing keyword: VERIFY_JSON_PATH
2024-11-26 15:54:47.398 [main] INFO  com.umr.apitesting.utils.LoggerUtil - Current context: null
2024-11-26 15:54:47.398 [main] INFO  com.umr.apitesting.utils.LoggerUtil - Executing keyword: VERIFY_JSON_PATH
2024-11-26 15:54:48.445 [main] INFO  com.umr.apitesting.utils.LoggerUtil - JSON path validation: Path=$.title, Expected=sunt aut facere, Actual=null
2024-11-26 15:54:48.446 [main] ERROR com.umr.apitesting.utils.LoggerUtil - Keyword execution failed: VERIFY_JSON_PATH
2024-11-26 15:54:48.446 [main] ERROR com.umr.apitesting.utils.LoggerUtil - Test execution failed: TC001
java.lang.RuntimeException: Test failed at keyword: VERIFY_JSON_PATH
	at com.umr.apitesting.core.executor.TestExecutor.executeTest(TestExecutor.java:39) [classes/:?]
	at com.umr.apitesting.TestRunner.main(TestRunner.java:44) [classes/:?]
2024-11-26 15:54:48.451 [main] ERROR com.umr.apitesting.utils.LoggerUtil - Test TC001 FAILED
java.lang.RuntimeException: Test execution failed
	at com.umr.apitesting.core.executor.TestExecutor.executeTest(TestExecutor.java:45) ~[classes/:?]
	at com.umr.apitesting.TestRunner.main(TestRunner.java:44) [classes/:?]
Caused by: java.lang.RuntimeException: Test failed at keyword: VERIFY_JSON_PATH
	at com.umr.apitesting.core.executor.TestExecutor.executeTest(TestExecutor.java:39) ~[classes/:?]
	... 1 more
2024-11-26 15:54:48.451 [main] INFO  com.umr.apitesting.utils.LoggerUtil - 
=== Test Execution Summary ===
2024-11-26 15:54:48.451 [main] INFO  com.umr.apitesting.utils.LoggerUtil - Total Tests: 1
2024-11-26 15:54:48.451 [main] INFO  com.umr.apitesting.utils.LoggerUtil - Passed: 0
2024-11-26 15:54:48.451 [main] INFO  com.umr.apitesting.utils.LoggerUtil - Failed: 1
2024-11-26 15:54:48.452 [main] INFO  com.umr.apitesting.utils.LoggerUtil - Success Rate: 0.00%
2024-11-26 16:05:09.214 [main] INFO  com.umr.apitesting.utils.LoggerUtil - Loaded configuration for environment: dev
2024-11-26 16:05:09.656 [main] INFO  com.umr.apitesting.utils.LoggerUtil - Successfully initialized workbook: src/main/resources/testdata/TestSuite.xlsx
2024-11-26 16:05:09.663 [main] INFO  com.umr.apitesting.utils.LoggerUtil - Found 1 test cases to execute
2024-11-26 16:05:09.663 [main] INFO  com.umr.apitesting.utils.LoggerUtil - Executing test: TC001 - Get Posts
2024-11-26 16:05:09.694 [main] INFO  com.umr.apitesting.utils.LoggerUtil - Successfully initialized workbook: src/main/resources/testdata/TestSuite.xlsx
2024-11-26 16:05:09.697 [main] INFO  com.umr.apitesting.utils.LoggerUtil - Test Data: {TestID=TC001, Endpoint=/posts/1, Headers=Content-Type: application/json, ValidationPath=$.title, ExpectedValue=sunt aut facere, BaseURL=https://jsonplaceholder.typicode.com, Method=GET, ExpectedStatus=200.0, RequestBody=}
2024-11-26 16:05:09.697 [main] INFO  com.umr.apitesting.utils.LoggerUtil - Conteext Data: 200.0
2024-11-26 16:05:09.728 [main] INFO  com.umr.apitesting.utils.LoggerUtil - Successfully initialized workbook: src/main/resources/testdata/TestSuite.xlsx
2024-11-26 16:05:09.731 [main] INFO  com.umr.apitesting.utils.LoggerUtil - Executing test: TC001
2024-11-26 16:05:09.731 [main] INFO  com.umr.apitesting.utils.LoggerUtil - Test data: https://jsonplaceholder.typicode.com/posts/1
2024-11-26 16:05:09.732 [main] INFO  com.umr.apitesting.utils.LoggerUtil - Executing keyword: GET
2024-11-26 16:05:09.732 [main] INFO  com.umr.apitesting.utils.LoggerUtil - Current context: null
2024-11-26 16:05:09.732 [main] INFO  com.umr.apitesting.utils.LoggerUtil - Executing keyword: GET
2024-11-26 16:05:10.130 [main] INFO  com.umr.apitesting.utils.LoggerUtil - Making request to: https://jsonplaceholder.typicode.com/posts/1
2024-11-26 16:05:10.130 [main] INFO  com.umr.apitesting.utils.LoggerUtil - Headers: {Content-Type=application/json}
2024-11-26 16:05:10.165 [main] INFO  com.umr.apitesting.utils.LoggerUtil - Executing GET request to https://jsonplaceholder.typicode.com/posts/1
2024-11-26 16:05:11.021 [main] INFO  com.umr.apitesting.utils.LoggerUtil - Response Status: 200
2024-11-26 16:05:11.021 [main] INFO  com.umr.apitesting.utils.LoggerUtil - Executing keyword: VERIFY_STATUS
2024-11-26 16:05:11.021 [main] INFO  com.umr.apitesting.utils.LoggerUtil - Current context: null
2024-11-26 16:05:11.021 [main] INFO  com.umr.apitesting.utils.LoggerUtil - Executing keyword: VERIFY_STATUS
2024-11-26 16:05:11.021 [main] INFO  com.umr.apitesting.utils.LoggerUtil - Status code validation: Expected=200, Actual=200
2024-11-26 16:05:11.022 [main] INFO  com.umr.apitesting.utils.LoggerUtil - Executing keyword: VERIFY_JSON_PATH
2024-11-26 16:05:11.022 [main] INFO  com.umr.apitesting.utils.LoggerUtil - Current context: null
2024-11-26 16:05:11.022 [main] INFO  com.umr.apitesting.utils.LoggerUtil - Executing keyword: VERIFY_JSON_PATH
2024-11-26 16:05:11.053 [main] INFO  com.umr.apitesting.utils.LoggerUtil - Response Body: {
  "userId": 1,
  "id": 1,
  "title": "sunt aut facere repellat provident occaecati excepturi optio reprehenderit",
  "body": "quia et suscipit\nsuscipit recusandae consequuntur expedita et cum\nreprehenderit molestiae ut ut quas totam\nnostrum rerum est autem sunt rem eveniet architecto"
}
2024-11-26 16:05:11.498 [main] ERROR com.umr.apitesting.utils.LoggerUtil - No value found for JsonPath: $.title
2024-11-26 16:05:11.498 [main] ERROR com.umr.apitesting.utils.LoggerUtil - Keyword execution failed: VERIFY_JSON_PATH
2024-11-26 16:05:11.498 [main] ERROR com.umr.apitesting.utils.LoggerUtil - Test execution failed: TC001
java.lang.RuntimeException: Test failed at keyword: VERIFY_JSON_PATH
	at com.umr.apitesting.core.executor.TestExecutor.executeTest(TestExecutor.java:39) [classes/:?]
	at com.umr.apitesting.TestRunner.main(TestRunner.java:44) [classes/:?]
2024-11-26 16:05:11.505 [main] ERROR com.umr.apitesting.utils.LoggerUtil - Test TC001 FAILED
java.lang.RuntimeException: Test execution failed
	at com.umr.apitesting.core.executor.TestExecutor.executeTest(TestExecutor.java:45) ~[classes/:?]
	at com.umr.apitesting.TestRunner.main(TestRunner.java:44) [classes/:?]
Caused by: java.lang.RuntimeException: Test failed at keyword: VERIFY_JSON_PATH
	at com.umr.apitesting.core.executor.TestExecutor.executeTest(TestExecutor.java:39) ~[classes/:?]
	... 1 more
2024-11-26 16:05:11.505 [main] INFO  com.umr.apitesting.utils.LoggerUtil - 
=== Test Execution Summary ===
2024-11-26 16:05:11.505 [main] INFO  com.umr.apitesting.utils.LoggerUtil - Total Tests: 1
2024-11-26 16:05:11.505 [main] INFO  com.umr.apitesting.utils.LoggerUtil - Passed: 0
2024-11-26 16:05:11.505 [main] INFO  com.umr.apitesting.utils.LoggerUtil - Failed: 1
2024-11-26 16:05:11.506 [main] INFO  com.umr.apitesting.utils.LoggerUtil - Success Rate: 0.00%
2024-11-26 16:12:19.264 [main] INFO  com.umr.apitesting.utils.LoggerUtil - Loaded configuration for environment: dev
2024-11-26 16:12:19.982 [main] INFO  com.umr.apitesting.utils.LoggerUtil - Successfully initialized workbook: src/main/resources/testdata/TestSuite.xlsx
2024-11-26 16:12:19.994 [main] INFO  com.umr.apitesting.utils.LoggerUtil - Found 1 test cases to execute
2024-11-26 16:12:19.995 [main] INFO  com.umr.apitesting.utils.LoggerUtil - Executing test: TC001 - Get Posts
2024-11-26 16:12:20.033 [main] INFO  com.umr.apitesting.utils.LoggerUtil - Successfully initialized workbook: src/main/resources/testdata/TestSuite.xlsx
2024-11-26 16:12:20.039 [main] INFO  com.umr.apitesting.utils.LoggerUtil - Test Data: {TestID=TC001, Endpoint=/posts/1, Headers=Content-Type: application/json, ValidationPath=$.title, ExpectedValue=sunt aut facere, BaseURL=https://jsonplaceholder.typicode.com, Method=GET, ExpectedStatus=200.0, RequestBody=}
2024-11-26 16:12:20.039 [main] INFO  com.umr.apitesting.utils.LoggerUtil - Conteext Data: 200.0
2024-11-26 16:12:20.073 [main] INFO  com.umr.apitesting.utils.LoggerUtil - Successfully initialized workbook: src/main/resources/testdata/TestSuite.xlsx
2024-11-26 16:12:20.078 [main] INFO  com.umr.apitesting.utils.LoggerUtil - Executing test: TC001
2024-11-26 16:12:20.078 [main] INFO  com.umr.apitesting.utils.LoggerUtil - Test data: https://jsonplaceholder.typicode.com/posts/1
2024-11-26 16:12:20.078 [main] INFO  com.umr.apitesting.utils.LoggerUtil - Executing keyword: GET
2024-11-26 16:12:20.079 [main] INFO  com.umr.apitesting.utils.LoggerUtil - Current context: null
2024-11-26 16:12:20.079 [main] INFO  com.umr.apitesting.utils.LoggerUtil - Executing keyword: GET
2024-11-26 16:12:20.532 [main] INFO  com.umr.apitesting.utils.LoggerUtil - Making request to: https://jsonplaceholder.typicode.com/posts/1
2024-11-26 16:12:20.532 [main] INFO  com.umr.apitesting.utils.LoggerUtil - Headers: {Content-Type=application/json}
2024-11-26 16:12:20.576 [main] INFO  com.umr.apitesting.utils.LoggerUtil - Executing GET request to https://jsonplaceholder.typicode.com/posts/1
2024-11-26 16:12:21.478 [main] INFO  com.umr.apitesting.utils.LoggerUtil - Response Status: 200
2024-11-26 16:12:21.505 [main] INFO  com.umr.apitesting.utils.LoggerUtil - Response Status Code: 200
2024-11-26 16:12:21.505 [main] INFO  com.umr.apitesting.utils.LoggerUtil - Response Body: {
  "userId": 1,
  "id": 1,
  "title": "sunt aut facere repellat provident occaecati excepturi optio reprehenderit",
  "body": "quia et suscipit\nsuscipit recusandae consequuntur expedita et cum\nreprehenderit molestiae ut ut quas totam\nnostrum rerum est autem sunt rem eveniet architecto"
}
2024-11-26 16:12:21.505 [main] INFO  com.umr.apitesting.utils.LoggerUtil - Executing keyword: VERIFY_STATUS
2024-11-26 16:12:21.505 [main] INFO  com.umr.apitesting.utils.LoggerUtil - Current context: null
2024-11-26 16:12:21.505 [main] INFO  com.umr.apitesting.utils.LoggerUtil - Executing keyword: VERIFY_STATUS
2024-11-26 16:12:21.506 [main] INFO  com.umr.apitesting.utils.LoggerUtil - Status code validation: Expected=200, Actual=200
2024-11-26 16:12:21.506 [main] INFO  com.umr.apitesting.utils.LoggerUtil - Executing keyword: VERIFY_JSON_PATH
2024-11-26 16:12:21.506 [main] INFO  com.umr.apitesting.utils.LoggerUtil - Current context: null
2024-11-26 16:12:21.506 [main] INFO  com.umr.apitesting.utils.LoggerUtil - Executing keyword: VERIFY_JSON_PATH
2024-11-26 16:12:21.506 [main] INFO  com.umr.apitesting.utils.LoggerUtil - Response Body: {
  "userId": 1,
  "id": 1,
  "title": "sunt aut facere repellat provident occaecati excepturi optio reprehenderit",
  "body": "quia et suscipit\nsuscipit recusandae consequuntur expedita et cum\nreprehenderit molestiae ut ut quas totam\nnostrum rerum est autem sunt rem eveniet architecto"
}
2024-11-26 16:12:21.958 [main] ERROR com.umr.apitesting.utils.LoggerUtil - No value found for JsonPath: $.title
2024-11-26 16:12:21.958 [main] ERROR com.umr.apitesting.utils.LoggerUtil - Keyword execution failed: VERIFY_JSON_PATH
2024-11-26 16:12:21.959 [main] ERROR com.umr.apitesting.utils.LoggerUtil - Test execution failed: TC001
java.lang.RuntimeException: Test failed at keyword: VERIFY_JSON_PATH
	at com.umr.apitesting.core.executor.TestExecutor.executeTest(TestExecutor.java:39) [classes/:?]
	at com.umr.apitesting.TestRunner.main(TestRunner.java:44) [classes/:?]
2024-11-26 16:12:21.970 [main] ERROR com.umr.apitesting.utils.LoggerUtil - Test TC001 FAILED
java.lang.RuntimeException: Test execution failed
	at com.umr.apitesting.core.executor.TestExecutor.executeTest(TestExecutor.java:45) ~[classes/:?]
	at com.umr.apitesting.TestRunner.main(TestRunner.java:44) [classes/:?]
Caused by: java.lang.RuntimeException: Test failed at keyword: VERIFY_JSON_PATH
	at com.umr.apitesting.core.executor.TestExecutor.executeTest(TestExecutor.java:39) ~[classes/:?]
	... 1 more
2024-11-26 16:12:21.970 [main] INFO  com.umr.apitesting.utils.LoggerUtil - 
=== Test Execution Summary ===
2024-11-26 16:12:21.971 [main] INFO  com.umr.apitesting.utils.LoggerUtil - Total Tests: 1
2024-11-26 16:12:21.971 [main] INFO  com.umr.apitesting.utils.LoggerUtil - Passed: 0
2024-11-26 16:12:21.971 [main] INFO  com.umr.apitesting.utils.LoggerUtil - Failed: 1
2024-11-26 16:12:21.972 [main] INFO  com.umr.apitesting.utils.LoggerUtil - Success Rate: 0.00%
2024-11-26 16:15:09.810 [main] INFO  com.umr.apitesting.utils.LoggerUtil - Loaded configuration for environment: dev
2024-11-26 16:15:10.252 [main] INFO  com.umr.apitesting.utils.LoggerUtil - Successfully initialized workbook: src/main/resources/testdata/TestSuite.xlsx
2024-11-26 16:15:10.261 [main] INFO  com.umr.apitesting.utils.LoggerUtil - Found 1 test cases to execute
2024-11-26 16:15:10.261 [main] INFO  com.umr.apitesting.utils.LoggerUtil - Executing test: TC001 - Get Posts
2024-11-26 16:15:10.296 [main] INFO  com.umr.apitesting.utils.LoggerUtil - Successfully initialized workbook: src/main/resources/testdata/TestSuite.xlsx
2024-11-26 16:15:10.301 [main] INFO  com.umr.apitesting.utils.LoggerUtil - Test Data: {TestID=TC001, Endpoint=/posts/1, Headers=Content-Type: application/json, ValidationPath=$.title, ExpectedValue=sunt aut facere, BaseURL=https://jsonplaceholder.typicode.com, Method=GET, ExpectedStatus=200.0, RequestBody=}
2024-11-26 16:15:10.301 [main] INFO  com.umr.apitesting.utils.LoggerUtil - Conteext Data: 200.0
2024-11-26 16:15:10.334 [main] INFO  com.umr.apitesting.utils.LoggerUtil - Successfully initialized workbook: src/main/resources/testdata/TestSuite.xlsx
2024-11-26 16:15:10.336 [main] INFO  com.umr.apitesting.utils.LoggerUtil - Executing test: TC001
2024-11-26 16:15:10.337 [main] INFO  com.umr.apitesting.utils.LoggerUtil - Test data: https://jsonplaceholder.typicode.com/posts/1
2024-11-26 16:15:10.337 [main] INFO  com.umr.apitesting.utils.LoggerUtil - Executing keyword: GET
2024-11-26 16:15:10.337 [main] INFO  com.umr.apitesting.utils.LoggerUtil - Current context: null
2024-11-26 16:15:10.337 [main] INFO  com.umr.apitesting.utils.LoggerUtil - Executing keyword: GET
2024-11-26 16:15:10.763 [main] INFO  com.umr.apitesting.utils.LoggerUtil - Making request to: https://jsonplaceholder.typicode.com/posts/1
2024-11-26 16:15:10.764 [main] INFO  com.umr.apitesting.utils.LoggerUtil - Headers: {Content-Type=application/json}
2024-11-26 16:15:10.806 [main] INFO  com.umr.apitesting.utils.LoggerUtil - Executing GET request to https://jsonplaceholder.typicode.com/posts/1
2024-11-26 16:15:11.775 [main] INFO  com.umr.apitesting.utils.LoggerUtil - Response Status: 200
2024-11-26 16:15:11.801 [main] INFO  com.umr.apitesting.utils.LoggerUtil - Response Status Code: 200
2024-11-26 16:15:11.802 [main] INFO  com.umr.apitesting.utils.LoggerUtil - Response Body: {
  "userId": 1,
  "id": 1,
  "title": "sunt aut facere repellat provident occaecati excepturi optio reprehenderit",
  "body": "quia et suscipit\nsuscipit recusandae consequuntur expedita et cum\nreprehenderit molestiae ut ut quas totam\nnostrum rerum est autem sunt rem eveniet architecto"
}
2024-11-26 16:15:11.802 [main] INFO  com.umr.apitesting.utils.LoggerUtil - Executing keyword: VERIFY_STATUS
2024-11-26 16:15:11.802 [main] INFO  com.umr.apitesting.utils.LoggerUtil - Current context: null
2024-11-26 16:15:11.802 [main] INFO  com.umr.apitesting.utils.LoggerUtil - Executing keyword: VERIFY_STATUS
2024-11-26 16:15:11.803 [main] INFO  com.umr.apitesting.utils.LoggerUtil - Status code validation: Expected=200, Actual=200
2024-11-26 16:15:11.803 [main] INFO  com.umr.apitesting.utils.LoggerUtil - Executing keyword: VERIFY_JSON_PATH
2024-11-26 16:15:11.803 [main] INFO  com.umr.apitesting.utils.LoggerUtil - Current context: null
2024-11-26 16:15:11.803 [main] INFO  com.umr.apitesting.utils.LoggerUtil - Executing keyword: VERIFY_JSON_PATH
2024-11-26 16:15:11.803 [main] INFO  com.umr.apitesting.utils.LoggerUtil - Validating JSON Path:
2024-11-26 16:15:11.804 [main] INFO  com.umr.apitesting.utils.LoggerUtil - Path: $.title
2024-11-26 16:15:11.804 [main] INFO  com.umr.apitesting.utils.LoggerUtil - Expected Value: sunt aut facere
2024-11-26 16:15:11.804 [main] INFO  com.umr.apitesting.utils.LoggerUtil - Response Body: {
  "userId": 1,
  "id": 1,
  "title": "sunt aut facere repellat provident occaecati excepturi optio reprehenderit",
  "body": "quia et suscipit\nsuscipit recusandae consequuntur expedita et cum\nreprehenderit molestiae ut ut quas totam\nnostrum rerum est autem sunt rem eveniet architecto"
}
2024-11-26 16:15:12.250 [main] ERROR com.umr.apitesting.utils.LoggerUtil - Value not found for path: $.title
2024-11-26 16:15:12.250 [main] ERROR com.umr.apitesting.utils.LoggerUtil - Keyword execution failed: VERIFY_JSON_PATH
2024-11-26 16:15:12.251 [main] ERROR com.umr.apitesting.utils.LoggerUtil - Test execution failed: TC001
java.lang.RuntimeException: Test failed at keyword: VERIFY_JSON_PATH
	at com.umr.apitesting.core.executor.TestExecutor.executeTest(TestExecutor.java:39) [classes/:?]
	at com.umr.apitesting.TestRunner.main(TestRunner.java:44) [classes/:?]
2024-11-26 16:15:12.264 [main] ERROR com.umr.apitesting.utils.LoggerUtil - Test TC001 FAILED
java.lang.RuntimeException: Test execution failed
	at com.umr.apitesting.core.executor.TestExecutor.executeTest(TestExecutor.java:45) ~[classes/:?]
	at com.umr.apitesting.TestRunner.main(TestRunner.java:44) [classes/:?]
Caused by: java.lang.RuntimeException: Test failed at keyword: VERIFY_JSON_PATH
	at com.umr.apitesting.core.executor.TestExecutor.executeTest(TestExecutor.java:39) ~[classes/:?]
	... 1 more
2024-11-26 16:15:12.264 [main] INFO  com.umr.apitesting.utils.LoggerUtil - 
=== Test Execution Summary ===
2024-11-26 16:15:12.264 [main] INFO  com.umr.apitesting.utils.LoggerUtil - Total Tests: 1
2024-11-26 16:15:12.264 [main] INFO  com.umr.apitesting.utils.LoggerUtil - Passed: 0
2024-11-26 16:15:12.265 [main] INFO  com.umr.apitesting.utils.LoggerUtil - Failed: 1
2024-11-26 16:15:12.265 [main] INFO  com.umr.apitesting.utils.LoggerUtil - Success Rate: 0.00%
2024-11-26 16:27:49.815 [main] INFO  com.umr.apitesting.utils.LoggerUtil - Loaded configuration for environment: dev
2024-11-26 16:27:50.369 [main] INFO  com.umr.apitesting.utils.LoggerUtil - Successfully initialized workbook: src/main/resources/testdata/TestSuite.xlsx
2024-11-26 16:27:50.377 [main] INFO  com.umr.apitesting.utils.LoggerUtil - Found 1 test cases to execute
2024-11-26 16:27:50.377 [main] INFO  com.umr.apitesting.utils.LoggerUtil - Executing test: TC001 - Get Posts
2024-11-26 16:27:50.417 [main] INFO  com.umr.apitesting.utils.LoggerUtil - Successfully initialized workbook: src/main/resources/testdata/TestSuite.xlsx
2024-11-26 16:27:50.422 [main] INFO  com.umr.apitesting.utils.LoggerUtil - Test Data: {TestID=TC001, Endpoint=/posts/1, Headers=Content-Type: application/json, ValidationPath=$.title, ExpectedValue=sunt aut facere, BaseURL=https://jsonplaceholder.typicode.com, Method=GET, ExpectedStatus=200.0, RequestBody=}
2024-11-26 16:27:50.422 [main] INFO  com.umr.apitesting.utils.LoggerUtil - Conteext Data: 200.0
2024-11-26 16:27:50.460 [main] INFO  com.umr.apitesting.utils.LoggerUtil - Successfully initialized workbook: src/main/resources/testdata/TestSuite.xlsx
2024-11-26 16:27:50.468 [main] INFO  com.umr.apitesting.utils.LoggerUtil - Executing test: TC001
2024-11-26 16:27:50.469 [main] INFO  com.umr.apitesting.utils.LoggerUtil - Test data: https://jsonplaceholder.typicode.com/posts/1
2024-11-26 16:27:50.469 [main] INFO  com.umr.apitesting.utils.LoggerUtil - Executing keyword: GET
2024-11-26 16:27:50.469 [main] INFO  com.umr.apitesting.utils.LoggerUtil - Current context: null
2024-11-26 16:27:50.469 [main] INFO  com.umr.apitesting.utils.LoggerUtil - Executing keyword: GET
2024-11-26 16:27:50.937 [main] INFO  com.umr.apitesting.utils.LoggerUtil - Making request to: https://jsonplaceholder.typicode.com/posts/1
2024-11-26 16:27:50.937 [main] INFO  com.umr.apitesting.utils.LoggerUtil - Headers: {Content-Type=application/json}
2024-11-26 16:27:50.978 [main] INFO  com.umr.apitesting.utils.LoggerUtil - Executing GET request to https://jsonplaceholder.typicode.com/posts/1
2024-11-26 16:27:51.910 [main] INFO  com.umr.apitesting.utils.LoggerUtil - Response Status: 200
2024-11-26 16:27:51.930 [main] INFO  com.umr.apitesting.utils.LoggerUtil - Response Status Code: 200
2024-11-26 16:27:51.930 [main] INFO  com.umr.apitesting.utils.LoggerUtil - Response Body: {
  "userId": 1,
  "id": 1,
  "title": "sunt aut facere repellat provident occaecati excepturi optio reprehenderit",
  "body": "quia et suscipit\nsuscipit recusandae consequuntur expedita et cum\nreprehenderit molestiae ut ut quas totam\nnostrum rerum est autem sunt rem eveniet architecto"
}
2024-11-26 16:27:51.930 [main] INFO  com.umr.apitesting.utils.LoggerUtil - Executing keyword: VERIFY_STATUS
2024-11-26 16:27:51.930 [main] INFO  com.umr.apitesting.utils.LoggerUtil - Current context: null
2024-11-26 16:27:51.930 [main] INFO  com.umr.apitesting.utils.LoggerUtil - Executing keyword: VERIFY_STATUS
2024-11-26 16:27:51.931 [main] INFO  com.umr.apitesting.utils.LoggerUtil - Status code validation: Expected=200, Actual=200
2024-11-26 16:27:51.931 [main] INFO  com.umr.apitesting.utils.LoggerUtil - Executing keyword: VERIFY_JSON_PATH
2024-11-26 16:27:51.931 [main] INFO  com.umr.apitesting.utils.LoggerUtil - Current context: null
2024-11-26 16:27:51.931 [main] INFO  com.umr.apitesting.utils.LoggerUtil - Executing keyword: VERIFY_JSON_PATH
2024-11-26 16:27:51.932 [main] INFO  com.umr.apitesting.utils.LoggerUtil - Validating JSON Path:
2024-11-26 16:27:51.933 [main] INFO  com.umr.apitesting.utils.LoggerUtil - Path: $.title
2024-11-26 16:27:51.934 [main] INFO  com.umr.apitesting.utils.LoggerUtil - Expected Value: sunt aut facere
2024-11-26 16:27:51.935 [main] INFO  com.umr.apitesting.utils.LoggerUtil - Response Body: {
  "userId": 1,
  "id": 1,
  "title": "sunt aut facere repellat provident occaecati excepturi optio reprehenderit",
  "body": "quia et suscipit\nsuscipit recusandae consequuntur expedita et cum\nreprehenderit molestiae ut ut quas totam\nnostrum rerum est autem sunt rem eveniet architecto"
}
2024-11-26 16:27:52.375 [main] ERROR com.umr.apitesting.utils.LoggerUtil - Value not found for path: $.title
2024-11-26 16:27:52.375 [main] ERROR com.umr.apitesting.utils.LoggerUtil - Keyword execution failed: VERIFY_JSON_PATH
2024-11-26 16:27:52.376 [main] ERROR com.umr.apitesting.utils.LoggerUtil - Test execution failed: TC001
java.lang.RuntimeException: Test failed at keyword: VERIFY_JSON_PATH
	at com.umr.apitesting.core.executor.TestExecutor.executeTest(TestExecutor.java:39) [classes/:?]
	at com.umr.apitesting.TestRunner.main(TestRunner.java:44) [classes/:?]
2024-11-26 16:27:52.386 [main] ERROR com.umr.apitesting.utils.LoggerUtil - Test TC001 FAILED
java.lang.RuntimeException: Test execution failed
	at com.umr.apitesting.core.executor.TestExecutor.executeTest(TestExecutor.java:45) ~[classes/:?]
	at com.umr.apitesting.TestRunner.main(TestRunner.java:44) [classes/:?]
Caused by: java.lang.RuntimeException: Test failed at keyword: VERIFY_JSON_PATH
	at com.umr.apitesting.core.executor.TestExecutor.executeTest(TestExecutor.java:39) ~[classes/:?]
	... 1 more
2024-11-26 16:27:52.387 [main] INFO  com.umr.apitesting.utils.LoggerUtil - 
=== Test Execution Summary ===
2024-11-26 16:27:52.388 [main] INFO  com.umr.apitesting.utils.LoggerUtil - Total Tests: 1
2024-11-26 16:27:52.389 [main] INFO  com.umr.apitesting.utils.LoggerUtil - Passed: 0
2024-11-26 16:27:52.389 [main] INFO  com.umr.apitesting.utils.LoggerUtil - Failed: 1
2024-11-26 16:27:52.390 [main] INFO  com.umr.apitesting.utils.LoggerUtil - Success Rate: 0.00%
2024-11-26 16:30:44.016 [main] INFO  com.umr.apitesting.utils.LoggerUtil - Loaded configuration for environment: dev
2024-11-26 16:30:44.709 [main] INFO  com.umr.apitesting.utils.LoggerUtil - Successfully initialized workbook: src/main/resources/testdata/TestSuite.xlsx
2024-11-26 16:30:44.718 [main] INFO  com.umr.apitesting.utils.LoggerUtil - Found 1 test cases to execute
2024-11-26 16:30:44.718 [main] INFO  com.umr.apitesting.utils.LoggerUtil - Executing test: TC001 - Get Posts
2024-11-26 16:30:44.759 [main] INFO  com.umr.apitesting.utils.LoggerUtil - Successfully initialized workbook: src/main/resources/testdata/TestSuite.xlsx
2024-11-26 16:30:44.772 [main] INFO  com.umr.apitesting.utils.LoggerUtil - Test Data: {TestID=TC001, Endpoint=/posts/1, Headers=Content-Type: application/json, ValidationPath=$.title, ExpectedValue=sunt aut facere, BaseURL=https://jsonplaceholder.typicode.com, Method=GET, ExpectedStatus=200.0, RequestBody=}
2024-11-26 16:30:44.773 [main] INFO  com.umr.apitesting.utils.LoggerUtil - Conteext Data: 200.0
2024-11-26 16:30:44.828 [main] INFO  com.umr.apitesting.utils.LoggerUtil - Successfully initialized workbook: src/main/resources/testdata/TestSuite.xlsx
2024-11-26 16:30:44.832 [main] INFO  com.umr.apitesting.utils.LoggerUtil - Executing test: TC001
2024-11-26 16:30:44.832 [main] INFO  com.umr.apitesting.utils.LoggerUtil - Test data: https://jsonplaceholder.typicode.com/posts/1
2024-11-26 16:30:44.832 [main] INFO  com.umr.apitesting.utils.LoggerUtil - Executing keyword: GET
2024-11-26 16:30:44.832 [main] INFO  com.umr.apitesting.utils.LoggerUtil - Current context: null
2024-11-26 16:30:44.833 [main] INFO  com.umr.apitesting.utils.LoggerUtil - Executing keyword: GET
2024-11-26 16:30:45.348 [main] INFO  com.umr.apitesting.utils.LoggerUtil - Making request to: https://jsonplaceholder.typicode.com/posts/1
2024-11-26 16:30:45.348 [main] INFO  com.umr.apitesting.utils.LoggerUtil - Headers: {Content-Type=application/json}
2024-11-26 16:30:45.395 [main] INFO  com.umr.apitesting.utils.LoggerUtil - Executing GET request to https://jsonplaceholder.typicode.com/posts/1
2024-11-26 16:30:46.427 [main] INFO  com.umr.apitesting.utils.LoggerUtil - Response Status: 200
2024-11-26 16:30:46.445 [main] INFO  com.umr.apitesting.utils.LoggerUtil - Response Status Code: 200
2024-11-26 16:30:46.445 [main] INFO  com.umr.apitesting.utils.LoggerUtil - Response Body: {
  "userId": 1,
  "id": 1,
  "title": "sunt aut facere repellat provident occaecati excepturi optio reprehenderit",
  "body": "quia et suscipit\nsuscipit recusandae consequuntur expedita et cum\nreprehenderit molestiae ut ut quas totam\nnostrum rerum est autem sunt rem eveniet architecto"
}
2024-11-26 16:30:46.445 [main] INFO  com.umr.apitesting.utils.LoggerUtil - Executing keyword: VERIFY_STATUS
2024-11-26 16:30:46.446 [main] INFO  com.umr.apitesting.utils.LoggerUtil - Current context: null
2024-11-26 16:30:46.446 [main] INFO  com.umr.apitesting.utils.LoggerUtil - Executing keyword: VERIFY_STATUS
2024-11-26 16:30:46.446 [main] INFO  com.umr.apitesting.utils.LoggerUtil - Status code validation: Expected=200, Actual=200
2024-11-26 16:30:46.446 [main] INFO  com.umr.apitesting.utils.LoggerUtil - Executing keyword: VERIFY_JSON_PATH
2024-11-26 16:30:46.446 [main] INFO  com.umr.apitesting.utils.LoggerUtil - Current context: null
2024-11-26 16:30:46.446 [main] INFO  com.umr.apitesting.utils.LoggerUtil - Executing keyword: VERIFY_JSON_PATH
2024-11-26 16:30:46.447 [main] INFO  com.umr.apitesting.utils.LoggerUtil - Validating JSON Path:
2024-11-26 16:30:46.447 [main] INFO  com.umr.apitesting.utils.LoggerUtil - Path: $.title
2024-11-26 16:30:46.447 [main] INFO  com.umr.apitesting.utils.LoggerUtil - Expected Value: sunt aut facere
2024-11-26 16:30:46.943 [main] ERROR com.umr.apitesting.utils.LoggerUtil - JSON path verification failed: Cannot invoke "Object.toString()" because the return value of "io.restassured.response.Response.path(String, String[])" is null
java.lang.NullPointerException: Cannot invoke "Object.toString()" because the return value of "io.restassured.response.Response.path(String, String[])" is null
	at com.umr.apitesting.keywords.BaseKeywords.verifyJsonPath(BaseKeywords.java:112) [classes/:?]
	at jdk.internal.reflect.DirectMethodHandleAccessor.invoke(DirectMethodHandleAccessor.java:103) ~[?:?]
	at java.lang.reflect.Method.invoke(Method.java:580) ~[?:?]
	at com.umr.apitesting.core.executor.KeywordExecutor.executeKeyword(KeywordExecutor.java:40) [classes/:?]
	at com.umr.apitesting.core.executor.TestExecutor.executeTest(TestExecutor.java:36) [classes/:?]
	at com.umr.apitesting.TestRunner.main(TestRunner.java:44) [classes/:?]
2024-11-26 16:30:46.948 [main] ERROR com.umr.apitesting.utils.LoggerUtil - Stack trace: 
java.lang.NullPointerException: Cannot invoke "Object.toString()" because the return value of "io.restassured.response.Response.path(String, String[])" is null
	at com.umr.apitesting.keywords.BaseKeywords.verifyJsonPath(BaseKeywords.java:112) [classes/:?]
	at jdk.internal.reflect.DirectMethodHandleAccessor.invoke(DirectMethodHandleAccessor.java:103) ~[?:?]
	at java.lang.reflect.Method.invoke(Method.java:580) ~[?:?]
	at com.umr.apitesting.core.executor.KeywordExecutor.executeKeyword(KeywordExecutor.java:40) [classes/:?]
	at com.umr.apitesting.core.executor.TestExecutor.executeTest(TestExecutor.java:36) [classes/:?]
	at com.umr.apitesting.TestRunner.main(TestRunner.java:44) [classes/:?]
2024-11-26 16:30:46.948 [main] ERROR com.umr.apitesting.utils.LoggerUtil - Keyword execution failed: VERIFY_JSON_PATH
2024-11-26 16:30:46.949 [main] ERROR com.umr.apitesting.utils.LoggerUtil - Test execution failed: TC001
java.lang.RuntimeException: Test failed at keyword: VERIFY_JSON_PATH
	at com.umr.apitesting.core.executor.TestExecutor.executeTest(TestExecutor.java:39) [classes/:?]
	at com.umr.apitesting.TestRunner.main(TestRunner.java:44) [classes/:?]
2024-11-26 16:30:46.949 [main] ERROR com.umr.apitesting.utils.LoggerUtil - Test TC001 FAILED
java.lang.RuntimeException: Test execution failed
	at com.umr.apitesting.core.executor.TestExecutor.executeTest(TestExecutor.java:45) ~[classes/:?]
	at com.umr.apitesting.TestRunner.main(TestRunner.java:44) [classes/:?]
Caused by: java.lang.RuntimeException: Test failed at keyword: VERIFY_JSON_PATH
	at com.umr.apitesting.core.executor.TestExecutor.executeTest(TestExecutor.java:39) ~[classes/:?]
	... 1 more
2024-11-26 16:30:46.949 [main] INFO  com.umr.apitesting.utils.LoggerUtil - 
=== Test Execution Summary ===
2024-11-26 16:30:46.949 [main] INFO  com.umr.apitesting.utils.LoggerUtil - Total Tests: 1
2024-11-26 16:30:46.950 [main] INFO  com.umr.apitesting.utils.LoggerUtil - Passed: 0
2024-11-26 16:30:46.950 [main] INFO  com.umr.apitesting.utils.LoggerUtil - Failed: 1
2024-11-26 16:30:46.950 [main] INFO  com.umr.apitesting.utils.LoggerUtil - Success Rate: 0.00%
2024-11-26 16:34:06.364 [main] INFO  com.umr.apitesting.utils.LoggerUtil - Loaded configuration for environment: dev
2024-11-26 16:34:06.995 [main] INFO  com.umr.apitesting.utils.LoggerUtil - Successfully initialized workbook: src/main/resources/testdata/TestSuite.xlsx
2024-11-26 16:34:07.005 [main] INFO  com.umr.apitesting.utils.LoggerUtil - Found 1 test cases to execute
2024-11-26 16:34:07.006 [main] INFO  com.umr.apitesting.utils.LoggerUtil - Executing test: TC001 - Get Posts
2024-11-26 16:34:07.041 [main] INFO  com.umr.apitesting.utils.LoggerUtil - Successfully initialized workbook: src/main/resources/testdata/TestSuite.xlsx
2024-11-26 16:34:07.048 [main] INFO  com.umr.apitesting.utils.LoggerUtil - Test Data: {TestID=TC001, Endpoint=/posts/1, Headers=Content-Type: application/json, ValidationPath=title, ExpectedValue=sunt aut facere, BaseURL=https://jsonplaceholder.typicode.com, Method=GET, ExpectedStatus=200.0, RequestBody=}
2024-11-26 16:34:07.048 [main] INFO  com.umr.apitesting.utils.LoggerUtil - Conteext Data: 200.0
2024-11-26 16:34:07.078 [main] INFO  com.umr.apitesting.utils.LoggerUtil - Successfully initialized workbook: src/main/resources/testdata/TestSuite.xlsx
2024-11-26 16:34:07.081 [main] INFO  com.umr.apitesting.utils.LoggerUtil - Executing test: TC001
2024-11-26 16:34:07.082 [main] INFO  com.umr.apitesting.utils.LoggerUtil - Test data: https://jsonplaceholder.typicode.com/posts/1
2024-11-26 16:34:07.082 [main] INFO  com.umr.apitesting.utils.LoggerUtil - Executing keyword: GET
2024-11-26 16:34:07.082 [main] INFO  com.umr.apitesting.utils.LoggerUtil - Current context: null
2024-11-26 16:34:07.082 [main] INFO  com.umr.apitesting.utils.LoggerUtil - Executing keyword: GET
2024-11-26 16:34:07.490 [main] INFO  com.umr.apitesting.utils.LoggerUtil - Making request to: https://jsonplaceholder.typicode.com/posts/1
2024-11-26 16:34:07.490 [main] INFO  com.umr.apitesting.utils.LoggerUtil - Headers: {Content-Type=application/json}
2024-11-26 16:34:07.527 [main] INFO  com.umr.apitesting.utils.LoggerUtil - Executing GET request to https://jsonplaceholder.typicode.com/posts/1
2024-11-26 16:34:08.502 [main] INFO  com.umr.apitesting.utils.LoggerUtil - Response Status: 200
2024-11-26 16:34:08.528 [main] INFO  com.umr.apitesting.utils.LoggerUtil - Response Status Code: 200
2024-11-26 16:34:08.528 [main] INFO  com.umr.apitesting.utils.LoggerUtil - Response Body: {
  "userId": 1,
  "id": 1,
  "title": "sunt aut facere repellat provident occaecati excepturi optio reprehenderit",
  "body": "quia et suscipit\nsuscipit recusandae consequuntur expedita et cum\nreprehenderit molestiae ut ut quas totam\nnostrum rerum est autem sunt rem eveniet architecto"
}
2024-11-26 16:34:08.529 [main] INFO  com.umr.apitesting.utils.LoggerUtil - Executing keyword: VERIFY_STATUS
2024-11-26 16:34:08.529 [main] INFO  com.umr.apitesting.utils.LoggerUtil - Current context: null
2024-11-26 16:34:08.529 [main] INFO  com.umr.apitesting.utils.LoggerUtil - Executing keyword: VERIFY_STATUS
2024-11-26 16:34:08.529 [main] INFO  com.umr.apitesting.utils.LoggerUtil - Status code validation: Expected=200, Actual=200
2024-11-26 16:34:08.529 [main] INFO  com.umr.apitesting.utils.LoggerUtil - Executing keyword: VERIFY_JSON_PATH
2024-11-26 16:34:08.529 [main] INFO  com.umr.apitesting.utils.LoggerUtil - Current context: null
2024-11-26 16:34:08.530 [main] INFO  com.umr.apitesting.utils.LoggerUtil - Executing keyword: VERIFY_JSON_PATH
2024-11-26 16:34:08.530 [main] INFO  com.umr.apitesting.utils.LoggerUtil - Validating JSON Path:
2024-11-26 16:34:08.530 [main] INFO  com.umr.apitesting.utils.LoggerUtil - Path: title
2024-11-26 16:34:08.530 [main] INFO  com.umr.apitesting.utils.LoggerUtil - Expected Value: sunt aut facere
2024-11-26 16:34:09.017 [main] INFO  com.umr.apitesting.utils.LoggerUtil - Actual value found: sunt aut facere repellat provident occaecati excepturi optio reprehenderit
2024-11-26 16:34:09.018 [main] INFO  com.umr.apitesting.utils.LoggerUtil - JSON path validation FAILED
2024-11-26 16:34:09.018 [main] INFO  com.umr.apitesting.utils.LoggerUtil - Expected: 'sunt aut facere', but got: 'sunt aut facere repellat provident occaecati excepturi optio reprehenderit'
2024-11-26 16:34:09.018 [main] ERROR com.umr.apitesting.utils.LoggerUtil - Keyword execution failed: VERIFY_JSON_PATH
2024-11-26 16:34:09.018 [main] ERROR com.umr.apitesting.utils.LoggerUtil - Test execution failed: TC001
java.lang.RuntimeException: Test failed at keyword: VERIFY_JSON_PATH
	at com.umr.apitesting.core.executor.TestExecutor.executeTest(TestExecutor.java:39) [classes/:?]
	at com.umr.apitesting.TestRunner.main(TestRunner.java:44) [classes/:?]
2024-11-26 16:34:09.030 [main] ERROR com.umr.apitesting.utils.LoggerUtil - Test TC001 FAILED
java.lang.RuntimeException: Test execution failed
	at com.umr.apitesting.core.executor.TestExecutor.executeTest(TestExecutor.java:45) ~[classes/:?]
	at com.umr.apitesting.TestRunner.main(TestRunner.java:44) [classes/:?]
Caused by: java.lang.RuntimeException: Test failed at keyword: VERIFY_JSON_PATH
	at com.umr.apitesting.core.executor.TestExecutor.executeTest(TestExecutor.java:39) ~[classes/:?]
	... 1 more
2024-11-26 16:34:09.031 [main] INFO  com.umr.apitesting.utils.LoggerUtil - 
=== Test Execution Summary ===
2024-11-26 16:34:09.031 [main] INFO  com.umr.apitesting.utils.LoggerUtil - Total Tests: 1
2024-11-26 16:34:09.031 [main] INFO  com.umr.apitesting.utils.LoggerUtil - Passed: 0
2024-11-26 16:34:09.031 [main] INFO  com.umr.apitesting.utils.LoggerUtil - Failed: 1
2024-11-26 16:34:09.032 [main] INFO  com.umr.apitesting.utils.LoggerUtil - Success Rate: 0.00%
2024-11-26 16:43:24.164 [main] INFO  com.umr.apitesting.utils.LoggerUtil - Loaded configuration for environment: dev
2024-11-26 16:43:24.671 [main] INFO  com.umr.apitesting.utils.LoggerUtil - Successfully initialized workbook: src/main/resources/testdata/TestSuite.xlsx
2024-11-26 16:43:24.680 [main] INFO  com.umr.apitesting.utils.LoggerUtil - Found 1 test cases to execute
2024-11-26 16:43:24.682 [main] INFO  com.umr.apitesting.utils.LoggerUtil - Executing test: TC001 - Get Posts
2024-11-26 16:43:24.723 [main] INFO  com.umr.apitesting.utils.LoggerUtil - Successfully initialized workbook: src/main/resources/testdata/TestSuite.xlsx
2024-11-26 16:43:24.729 [main] INFO  com.umr.apitesting.utils.LoggerUtil - Test Data: {TestID=TC001, Endpoint=/posts/1, Headers=Content-Type: application/json, ValidationPath=title, ExpectedValue=sunt aut facere, BaseURL=https://jsonplaceholder.typicode.com, Method=GET, ExpectedStatus=200.0, RequestBody=}
2024-11-26 16:43:24.730 [main] INFO  com.umr.apitesting.utils.LoggerUtil - Conteext Data: 200.0
2024-11-26 16:43:24.761 [main] INFO  com.umr.apitesting.utils.LoggerUtil - Successfully initialized workbook: src/main/resources/testdata/TestSuite.xlsx
2024-11-26 16:43:24.767 [main] INFO  com.umr.apitesting.utils.LoggerUtil - Executing test: TC001
2024-11-26 16:43:24.767 [main] INFO  com.umr.apitesting.utils.LoggerUtil - Test data: https://jsonplaceholder.typicode.com/posts/1
2024-11-26 16:43:24.768 [main] INFO  com.umr.apitesting.utils.LoggerUtil - Executing keyword: GET
2024-11-26 16:43:24.768 [main] INFO  com.umr.apitesting.utils.LoggerUtil - Current context: null
2024-11-26 16:43:24.768 [main] INFO  com.umr.apitesting.utils.LoggerUtil - Executing keyword: GET
2024-11-26 16:43:25.186 [main] INFO  com.umr.apitesting.utils.LoggerUtil - Making request to: https://jsonplaceholder.typicode.com/posts/1
2024-11-26 16:43:25.186 [main] INFO  com.umr.apitesting.utils.LoggerUtil - Headers: {Content-Type=application/json}
2024-11-26 16:43:25.224 [main] INFO  com.umr.apitesting.utils.LoggerUtil - Executing GET request to https://jsonplaceholder.typicode.com/posts/1
2024-11-26 16:43:26.156 [main] INFO  com.umr.apitesting.utils.LoggerUtil - Response Status: 200
2024-11-26 16:43:26.179 [main] INFO  com.umr.apitesting.utils.LoggerUtil - Response Status Code: 200
2024-11-26 16:43:26.179 [main] INFO  com.umr.apitesting.utils.LoggerUtil - Response Body: {
  "userId": 1,
  "id": 1,
  "title": "sunt aut facere repellat provident occaecati excepturi optio reprehenderit",
  "body": "quia et suscipit\nsuscipit recusandae consequuntur expedita et cum\nreprehenderit molestiae ut ut quas totam\nnostrum rerum est autem sunt rem eveniet architecto"
}
2024-11-26 16:43:26.179 [main] INFO  com.umr.apitesting.utils.LoggerUtil - Executing keyword: VERIFY_STATUS
2024-11-26 16:43:26.179 [main] INFO  com.umr.apitesting.utils.LoggerUtil - Current context: null
2024-11-26 16:43:26.179 [main] INFO  com.umr.apitesting.utils.LoggerUtil - Executing keyword: VERIFY_STATUS
2024-11-26 16:43:26.180 [main] INFO  com.umr.apitesting.utils.LoggerUtil - Status code validation: Expected=200, Actual=200
2024-11-26 16:43:26.180 [main] INFO  com.umr.apitesting.utils.LoggerUtil - Executing keyword: VERIFY_JSON_PATH
2024-11-26 16:43:26.180 [main] INFO  com.umr.apitesting.utils.LoggerUtil - Current context: null
2024-11-26 16:43:26.180 [main] INFO  com.umr.apitesting.utils.LoggerUtil - Executing keyword: VERIFY_JSON_PATH
2024-11-26 16:43:26.180 [main] INFO  com.umr.apitesting.utils.LoggerUtil - Validating JSON Path:
2024-11-26 16:43:26.180 [main] INFO  com.umr.apitesting.utils.LoggerUtil - Path: title
2024-11-26 16:43:26.181 [main] INFO  com.umr.apitesting.utils.LoggerUtil - Expected Value: sunt aut facere
2024-11-26 16:43:26.622 [main] INFO  com.umr.apitesting.utils.LoggerUtil - Actual value found: sunt aut facere repellat provident occaecati excepturi optio reprehenderit
2024-11-26 16:43:26.622 [main] INFO  com.umr.apitesting.utils.LoggerUtil - JSON path validation PASSED
2024-11-26 16:43:26.623 [main] INFO  com.umr.apitesting.utils.LoggerUtil - Test TC001 PASSED
2024-11-26 16:43:26.623 [main] INFO  com.umr.apitesting.utils.LoggerUtil - 
=== Test Execution Summary ===
2024-11-26 16:43:26.623 [main] INFO  com.umr.apitesting.utils.LoggerUtil - Total Tests: 1
2024-11-26 16:43:26.623 [main] INFO  com.umr.apitesting.utils.LoggerUtil - Passed: 1
2024-11-26 16:43:26.623 [main] INFO  com.umr.apitesting.utils.LoggerUtil - Failed: 0
2024-11-26 16:43:26.624 [main] INFO  com.umr.apitesting.utils.LoggerUtil - Success Rate: 100.00%
2024-11-26 16:52:37.007 [main] INFO  com.umr.apitesting.utils.LoggerUtil - Loaded configuration for environment: dev
2024-11-26 16:52:37.584 [main] INFO  com.umr.apitesting.utils.LoggerUtil - Successfully initialized workbook: src/main/resources/testdata/TestSuite.xlsx
2024-11-26 16:52:37.597 [main] INFO  com.umr.apitesting.utils.LoggerUtil - Found 1 test cases to execute
2024-11-26 16:52:37.599 [main] INFO  com.umr.apitesting.utils.LoggerUtil - Executing test: TC001 - Get Posts
2024-11-26 16:52:37.636 [main] INFO  com.umr.apitesting.utils.LoggerUtil - Successfully initialized workbook: src/main/resources/testdata/TestSuite.xlsx
2024-11-26 16:52:37.639 [main] INFO  com.umr.apitesting.utils.LoggerUtil - Test Data: {TestID=TC001, Endpoint=/posts/1, Headers=Content-Type: application/json, ValidationPath=title, ExpectedValue=sunt aut facere, BaseURL=https://jsonplaceholder.typicode.com, Method=GET, ExpectedStatus=200.0, RequestBody=}
2024-11-26 16:52:37.640 [main] INFO  com.umr.apitesting.utils.LoggerUtil - Conteext Data: 200.0
2024-11-26 16:52:37.672 [main] INFO  com.umr.apitesting.utils.LoggerUtil - Successfully initialized workbook: src/main/resources/testdata/TestSuite.xlsx
2024-11-26 16:52:37.675 [main] INFO  com.umr.apitesting.utils.LoggerUtil - Executing test: TC001
2024-11-26 16:52:37.675 [main] INFO  com.umr.apitesting.utils.LoggerUtil - Test data: https://jsonplaceholder.typicode.com/posts/1
2024-11-26 16:52:37.676 [main] INFO  com.umr.apitesting.utils.LoggerUtil - Executing keyword: GET
2024-11-26 16:52:37.676 [main] INFO  com.umr.apitesting.utils.LoggerUtil - Current context: null
2024-11-26 16:52:37.676 [main] INFO  com.umr.apitesting.utils.LoggerUtil - Executing keyword: GET
2024-11-26 16:52:38.093 [main] INFO  com.umr.apitesting.utils.LoggerUtil - Making request to: https://jsonplaceholder.typicode.com/posts/1
2024-11-26 16:52:38.094 [main] INFO  com.umr.apitesting.utils.LoggerUtil - Headers: {Content-Type=application/json}
2024-11-26 16:52:38.126 [main] INFO  com.umr.apitesting.utils.LoggerUtil - Executing GET request to https://jsonplaceholder.typicode.com/posts/1
2024-11-26 16:52:39.008 [main] INFO  com.umr.apitesting.utils.LoggerUtil - Response Status: 200
2024-11-26 16:52:39.034 [main] INFO  com.umr.apitesting.utils.LoggerUtil - Response Status Code: 200
2024-11-26 16:52:39.034 [main] INFO  com.umr.apitesting.utils.LoggerUtil - Response Body: {
  "userId": 1,
  "id": 1,
  "title": "sunt aut facere repellat provident occaecati excepturi optio reprehenderit",
  "body": "quia et suscipit\nsuscipit recusandae consequuntur expedita et cum\nreprehenderit molestiae ut ut quas totam\nnostrum rerum est autem sunt rem eveniet architecto"
}
2024-11-26 16:52:39.034 [main] INFO  com.umr.apitesting.utils.LoggerUtil - Executing keyword: VERIFY_STATUS
2024-11-26 16:52:39.034 [main] INFO  com.umr.apitesting.utils.LoggerUtil - Current context: null
2024-11-26 16:52:39.035 [main] INFO  com.umr.apitesting.utils.LoggerUtil - Executing keyword: VERIFY_STATUS
2024-11-26 16:52:39.035 [main] INFO  com.umr.apitesting.utils.LoggerUtil - Status code validation: Expected=200, Actual=200
2024-11-26 16:52:39.035 [main] INFO  com.umr.apitesting.utils.LoggerUtil - Executing keyword: VERIFY_JSON_PATH
2024-11-26 16:52:39.035 [main] INFO  com.umr.apitesting.utils.LoggerUtil - Current context: null
2024-11-26 16:52:39.035 [main] INFO  com.umr.apitesting.utils.LoggerUtil - Executing keyword: VERIFY_JSON_PATH
2024-11-26 16:52:39.035 [main] INFO  com.umr.apitesting.utils.LoggerUtil - Validating JSON Path:
2024-11-26 16:52:39.035 [main] INFO  com.umr.apitesting.utils.LoggerUtil - Path: title
2024-11-26 16:52:39.035 [main] INFO  com.umr.apitesting.utils.LoggerUtil - Expected Value: sunt aut facere
2024-11-26 16:52:39.036 [main] INFO  com.umr.apitesting.utils.LoggerUtil - Response Body: {
  "userId": 1,
  "id": 1,
  "title": "sunt aut facere repellat provident occaecati excepturi optio reprehenderit",
  "body": "quia et suscipit\nsuscipit recusandae consequuntur expedita et cum\nreprehenderit molestiae ut ut quas totam\nnostrum rerum est autem sunt rem eveniet architecto"
}
2024-11-26 16:52:39.481 [main] INFO  com.umr.apitesting.utils.LoggerUtil - Actual value found: sunt aut facere repellat provident occaecati excepturi optio reprehenderit
2024-11-26 16:52:39.481 [main] INFO  com.umr.apitesting.utils.LoggerUtil - JSON path validation PASSED
2024-11-26 16:52:39.481 [main] INFO  com.umr.apitesting.utils.LoggerUtil - Verified that 'sunt aut facere repellat provident occaecati excepturi optio reprehenderit' contains 'sunt aut facere'
2024-11-26 16:52:39.481 [main] INFO  com.umr.apitesting.utils.LoggerUtil - Test TC001 PASSED
2024-11-26 16:52:39.481 [main] INFO  com.umr.apitesting.utils.LoggerUtil - 
=== Test Execution Summary ===
2024-11-26 16:52:39.482 [main] INFO  com.umr.apitesting.utils.LoggerUtil - Total Tests: 1
2024-11-26 16:52:39.482 [main] INFO  com.umr.apitesting.utils.LoggerUtil - Passed: 1
2024-11-26 16:52:39.482 [main] INFO  com.umr.apitesting.utils.LoggerUtil - Failed: 0
2024-11-26 16:52:39.483 [main] INFO  com.umr.apitesting.utils.LoggerUtil - Success Rate: 100.00%
